#
# There is insufficient memory for the Java Runtime Environment to continue.
# Native memory allocation (malloc) failed to allocate 523792 bytes for Chunk::new
# Possible reasons:
#   The system is out of physical RAM or swap space
#   The process is running with CompressedOops enabled, and the Java Heap may be blocking the growth of the native heap
# Possible solutions:
#   Reduce memory load on the system
#   Increase physical memory or swap space
#   Check if swap backing store is full
#   Decrease Java heap size (-Xmx/-Xms)
#   Decrease number of Java threads
#   Decrease Java thread stack sizes (-Xss)
#   Set larger code cache with -XX:ReservedCodeCacheSize=
#   JVM is running with Unscaled Compressed Oops mode in which the Java heap is
#     placed in the first 4GB address space. The Java Heap base address is the
#     maximum limit for the native heap growth. Please use -XX:HeapBaseMinAddress
#     to set the Java Heap base and to place the Java Heap above 4GB virtual address.
# This output file may be truncated or incomplete.
#
#  Out of Memory Error (arena.cpp:184), pid=2352, tid=9532
#
# JRE version: Java(TM) SE Runtime Environment (19.0.1+10) (build 19.0.1+10-21)
# Java VM: Java HotSpot(TM) 64-Bit Server VM (19.0.1+10-21, mixed mode, sharing, tiered, compressed oops, compressed class ptrs, g1 gc, windows-amd64)
# No core dump will be written. Minidumps are not enabled by default on client versions of Windows
#

---------------  S U M M A R Y ------------

Command Line: -Dfile.encoding=UTF-8 -Djava.security.policy=applet.policy --module-path=C:\Users\ASUS\Documents\NetBeansProjects\JavaProject\build\classes Registration_form

Host: Intel(R) Core(TM) i5-1035G1 CPU @ 1.00GHz, 8 cores, 3G,  Windows 10 , 64 bit Build 19041 (10.0.19041.2364)
Time: Sun Dec 18 02:26:07 2022 Bangladesh Standard Time elapsed time: 1.339162 seconds (0d 0h 0m 1s)

---------------  T H R E A D  ---------------

Current thread (0x0000024d8986c050):  JavaThread "C2 CompilerThread1" daemon [_thread_in_native, id=9532, stack(0x000000e9ebf00000,0x000000e9ec000000)]


Current CompileTask:
C2:   1339 1646 %     4       sun.java2d.marlin.Renderer::_endRendering @ 1927 (2480 bytes)

Stack: [0x000000e9ebf00000,0x000000e9ec000000]
Native frames: (J=compiled Java code, j=interpreted, Vv=VM code, C=native code)
V  [jvm.dll+0x6ee8fa]
V  [jvm.dll+0x857a1e]
V  [jvm.dll+0x85940e]
V  [jvm.dll+0x859ac3]
V  [jvm.dll+0x28291f]
V  [jvm.dll+0xc9b5f]
V  [jvm.dll+0xc9ee5]
V  [jvm.dll+0x3bcbac]
V  [jvm.dll+0x1edfa5]
V  [jvm.dll+0x24c41b]
V  [jvm.dll+0x24b671]
V  [jvm.dll+0x1d6d61]
V  [jvm.dll+0x25b0fa]
V  [jvm.dll+0x259588]
V  [jvm.dll+0x807928]
V  [jvm.dll+0x8015fa]
V  [jvm.dll+0x6ed5eb]
C  [ucrtbase.dll+0x21bb2]
C  [KERNEL32.DLL+0x17614]
C  [ntdll.dll+0x526a1]


---------------  P R O C E S S  ---------------

Threads class SMR info:
_java_thread_list=0x0000024d895731b0, length=19, elements={
0x0000024d83fbb1b0, 0x0000024d83fbed60, 0x0000024d83fc03a0, 0x0000024d83fc36f0,
0x0000024d83fc2050, 0x0000024d83fcbfb0, 0x0000024d83fc9e90, 0x0000024d83fefe10,
0x0000024d83ff3c80, 0x0000024d88475fb0, 0x0000024d884bad20, 0x0000024d88584bb0,
0x0000024d886d93b0, 0x0000024d886c1b00, 0x0000024d887842d0, 0x0000024de7df73b0,
0x0000024d887f0f40, 0x0000024d895c0880, 0x0000024d8986c050
}

Java Threads: ( => current thread )
  0x0000024d83fbb1b0 JavaThread "Reference Handler" daemon [_thread_blocked, id=7516, stack(0x000000e9eaa00000,0x000000e9eab00000)]
  0x0000024d83fbed60 JavaThread "Finalizer" daemon [_thread_blocked, id=7544, stack(0x000000e9eab00000,0x000000e9eac00000)]
  0x0000024d83fc03a0 JavaThread "Signal Dispatcher" daemon [_thread_blocked, id=7592, stack(0x000000e9eac00000,0x000000e9ead00000)]
  0x0000024d83fc36f0 JavaThread "Attach Listener" daemon [_thread_blocked, id=12332, stack(0x000000e9ead00000,0x000000e9eae00000)]
  0x0000024d83fc2050 JavaThread "Service Thread" daemon [_thread_blocked, id=10040, stack(0x000000e9eae00000,0x000000e9eaf00000)]
  0x0000024d83fcbfb0 JavaThread "Monitor Deflation Thread" daemon [_thread_blocked, id=7308, stack(0x000000e9eaf00000,0x000000e9eb000000)]
  0x0000024d83fc9e90 JavaThread "C2 CompilerThread0" daemon [_thread_in_native, id=10580, stack(0x000000e9eb000000,0x000000e9eb100000)]
  0x0000024d83fefe10 JavaThread "C1 CompilerThread0" daemon [_thread_blocked, id=7896, stack(0x000000e9eb100000,0x000000e9eb200000)]
  0x0000024d83ff3c80 JavaThread "Sweeper thread" daemon [_thread_blocked, id=8848, stack(0x000000e9eb200000,0x000000e9eb300000)]
  0x0000024d88475fb0 JavaThread "Common-Cleaner" daemon [_thread_blocked, id=7580, stack(0x000000e9eb300000,0x000000e9eb400000)]
  0x0000024d884bad20 JavaThread "Notification Thread" daemon [_thread_blocked, id=12712, stack(0x000000e9eb400000,0x000000e9eb500000)]
  0x0000024d88584bb0 JavaThread "Java2D Disposer" daemon [_thread_blocked, id=8560, stack(0x000000e9eb600000,0x000000e9eb700000)]
  0x0000024d886d93b0 JavaThread "AWT-Shutdown" [_thread_blocked, id=11600, stack(0x000000e9eb700000,0x000000e9eb800000)]
  0x0000024d886c1b00 JavaThread "AWT-Windows" daemon [_thread_in_native, id=1820, stack(0x000000e9eb800000,0x000000e9eb900000)]
  0x0000024d887842d0 JavaThread "AWT-EventQueue-0" [_thread_blocked, id=9632, stack(0x000000e9eb900000,0x000000e9eba00000)]
  0x0000024de7df73b0 JavaThread "DestroyJavaVM" [_thread_blocked, id=4844, stack(0x000000e9ea300000,0x000000e9ea400000)]
  0x0000024d887f0f40 JavaThread "TimerQueue" daemon [_thread_blocked, id=7476, stack(0x000000e9ebb00000,0x000000e9ebc00000)]
  0x0000024d895c0880 JavaThread "Image Fetcher 0" daemon [_thread_blocked, id=9092, stack(0x000000e9ebc00000,0x000000e9ebd00000)]
=>0x0000024d8986c050 JavaThread "C2 CompilerThread1" daemon [_thread_in_native, id=9532, stack(0x000000e9ebf00000,0x000000e9ec000000)]

Other Threads:
  0x0000024d83fa1900 VMThread "VM Thread" [stack: 0x000000e9ea900000,0x000000e9eaa00000] [id=8076]
  0x0000024d884bb260 WatcherThread "VM Periodic Task Thread" [stack: 0x000000e9eb500000,0x000000e9eb600000] [id=8692]
  0x0000024de7e39b30 WorkerThread "GC Thread#0" [stack: 0x000000e9ea400000,0x000000e9ea500000] [id=4432]
  0x0000024de7e42490 ConcurrentGCThread "G1 Main Marker" [stack: 0x000000e9ea500000,0x000000e9ea600000] [id=10276]
  0x0000024de7e43060 WorkerThread "G1 Conc#0" [stack: 0x000000e9ea600000,0x000000e9ea700000] [id=12912]
  0x0000024de7ea88f0 ConcurrentGCThread "G1 Refine#0" [stack: 0x000000e9ea700000,0x000000e9ea800000] [id=12460]
  0x0000024de7ea9430 ConcurrentGCThread "G1 Service" [stack: 0x000000e9ea800000,0x000000e9ea900000] [id=8768]

Threads with active compile tasks:
C2 CompilerThread0     1358 1742 %     4       sun.java2d.marlin.MarlinTileGenerator::getAlphaRLE @ 1106 (1749 bytes)
C2 CompilerThread1     1358 1646 %     4       sun.java2d.marlin.Renderer::_endRendering @ 1927 (2480 bytes)

VM state: not at safepoint (normal execution)

VM Mutex/Monitor currently owned by a thread: None

Heap address: 0x00000000c3000000, size: 976 MB, Compressed Oops mode: 32-bit

CDS archive(s) mapped at: [0x0000000800000000-0x0000000800c40000-0x0000000800c40000), size 12845056, SharedBaseAddress: 0x0000000800000000, ArchiveRelocationMode: 0.
Compressed class space mapped at: 0x0000000801000000-0x0000000841000000, reserved size: 1073741824
Narrow klass base: 0x0000000800000000, Narrow klass shift: 0, Narrow klass range: 0x100000000

GC Precious Log:
 CardTable entry size: 512
 Card Set container configuration: InlinePtr #cards 5 size 8 Array Of Cards #cards 12 size 40 Howl #buckets 4 coarsen threshold 1843 Howl Bitmap #cards 512 size 80 coarsen threshold 460 Card regions per heap region 1 cards per card region 2048
 CPUs: 8 total, 8 available
 Memory: 3901M
 Large Page Support: Disabled
 NUMA Support: Disabled
 Compressed Oops: Enabled (32-bit)
 Heap Region Size: 1M
 Heap Min Capacity: 8M
 Heap Initial Capacity: 62M
 Heap Max Capacity: 976M
 Pre-touch: Disabled
 Parallel Workers: 8
 Concurrent Workers: 2
 Concurrent Refinement Workers: 8
 Periodic GC: Disabled

Heap:
 garbage-first heap   total 63488K, used 18432K [0x00000000c3000000, 0x0000000100000000)
  region size 1024K, 17 young (17408K), 0 survivors (0K)
 Metaspace       used 13649K, committed 13888K, reserved 1114112K
  class space    used 1557K, committed 1664K, reserved 1048576K

Heap Regions: E=young(eden), S=young(survivor), O=old, HS=humongous(starts), HC=humongous(continues), CS=collection set, F=free, OA=open archive, CA=closed archive, TAMS=top-at-mark-start (previous, next)
|   0|0x00000000c3000000, 0x00000000c3100000, 0x00000000c3100000|100%|HS|  |TAMS 0x00000000c3000000, 0x00000000c3000000| Complete 
|   1|0x00000000c3100000, 0x00000000c3200000, 0x00000000c3200000|100%|HC|  |TAMS 0x00000000c3100000, 0x00000000c3100000| Complete 
|   2|0x00000000c3200000, 0x00000000c3300000, 0x00000000c3300000|100%|HC|  |TAMS 0x00000000c3200000, 0x00000000c3200000| Complete 
|   3|0x00000000c3300000, 0x00000000c3300000, 0x00000000c3400000|  0%| F|  |TAMS 0x00000000c3300000, 0x00000000c3300000| Untracked 
|   4|0x00000000c3400000, 0x00000000c3400000, 0x00000000c3500000|  0%| F|  |TAMS 0x00000000c3400000, 0x00000000c3400000| Untracked 
|   5|0x00000000c3500000, 0x00000000c3500000, 0x00000000c3600000|  0%| F|  |TAMS 0x00000000c3500000, 0x00000000c3500000| Untracked 
|   6|0x00000000c3600000, 0x00000000c3600000, 0x00000000c3700000|  0%| F|  |TAMS 0x00000000c3600000, 0x00000000c3600000| Untracked 
|   7|0x00000000c3700000, 0x00000000c3700000, 0x00000000c3800000|  0%| F|  |TAMS 0x00000000c3700000, 0x00000000c3700000| Untracked 
|   8|0x00000000c3800000, 0x00000000c3800000, 0x00000000c3900000|  0%| F|  |TAMS 0x00000000c3800000, 0x00000000c3800000| Untracked 
|   9|0x00000000c3900000, 0x00000000c3900000, 0x00000000c3a00000|  0%| F|  |TAMS 0x00000000c3900000, 0x00000000c3900000| Untracked 
|  10|0x00000000c3a00000, 0x00000000c3a00000, 0x00000000c3b00000|  0%| F|  |TAMS 0x00000000c3a00000, 0x00000000c3a00000| Untracked 
|  11|0x00000000c3b00000, 0x00000000c3b00000, 0x00000000c3c00000|  0%| F|  |TAMS 0x00000000c3b00000, 0x00000000c3b00000| Untracked 
|  12|0x00000000c3c00000, 0x00000000c3c00000, 0x00000000c3d00000|  0%| F|  |TAMS 0x00000000c3c00000, 0x00000000c3c00000| Untracked 
|  13|0x00000000c3d00000, 0x00000000c3d00000, 0x00000000c3e00000|  0%| F|  |TAMS 0x00000000c3d00000, 0x00000000c3d00000| Untracked 
|  14|0x00000000c3e00000, 0x00000000c3e00000, 0x00000000c3f00000|  0%| F|  |TAMS 0x00000000c3e00000, 0x00000000c3e00000| Untracked 
|  15|0x00000000c3f00000, 0x00000000c3f00000, 0x00000000c4000000|  0%| F|  |TAMS 0x00000000c3f00000, 0x00000000c3f00000| Untracked 
|  16|0x00000000c4000000, 0x00000000c4000000, 0x00000000c4100000|  0%| F|  |TAMS 0x00000000c4000000, 0x00000000c4000000| Untracked 
|  17|0x00000000c4100000, 0x00000000c4100000, 0x00000000c4200000|  0%| F|  |TAMS 0x00000000c4100000, 0x00000000c4100000| Untracked 
|  18|0x00000000c4200000, 0x00000000c4200000, 0x00000000c4300000|  0%| F|  |TAMS 0x00000000c4200000, 0x00000000c4200000| Untracked 
|  19|0x00000000c4300000, 0x00000000c4300000, 0x00000000c4400000|  0%| F|  |TAMS 0x00000000c4300000, 0x00000000c4300000| Untracked 
|  20|0x00000000c4400000, 0x00000000c4400000, 0x00000000c4500000|  0%| F|  |TAMS 0x00000000c4400000, 0x00000000c4400000| Untracked 
|  21|0x00000000c4500000, 0x00000000c4500000, 0x00000000c4600000|  0%| F|  |TAMS 0x00000000c4500000, 0x00000000c4500000| Untracked 
|  22|0x00000000c4600000, 0x00000000c4600000, 0x00000000c4700000|  0%| F|  |TAMS 0x00000000c4600000, 0x00000000c4600000| Untracked 
|  23|0x00000000c4700000, 0x00000000c4700000, 0x00000000c4800000|  0%| F|  |TAMS 0x00000000c4700000, 0x00000000c4700000| Untracked 
|  24|0x00000000c4800000, 0x00000000c4800000, 0x00000000c4900000|  0%| F|  |TAMS 0x00000000c4800000, 0x00000000c4800000| Untracked 
|  25|0x00000000c4900000, 0x00000000c4900000, 0x00000000c4a00000|  0%| F|  |TAMS 0x00000000c4900000, 0x00000000c4900000| Untracked 
|  26|0x00000000c4a00000, 0x00000000c4a00000, 0x00000000c4b00000|  0%| F|  |TAMS 0x00000000c4a00000, 0x00000000c4a00000| Untracked 
|  27|0x00000000c4b00000, 0x00000000c4b00000, 0x00000000c4c00000|  0%| F|  |TAMS 0x00000000c4b00000, 0x00000000c4b00000| Untracked 
|  28|0x00000000c4c00000, 0x00000000c4c00000, 0x00000000c4d00000|  0%| F|  |TAMS 0x00000000c4c00000, 0x00000000c4c00000| Untracked 
|  29|0x00000000c4d00000, 0x00000000c4d00000, 0x00000000c4e00000|  0%| F|  |TAMS 0x00000000c4d00000, 0x00000000c4d00000| Untracked 
|  30|0x00000000c4e00000, 0x00000000c4e00000, 0x00000000c4f00000|  0%| F|  |TAMS 0x00000000c4e00000, 0x00000000c4e00000| Untracked 
|  31|0x00000000c4f00000, 0x00000000c4f00000, 0x00000000c5000000|  0%| F|  |TAMS 0x00000000c4f00000, 0x00000000c4f00000| Untracked 
|  32|0x00000000c5000000, 0x00000000c5000000, 0x00000000c5100000|  0%| F|  |TAMS 0x00000000c5000000, 0x00000000c5000000| Untracked 
|  33|0x00000000c5100000, 0x00000000c5100000, 0x00000000c5200000|  0%| F|  |TAMS 0x00000000c5100000, 0x00000000c5100000| Untracked 
|  34|0x00000000c5200000, 0x00000000c5200000, 0x00000000c5300000|  0%| F|  |TAMS 0x00000000c5200000, 0x00000000c5200000| Untracked 
|  35|0x00000000c5300000, 0x00000000c5300000, 0x00000000c5400000|  0%| F|  |TAMS 0x00000000c5300000, 0x00000000c5300000| Untracked 
|  36|0x00000000c5400000, 0x00000000c5400000, 0x00000000c5500000|  0%| F|  |TAMS 0x00000000c5400000, 0x00000000c5400000| Untracked 
|  37|0x00000000c5500000, 0x00000000c5500000, 0x00000000c5600000|  0%| F|  |TAMS 0x00000000c5500000, 0x00000000c5500000| Untracked 
|  38|0x00000000c5600000, 0x00000000c5600000, 0x00000000c5700000|  0%| F|  |TAMS 0x00000000c5600000, 0x00000000c5600000| Untracked 
|  39|0x00000000c5700000, 0x00000000c5700000, 0x00000000c5800000|  0%| F|  |TAMS 0x00000000c5700000, 0x00000000c5700000| Untracked 
|  40|0x00000000c5800000, 0x00000000c5800000, 0x00000000c5900000|  0%| F|  |TAMS 0x00000000c5800000, 0x00000000c5800000| Untracked 
|  41|0x00000000c5900000, 0x00000000c5900000, 0x00000000c5a00000|  0%| F|  |TAMS 0x00000000c5900000, 0x00000000c5900000| Untracked 
|  42|0x00000000c5a00000, 0x00000000c5a00000, 0x00000000c5b00000|  0%| F|  |TAMS 0x00000000c5a00000, 0x00000000c5a00000| Untracked 
|  43|0x00000000c5b00000, 0x00000000c5b00000, 0x00000000c5c00000|  0%| F|  |TAMS 0x00000000c5b00000, 0x00000000c5b00000| Untracked 
|  44|0x00000000c5c00000, 0x00000000c5c00000, 0x00000000c5d00000|  0%| F|  |TAMS 0x00000000c5c00000, 0x00000000c5c00000| Untracked 
|  45|0x00000000c5d00000, 0x00000000c5df0038, 0x00000000c5e00000| 93%| E|  |TAMS 0x00000000c5d00000, 0x00000000c5d00000| Complete 
|  46|0x00000000c5e00000, 0x00000000c5f00000, 0x00000000c5f00000|100%| E|CS|TAMS 0x00000000c5e00000, 0x00000000c5e00000| Complete 
|  47|0x00000000c5f00000, 0x00000000c6000000, 0x00000000c6000000|100%| E|CS|TAMS 0x00000000c5f00000, 0x00000000c5f00000| Complete 
|  48|0x00000000c6000000, 0x00000000c6100000, 0x00000000c6100000|100%| E|  |TAMS 0x00000000c6000000, 0x00000000c6000000| Complete 
|  49|0x00000000c6100000, 0x00000000c6200000, 0x00000000c6200000|100%| E|CS|TAMS 0x00000000c6100000, 0x00000000c6100000| Complete 
|  50|0x00000000c6200000, 0x00000000c6300000, 0x00000000c6300000|100%| E|CS|TAMS 0x00000000c6200000, 0x00000000c6200000| Complete 
|  51|0x00000000c6300000, 0x00000000c6400000, 0x00000000c6400000|100%| E|CS|TAMS 0x00000000c6300000, 0x00000000c6300000| Complete 
|  52|0x00000000c6400000, 0x00000000c6500000, 0x00000000c6500000|100%| E|CS|TAMS 0x00000000c6400000, 0x00000000c6400000| Complete 
|  53|0x00000000c6500000, 0x00000000c6600000, 0x00000000c6600000|100%| E|CS|TAMS 0x00000000c6500000, 0x00000000c6500000| Complete 
|  54|0x00000000c6600000, 0x00000000c6700000, 0x00000000c6700000|100%| E|CS|TAMS 0x00000000c6600000, 0x00000000c6600000| Complete 
|  55|0x00000000c6700000, 0x00000000c6800000, 0x00000000c6800000|100%| E|CS|TAMS 0x00000000c6700000, 0x00000000c6700000| Complete 
|  56|0x00000000c6800000, 0x00000000c6900000, 0x00000000c6900000|100%| E|CS|TAMS 0x00000000c6800000, 0x00000000c6800000| Complete 
|  57|0x00000000c6900000, 0x00000000c6a00000, 0x00000000c6a00000|100%| E|CS|TAMS 0x00000000c6900000, 0x00000000c6900000| Complete 
|  58|0x00000000c6a00000, 0x00000000c6b00000, 0x00000000c6b00000|100%| E|CS|TAMS 0x00000000c6a00000, 0x00000000c6a00000| Complete 
|  59|0x00000000c6b00000, 0x00000000c6c00000, 0x00000000c6c00000|100%| E|CS|TAMS 0x00000000c6b00000, 0x00000000c6b00000| Complete 
|  60|0x00000000c6c00000, 0x00000000c6d00000, 0x00000000c6d00000|100%| E|CS|TAMS 0x00000000c6c00000, 0x00000000c6c00000| Complete 
|  61|0x00000000c6d00000, 0x00000000c6e00000, 0x00000000c6e00000|100%| E|CS|TAMS 0x00000000c6d00000, 0x00000000c6d00000| Complete 

Card table byte_map: [0x0000024dff290000,0x0000024dff480000] _byte_map_base: 0x0000024dfec78000

Marking Bits (Prev, Next): (CMBitMap*) 0x0000024de7e3a160, (CMBitMap*) 0x0000024de7e3a1a0
 Prev Bits: [0x0000024d80000000, 0x0000024d80f40000)
 Next Bits: [0x0000024d80f40000, 0x0000024d81e80000)

Polling page: 0x0000024de5c20000

Metaspace:

Usage:
  Non-class:     11.81 MB used.
      Class:      1.52 MB used.
       Both:     13.33 MB used.

Virtual space:
  Non-class space:       64.00 MB reserved,      11.94 MB ( 19%) committed,  1 nodes.
      Class space:        1.00 GB reserved,       1.62 MB ( <1%) committed,  1 nodes.
             Both:        1.06 GB reserved,      13.56 MB (  1%) committed. 

Chunk freelists:
   Non-Class:  0 bytes
       Class:  2.22 MB
        Both:  2.22 MB

MaxMetaspaceSize: unlimited
CompressedClassSpaceSize: 1.00 GB
Initial GC threshold: 21.00 MB
Current GC threshold: 21.00 MB
CDS: on
MetaspaceReclaimPolicy: balanced
 - commit_granule_bytes: 65536.
 - commit_granule_words: 8192.
 - virtual_space_node_default_size: 8388608.
 - enlarge_chunks_in_place: 1.
 - new_chunks_are_fully_committed: 0.
 - uncommit_free_chunks: 1.
 - use_allocation_guard: 0.


Internal statistics:

num_allocs_failed_limit: 0.
num_arena_births: 192.
num_arena_deaths: 0.
num_vsnodes_births: 2.
num_vsnodes_deaths: 0.
num_space_committed: 217.
num_space_uncommitted: 0.
num_chunks_returned_to_freelist: 0.
num_chunks_taken_from_freelist: 273.
num_chunk_merges: 0.
num_chunk_splits: 175.
num_chunks_enlarged: 113.
num_inconsistent_stats: 0.

CodeHeap 'non-profiled nmethods': size=120000Kb used=560Kb max_used=560Kb free=119439Kb
 bounds [0x0000024df7840000, 0x0000024df7ab0000, 0x0000024dfed70000]
CodeHeap 'profiled nmethods': size=120000Kb used=3115Kb max_used=3115Kb free=116884Kb
 bounds [0x0000024defd70000, 0x0000024df0080000, 0x0000024df72a0000]
CodeHeap 'non-nmethods': size=5760Kb used=1449Kb max_used=1468Kb free=4310Kb
 bounds [0x0000024df72a0000, 0x0000024df7510000, 0x0000024df7840000]
 total_blobs=2462 nmethods=1761 adapters=611
 compilation: enabled
              stopped_count=0, restarted_count=0
 full_count=0

Compilation events (20 events):
Event: 1.322 Thread 0x0000024d83fefe10 nmethod 1734 0x0000024df0062790 code [0x0000024df0062940, 0x0000024df0062ae8]
Event: 1.322 Thread 0x0000024d83fefe10 1732       1       java.awt.geom.Point2D$Double::getX (5 bytes)
Event: 1.322 Thread 0x0000024d83fefe10 nmethod 1732 0x0000024df78c7a90 code [0x0000024df78c7c20, 0x0000024df78c7cf8]
Event: 1.322 Thread 0x0000024d83fefe10 1733       1       java.awt.geom.Point2D$Double::getY (5 bytes)
Event: 1.322 Thread 0x0000024d83fefe10 nmethod 1733 0x0000024df78c7d90 code [0x0000024df78c7f20, 0x0000024df78c7ff8]
Event: 1.322 Thread 0x0000024d83fefe10 1736       3       sun.java2d.pipe.Region::dimAdd (20 bytes)
Event: 1.322 Thread 0x0000024d83fefe10 nmethod 1736 0x0000024df0062b90 code [0x0000024df0062d40, 0x0000024df0062ef8]
Event: 1.322 Thread 0x0000024d83fefe10 1738       3       javax.swing.JComponent::getX (5 bytes)
Event: 1.323 Thread 0x0000024d83fefe10 nmethod 1738 0x0000024df0062f90 code [0x0000024df0063120, 0x0000024df0063238]
Event: 1.323 Thread 0x0000024d83fefe10 1739       3       javax.swing.JComponent::getY (5 bytes)
Event: 1.323 Thread 0x0000024d83fefe10 nmethod 1739 0x0000024df0063310 code [0x0000024df00634a0, 0x0000024df00635b8]
Event: 1.323 Thread 0x0000024d83fefe10 1737       3       sun.java2d.SunGraphics2D::invalidateTransform (226 bytes)
Event: 1.323 Thread 0x0000024d83fefe10 nmethod 1737 0x0000024df0063690 code [0x0000024df00638e0, 0x0000024df0064208]
Event: 1.323 Thread 0x0000024d83fefe10 1740       3       sun.java2d.marlin.TransformingPathConsumer2D$PathClipFilter::lineTo (208 bytes)
Event: 1.324 Thread 0x0000024d83fc9e90 nmethod 1643% 0x0000024df78c8090 code [0x0000024df78c82a0, 0x0000024df78c9988]
Event: 1.324 Thread 0x0000024d83fc9e90 1681 %     4       java.awt.LinearGradientPaintContext::fillRaster @ 50 (97 bytes)
Event: 1.324 Thread 0x0000024d83fefe10 nmethod 1740 0x0000024df0064490 code [0x0000024df00646a0, 0x0000024df0064c98]
Event: 1.324 Thread 0x0000024d83fefe10 1741       3       sun.java2d.SurfaceData::validatePipe (785 bytes)
Event: 1.326 Thread 0x0000024d83fefe10 nmethod 1741 0x0000024df0064e90 code [0x0000024df0065320, 0x0000024df0068368]
Event: 1.327 Thread 0x0000024d83fefe10 1743       3       sun.java2d.SunGraphics2D::dispose (12 bytes)

GC Heap History (0 events):
No events

Dll operation events (11 events):
Event: 0.005 Loaded shared library C:\Program Files\Java\jdk-19\bin\java.dll
Event: 0.014 Loaded shared library C:\Program Files\Java\jdk-19\bin\jsvml.dll
Event: 0.057 Loaded shared library C:\Program Files\Java\jdk-19\bin\net.dll
Event: 0.059 Loaded shared library C:\Program Files\Java\jdk-19\bin\nio.dll
Event: 0.080 Loaded shared library C:\Program Files\Java\jdk-19\bin\zip.dll
Event: 0.095 Loaded shared library C:\Program Files\Java\jdk-19\bin\jimage.dll
Event: 0.107 Loaded shared library C:\Program Files\Java\jdk-19\bin\awt.dll
Event: 0.221 Loaded shared library C:\Program Files\Java\jdk-19\bin\freetype.dll
Event: 0.222 Loaded shared library C:\Program Files\Java\jdk-19\bin\fontmanager.dll
Event: 0.358 Loaded shared library C:\Program Files\Java\jdk-19\bin\verify.dll
Event: 1.146 Loaded shared library C:\Users\ASUS\AppData\Local\Temp\sqlite-3.20.1-fdda5667-8fbd-4757-9a47-efc2a115cb6f-sqlitejdbc.dll

Deoptimization events (20 events):
Event: 1.263 Thread 0x0000024d887842d0 DEOPT PACKING pc=0x0000024df78babe8 sp=0x000000e9eb9fcd20
Event: 1.263 Thread 0x0000024d887842d0 DEOPT UNPACKING pc=0x0000024df730a5a3 sp=0x000000e9eb9fcc98 mode 2
Event: 1.264 Thread 0x0000024d887842d0 Uncommon trap: trap_request=0xffffffbe fr.pc=0x0000024df78babe8 relative=0x0000000000000508
Event: 1.264 Thread 0x0000024d887842d0 Uncommon trap: reason=profile_predicate action=maybe_recompile pc=0x0000024df78babe8 method=java.awt.LinearGradientPaintContext.fillRaster([IIIIIII)V @ 53 c2
Event: 1.264 Thread 0x0000024d887842d0 DEOPT PACKING pc=0x0000024df78babe8 sp=0x000000e9eb9fcd20
Event: 1.264 Thread 0x0000024d887842d0 DEOPT UNPACKING pc=0x0000024df730a5a3 sp=0x000000e9eb9fcc98 mode 2
Event: 1.264 Thread 0x0000024d887842d0 DEOPT PACKING pc=0x0000024defffa246 sp=0x000000e9eb9fcd80
Event: 1.264 Thread 0x0000024d887842d0 DEOPT UNPACKING pc=0x0000024df730b0e3 sp=0x000000e9eb9fc230 mode 0
Event: 1.265 Thread 0x0000024d887842d0 DEOPT PACKING pc=0x0000024defffa246 sp=0x000000e9eb9fcd80
Event: 1.266 Thread 0x0000024d887842d0 DEOPT UNPACKING pc=0x0000024df730b0e3 sp=0x000000e9eb9fc230 mode 0
Event: 1.298 Thread 0x0000024d887842d0 Uncommon trap: trap_request=0xffffff45 fr.pc=0x0000024df7889fe0 relative=0x0000000000000140
Event: 1.298 Thread 0x0000024d887842d0 Uncommon trap: reason=unstable_if action=reinterpret pc=0x0000024df7889fe0 method=java.util.concurrent.locks.ReentrantLock$NonfairSync.initialTryLock()Z @ 10 c2
Event: 1.298 Thread 0x0000024d887842d0 DEOPT PACKING pc=0x0000024df7889fe0 sp=0x000000e9eb9fed30
Event: 1.298 Thread 0x0000024d887842d0 DEOPT UNPACKING pc=0x0000024df730a5a3 sp=0x000000e9eb9fec20 mode 2
Event: 1.307 Thread 0x0000024d887842d0 DEOPT PACKING pc=0x0000024df00362f7 sp=0x000000e9eb9fdb40
Event: 1.307 Thread 0x0000024d887842d0 DEOPT UNPACKING pc=0x0000024df730b0e3 sp=0x000000e9eb9fcf60 mode 0
Event: 1.316 Thread 0x0000024d887842d0 DEOPT PACKING pc=0x0000024df0014789 sp=0x000000e9eb9fd8a0
Event: 1.316 Thread 0x0000024d887842d0 DEOPT UNPACKING pc=0x0000024df730b0e3 sp=0x000000e9eb9fcc28 mode 0
Event: 1.322 Thread 0x0000024d887842d0 DEOPT PACKING pc=0x0000024defffff42 sp=0x000000e9eb9fd5c0
Event: 1.322 Thread 0x0000024d887842d0 DEOPT UNPACKING pc=0x0000024df730b0e3 sp=0x000000e9eb9fca50 mode 0

Classes loaded (20 events):
Event: 1.279 Loading class sun/font/SunFontManager$3
Event: 1.279 Loading class sun/font/SunFontManager$3 done
Event: 1.298 Loading class javax/swing/event/AncestorEvent
Event: 1.298 Loading class javax/swing/event/AncestorEvent done
Event: 1.299 Loading class java/awt/DefaultKeyboardFocusManager$DefaultKeyboardFocusManagerSentEvent
Event: 1.299 Loading class java/awt/SentEvent
Event: 1.299 Loading class java/awt/SentEvent done
Event: 1.299 Loading class java/awt/DefaultKeyboardFocusManager$DefaultKeyboardFocusManagerSentEvent done
Event: 1.300 Loading class java/util/ArrayList$ListItr
Event: 1.300 Loading class java/util/ArrayList$ListItr done
Event: 1.300 Loading class java/awt/event/FocusEvent$Cause
Event: 1.301 Loading class java/awt/event/FocusEvent$Cause done
Event: 1.301 Loading class sun/awt/KeyboardFocusManagerPeerImpl$KfmAccessor
Event: 1.301 Loading class sun/awt/KeyboardFocusManagerPeerImpl$KfmAccessor done
Event: 1.301 Loading class java/awt/KeyboardFocusManager$HeavyweightFocusRequest
Event: 1.301 Loading class java/awt/KeyboardFocusManager$HeavyweightFocusRequest done
Event: 1.301 Loading class java/awt/DefaultKeyboardFocusManager$TypeAheadMarker
Event: 1.301 Loading class java/awt/DefaultKeyboardFocusManager$TypeAheadMarker done
Event: 1.301 Loading class java/awt/KeyboardFocusManager$LightweightFocusRequest
Event: 1.301 Loading class java/awt/KeyboardFocusManager$LightweightFocusRequest done

Classes unloaded (0 events):
No events

Classes redefined (0 events):
No events

Internal exceptions (20 events):
Event: 0.252 Thread 0x0000024de7df73b0 Exception <a 'java/lang/ClassNotFoundException'{0x00000000c68983e0}: javax/swing/JTreeCell> (0x00000000c68983e0) 
thrown [s\open\src\hotspot\share\classfile\systemDictionary.cpp, line 255]
Event: 0.252 Thread 0x0000024de7df73b0 Exception <a 'java/lang/ClassNotFoundException'{0x00000000c68986e8}: TreeCell> (0x00000000c68986e8) 
thrown [s\open\src\hotspot\share\classfile\systemDictionary.cpp, line 255]
Event: 0.253 Thread 0x0000024de7df73b0 Exception <a 'java/lang/ClassNotFoundException'{0x00000000c6898ea0}: RootPane> (0x00000000c6898ea0) 
thrown [s\open\src\hotspot\share\classfile\systemDictionary.cpp, line 255]
Event: 0.254 Thread 0x0000024de7df73b0 Exception <a 'java/lang/ClassNotFoundException'{0x00000000c689bc48}: com/sun/swing/internal/plaf/metal/resources/spi/metalProvider> (0x00000000c689bc48) 
thrown [s\open\src\hotspot\share\classfile\systemDictionary.cpp, line 255]
Event: 0.255 Thread 0x0000024de7df73b0 Exception <a 'java/lang/ClassNotFoundException'{0x00000000c689f968}: com/sun/swing/internal/plaf/basic/resources/spi/basicProvider> (0x00000000c689f968) 
thrown [s\open\src\hotspot\share\classfile\systemDictionary.cpp, line 255]
Event: 0.276 Thread 0x0000024d887842d0 Exception <a 'java/lang/ClassNotFoundException'{0x00000000c67017e8}: com/sun/swing/internal/plaf/synth/resources/spi/synthProvider> (0x00000000c67017e8) 
thrown [s\open\src\hotspot\share\classfile\systemDictionary.cpp, line 255]
Event: 0.297 Thread 0x0000024d887842d0 Exception <a 'java/lang/NoSuchMethodError'{0x00000000c6745030}: 'int java.lang.invoke.Invokers$Holder.invokeExact_MT(java.lang.Object, java.lang.Object)'> (0x00000000c6745030) 
thrown [s\open\src\hotspot\share\interpreter\linkResolver.cpp, line 774]
Event: 0.308 Thread 0x0000024d887842d0 Exception <a 'java/lang/NoSuchMethodError'{0x00000000c67519d0}: 'java.lang.Object java.lang.invoke.DirectMethodHandle$Holder.newInvokeSpecial(java.lang.Object, java.lang.Object, int)'> (0x00000000c67519d0) 
thrown [s\open\src\hotspot\share\interpreter\linkResolver.cpp, line 774]
Event: 0.309 Thread 0x0000024d887842d0 Exception <a 'java/lang/NoSuchMethodError'{0x00000000c6756c18}: 'int java.lang.invoke.DirectMethodHandle$Holder.invokeSpecial(java.lang.Object, java.lang.Object, java.lang.Object, int)'> (0x00000000c6756c18) 
thrown [s\open\src\hotspot\share\interpreter\linkResolver.cpp, line 774]
Event: 0.310 Thread 0x0000024d887842d0 Exception <a 'java/lang/NoSuchMethodError'{0x00000000c6769518}: 'java.lang.Object java.lang.invoke.DirectMethodHandle$Holder.invokeStatic(java.lang.Object, java.lang.Object, java.lang.Object, java.lang.Object, int)'> (0x00000000c6769518) 
thrown [s\open\src\hotspot\share\interpreter\linkResolver.cpp, line 774]
Event: 0.311 Thread 0x0000024d887842d0 Exception <a 'java/lang/NoSuchMethodError'{0x00000000c6775520}: 'int java.lang.invoke.DirectMethodHandle$Holder.invokeSpecial(java.lang.Object, java.lang.Object, java.lang.Object)'> (0x00000000c6775520) 
thrown [s\open\src\hotspot\share\interpreter\linkResolver.cpp, line 774]
Event: 0.687 Thread 0x0000024d895c0880 Exception <a 'java/lang/NoSuchMethodError'{0x00000000c6213a50}: 'java.lang.Object java.lang.invoke.DirectMethodHandle$Holder.newInvokeSpecial(java.lang.Object, java.lang.Object, java.lang.Object, int, int, int, int, int)'> (0x00000000c6213a50) 
thrown [s\open\src\hotspot\share\interpreter\linkResolver.cpp, line 774]
Event: 0.749 Thread 0x0000024d886c1b00 Exception <a 'java/lang/NoSuchMethodError'{0x00000000c690f6f8}: 'void java.lang.invoke.DirectMethodHandle$Holder.invokeVirtual(java.lang.Object, java.lang.Object)'> (0x00000000c690f6f8) 
thrown [s\open\src\hotspot\share\interpreter\linkResolver.cpp, line 774]
Event: 0.774 Thread 0x0000024d887842d0 Exception <a 'java/lang/NoSuchMethodError'{0x00000000c62a5840}: 'void java.lang.invoke.DirectMethodHandle$Holder.invokeStaticInit(java.lang.Object)'> (0x00000000c62a5840) 
thrown [s\open\src\hotspot\share\interpreter\linkResolver.cpp, line 774]
Event: 0.969 Thread 0x0000024d887842d0 Exception <a 'java/lang/NoSuchMethodError'{0x00000000c604ac08}: 'java.lang.Object java.lang.invoke.DirectMethodHandle$Holder.invokeStaticInit(java.lang.Object, int, int, int, int)'> (0x00000000c604ac08) 
thrown [s\open\src\hotspot\share\interpreter\linkResolver.cpp, line 774]
Event: 1.056 Thread 0x0000024d887842d0 Exception <a 'java/lang/NoSuchMethodError'{0x00000000c607d2f0}: 'java.lang.Object java.lang.invoke.DirectMethodHandle$Holder.invokeStaticInit(java.lang.Object, java.lang.Object, int, int, int, int)'> (0x00000000c607d2f0) 
thrown [s\open\src\hotspot\share\interpreter\linkResolver.cpp, line 774]
Event: 1.263 Thread 0x0000024d887842d0 Implicit null exception at 0x0000024df78ba7ac to 0x0000024df78babaf
Event: 1.263 Thread 0x0000024d887842d0 Implicit null exception at 0x0000024df78ba7ac to 0x0000024df78babaf
Event: 1.263 Thread 0x0000024d887842d0 Implicit null exception at 0x0000024df78ba7ac to 0x0000024df78babaf
Event: 1.264 Thread 0x0000024d887842d0 Implicit null exception at 0x0000024df78ba7ac to 0x0000024df78babaf

VM Operations (20 events):
Event: 0.320 Executing VM operation: HandshakeAllThreads
Event: 0.320 Executing VM operation: HandshakeAllThreads done
Event: 0.407 Executing VM operation: HandshakeAllThreads
Event: 0.407 Executing VM operation: HandshakeAllThreads done
Event: 0.507 Executing VM operation: ICBufferFull
Event: 0.507 Executing VM operation: ICBufferFull done
Event: 0.733 Executing VM operation: HandshakeAllThreads
Event: 0.733 Executing VM operation: HandshakeAllThreads done
Event: 0.759 Executing VM operation: HandshakeAllThreads
Event: 0.759 Executing VM operation: HandshakeAllThreads done
Event: 0.986 Executing VM operation: HandshakeAllThreads
Event: 0.986 Executing VM operation: HandshakeAllThreads done
Event: 1.190 Executing VM operation: HandshakeAllThreads
Event: 1.191 Executing VM operation: HandshakeAllThreads done
Event: 1.202 Executing VM operation: HandshakeAllThreads
Event: 1.202 Executing VM operation: HandshakeAllThreads done
Event: 1.286 Executing VM operation: ICBufferFull
Event: 1.286 Executing VM operation: ICBufferFull done
Event: 1.300 Executing VM operation: HandshakeAllThreads
Event: 1.300 Executing VM operation: HandshakeAllThreads done

Events (20 events):
Event: 0.026 Thread 0x0000024d83fc03a0 Thread added: 0x0000024d83fc03a0
Event: 0.027 Thread 0x0000024d83fc36f0 Thread added: 0x0000024d83fc36f0
Event: 0.027 Thread 0x0000024d83fc2050 Thread added: 0x0000024d83fc2050
Event: 0.027 Thread 0x0000024d83fcbfb0 Thread added: 0x0000024d83fcbfb0
Event: 0.027 Thread 0x0000024d83fc9e90 Thread added: 0x0000024d83fc9e90
Event: 0.027 Thread 0x0000024d83fefe10 Thread added: 0x0000024d83fefe10
Event: 0.027 Thread 0x0000024d83ff3c80 Thread added: 0x0000024d83ff3c80
Event: 0.045 Thread 0x0000024d88475fb0 Thread added: 0x0000024d88475fb0
Event: 0.076 Thread 0x0000024d884bad20 Thread added: 0x0000024d884bad20
Event: 0.153 Thread 0x0000024d88584bb0 Thread added: 0x0000024d88584bb0
Event: 0.154 Thread 0x0000024d886d93b0 Thread added: 0x0000024d886d93b0
Event: 0.155 Thread 0x0000024d886c1b00 Thread added: 0x0000024d886c1b00
Event: 0.265 Thread 0x0000024d887842d0 Thread added: 0x0000024d887842d0
Event: 0.265 Thread 0x0000024de7df73b0 Thread exited: 0x0000024de7df73b0
Event: 0.265 Thread 0x0000024de7df73b0 Thread added: 0x0000024de7df73b0
Event: 0.380 Thread 0x0000024d892bb900 Thread added: 0x0000024d892bb900
Event: 0.488 Thread 0x0000024d887f0f40 Thread added: 0x0000024d887f0f40
Event: 0.674 Thread 0x0000024d895c0880 Thread added: 0x0000024d895c0880
Event: 0.735 Thread 0x0000024d892bb900 Thread exited: 0x0000024d892bb900
Event: 1.238 Thread 0x0000024d8986c050 Thread added: 0x0000024d8986c050


Dynamic libraries:
0x00007ff6bc6c0000 - 0x00007ff6bc6d0000 	C:\Program Files\Java\jdk-19\bin\java.exe
0x00007ffff6410000 - 0x00007ffff6608000 	C:\Windows\SYSTEM32\ntdll.dll
0x00007ffff5bb0000 - 0x00007ffff5c6f000 	C:\Windows\System32\KERNEL32.DLL
0x00007ffff3e20000 - 0x00007ffff40f2000 	C:\Windows\System32\KERNELBASE.dll
0x00007ffff41a0000 - 0x00007ffff42a0000 	C:\Windows\System32\ucrtbase.dll
0x00007fffef180000 - 0x00007fffef19b000 	C:\Program Files\Java\jdk-19\bin\VCRUNTIME140.dll
0x00007fffef160000 - 0x00007fffef178000 	C:\Program Files\Java\jdk-19\bin\jli.dll
0x00007ffff53f0000 - 0x00007ffff549e000 	C:\Windows\System32\ADVAPI32.dll
0x00007ffff47e0000 - 0x00007ffff487e000 	C:\Windows\System32\msvcrt.dll
0x00007ffff52e0000 - 0x00007ffff537c000 	C:\Windows\System32\sechost.dll
0x00007ffff5650000 - 0x00007ffff5775000 	C:\Windows\System32\RPCRT4.dll
0x00007ffff4a20000 - 0x00007ffff4bc1000 	C:\Windows\System32\USER32.dll
0x00007ffff4170000 - 0x00007ffff4192000 	C:\Windows\System32\win32u.dll
0x00007ffff4450000 - 0x00007ffff447b000 	C:\Windows\System32\GDI32.dll
0x00007fffdd3e0000 - 0x00007fffdd67a000 	C:\Windows\WinSxS\amd64_microsoft.windows.common-controls_6595b64144ccf1df_6.0.19041.1110_none_60b5254171f9507e\COMCTL32.dll
0x00007ffff3d10000 - 0x00007ffff3e1f000 	C:\Windows\System32\gdi32full.dll
0x00007ffff3c70000 - 0x00007ffff3d0d000 	C:\Windows\System32\msvcp_win.dll
0x00007fffedc40000 - 0x00007fffedc4a000 	C:\Windows\SYSTEM32\VERSION.dll
0x00007ffff4bd0000 - 0x00007ffff4c02000 	C:\Windows\System32\IMM32.DLL
0x00007fffef150000 - 0x00007fffef15c000 	C:\Program Files\Java\jdk-19\bin\vcruntime140_1.dll
0x00007fffcb4c0000 - 0x00007fffcb54e000 	C:\Program Files\Java\jdk-19\bin\msvcp140.dll
0x00007fffab480000 - 0x00007fffac140000 	C:\Program Files\Java\jdk-19\bin\server\jvm.dll
0x00007fffef1a0000 - 0x00007fffef1a9000 	C:\Windows\SYSTEM32\WSOCK32.dll
0x00007fffdf870000 - 0x00007fffdf897000 	C:\Windows\SYSTEM32\WINMM.dll
0x00007ffff5380000 - 0x00007ffff53eb000 	C:\Windows\System32\WS2_32.dll
0x00007ffff2360000 - 0x00007ffff2372000 	C:\Windows\SYSTEM32\kernel.appcore.dll
0x00007fffee2f0000 - 0x00007fffee2fa000 	C:\Program Files\Java\jdk-19\bin\jimage.dll
0x00007ffff1870000 - 0x00007ffff1a54000 	C:\Windows\SYSTEM32\DBGHELP.DLL
0x00007fffde810000 - 0x00007fffde845000 	C:\Windows\SYSTEM32\dbgcore.DLL
0x00007ffff3be0000 - 0x00007ffff3c62000 	C:\Windows\System32\bcryptPrimitives.dll
0x00007fffee440000 - 0x00007fffee466000 	C:\Program Files\Java\jdk-19\bin\java.dll
0x00007fffc7c60000 - 0x00007fffc7d37000 	C:\Program Files\Java\jdk-19\bin\jsvml.dll
0x00007ffff5c80000 - 0x00007ffff63c4000 	C:\Windows\System32\SHELL32.dll
0x00007ffff1b60000 - 0x00007ffff22f2000 	C:\Windows\SYSTEM32\windows.storage.dll
0x00007ffff4480000 - 0x00007ffff47d5000 	C:\Windows\System32\combase.dll
0x00007ffff3560000 - 0x00007ffff3590000 	C:\Windows\SYSTEM32\Wldp.dll
0x00007ffff4970000 - 0x00007ffff4a1d000 	C:\Windows\System32\SHCORE.dll
0x00007ffff5080000 - 0x00007ffff50d5000 	C:\Windows\System32\shlwapi.dll
0x00007ffff3a40000 - 0x00007ffff3a5f000 	C:\Windows\SYSTEM32\profapi.dll
0x00007fffedfc0000 - 0x00007fffedfd3000 	C:\Program Files\Java\jdk-19\bin\net.dll
0x00007fffec0c0000 - 0x00007fffec1cc000 	C:\Windows\SYSTEM32\WINHTTP.dll
0x00007ffff3270000 - 0x00007ffff32da000 	C:\Windows\system32\mswsock.dll
0x00007fffec600000 - 0x00007fffec616000 	C:\Program Files\Java\jdk-19\bin\nio.dll
0x00007fffec510000 - 0x00007fffec528000 	C:\Program Files\Java\jdk-19\bin\zip.dll
0x00007fffbc460000 - 0x00007fffbc5f1000 	C:\Program Files\Java\jdk-19\bin\awt.dll
0x00007ffff5780000 - 0x00007ffff584d000 	C:\Windows\System32\OLEAUT32.dll
0x00007ffff0e30000 - 0x00007ffff0ec1000 	C:\Windows\SYSTEM32\apphelp.dll
0x00007ffff1100000 - 0x00007ffff119e000 	C:\Windows\system32\uxtheme.dll
0x00007ffff5a10000 - 0x00007ffff5b25000 	C:\Windows\System32\MSCTF.dll
0x00007ffff50e0000 - 0x00007ffff520a000 	C:\Windows\System32\ole32.dll
0x00007ffff13f0000 - 0x00007ffff141f000 	C:\Windows\system32\DWMAPI.DLL
0x00007fffbf010000 - 0x00007fffbf096000 	C:\Program Files\Java\jdk-19\bin\freetype.dll
0x00007fffbecb0000 - 0x00007fffbed75000 	C:\Program Files\Java\jdk-19\bin\fontmanager.dll
0x00007fffd9820000 - 0x00007fffd9945000 	C:\Windows\system32\opengl32.dll
0x00007fffd97b0000 - 0x00007fffd97dc000 	C:\Windows\SYSTEM32\GLU32.dll
0x00007fffedf90000 - 0x00007fffedfa0000 	C:\Program Files\Java\jdk-19\bin\verify.dll
0x00007ffff5960000 - 0x00007ffff5a0f000 	C:\Windows\System32\clbcatq.dll
0x00007fffecda0000 - 0x00007fffecf54000 	C:\Windows\SYSTEM32\WindowsCodecs.dll
0x00007ffff3b00000 - 0x00007ffff3b27000 	C:\Windows\System32\bcrypt.dll
0x00007fffc3120000 - 0x00007fffc315e000 	C:\Windows\system32\dataexchange.dll
0x00007ffff01e0000 - 0x00007ffff03c3000 	C:\Windows\system32\dcomp.dll
0x00007fffef3a0000 - 0x00007fffef603000 	C:\Windows\system32\d3d11.dll
0x00007ffff2380000 - 0x00007ffff2473000 	C:\Windows\system32\dxgi.dll
0x00007fffed030000 - 0x00007fffed230000 	C:\Windows\system32\twinapi.appcore.dll
0x00007ffff3420000 - 0x00007ffff3438000 	C:\Windows\SYSTEM32\CRYPTSP.dll
0x00007ffff2b30000 - 0x00007ffff2b64000 	C:\Windows\system32\rsaenh.dll
0x00007ffff39c0000 - 0x00007ffff39ee000 	C:\Windows\SYSTEM32\USERENV.dll
0x00007ffff3440000 - 0x00007ffff344c000 	C:\Windows\SYSTEM32\CRYPTBASE.dll
0x00007ffff2f20000 - 0x00007ffff2f5b000 	C:\Windows\SYSTEM32\IPHLPAPI.DLL
0x00007ffff5c70000 - 0x00007ffff5c78000 	C:\Windows\System32\NSI.dll
0x00007fffec350000 - 0x00007fffec367000 	C:\Windows\SYSTEM32\dhcpcsvc6.DLL
0x00007fffecae0000 - 0x00007fffecafd000 	C:\Windows\SYSTEM32\dhcpcsvc.DLL
0x00007ffff2f70000 - 0x00007ffff303a000 	C:\Windows\SYSTEM32\DNSAPI.dll
0x000000006adc0000 - 0x000000006aeb2000 	C:\Users\ASUS\AppData\Local\Temp\sqlite-3.20.1-fdda5667-8fbd-4757-9a47-efc2a115cb6f-sqlitejdbc.dll
0x00007fffd5ed0000 - 0x00007fffd5fc9000 	C:\Windows\SYSTEM32\textinputframework.dll
0x00007ffff0750000 - 0x00007ffff0aae000 	C:\Windows\System32\CoreUIComponents.dll
0x00007ffff0ab0000 - 0x00007ffff0ba2000 	C:\Windows\System32\CoreMessaging.dll
0x00007ffff2c50000 - 0x00007ffff2c83000 	C:\Windows\SYSTEM32\ntmarta.dll
0x00007ffff0080000 - 0x00007ffff01d4000 	C:\Windows\SYSTEM32\wintypes.dll

dbghelp: loaded successfully - version: 4.0.5 - missing functions: none
symbol engine: initialized successfully - sym options: 0x614 - pdb path: .;C:\Program Files\Java\jdk-19\bin;C:\Windows\SYSTEM32;C:\Windows\WinSxS\amd64_microsoft.windows.common-controls_6595b64144ccf1df_6.0.19041.1110_none_60b5254171f9507e;C:\Program Files\Java\jdk-19\bin\server;C:\Users\ASUS\AppData\Local\Temp

VM Arguments:
jvm_args: -Dfile.encoding=UTF-8 -Djava.security.policy=applet.policy --module-path=C:\Users\ASUS\Documents\NetBeansProjects\JavaProject\build\classes 
java_command: Registration_form
java_class_path (initial): F:\Program Files\NetBeans-15\netbeans\java\modules\ext\AbsoluteLayout.jar;C:\Users\ASUS\Desktop\jcalendar-1.4.jar;C:\Users\ASUS\Desktop\sqlite-jdbc-3.20.1.jar;C:\Users\ASUS\Documents\NetBeansProjects\JavaProject\build\classes
Launcher Type: SUN_STANDARD

[Global flags]
     intx CICompilerCount                          = 4                                         {product} {ergonomic}
     uint ConcGCThreads                            = 2                                         {product} {ergonomic}
     uint G1ConcRefinementThreads                  = 8                                         {product} {ergonomic}
   size_t G1HeapRegionSize                         = 1048576                                   {product} {ergonomic}
    uintx GCDrainStackTargetSize                   = 64                                        {product} {ergonomic}
   size_t InitialHeapSize                          = 65011712                                  {product} {ergonomic}
   size_t MarkStackSize                            = 4194304                                   {product} {ergonomic}
   size_t MaxHeapSize                              = 1023410176                                {product} {ergonomic}
   size_t MaxNewSize                               = 613416960                                 {product} {ergonomic}
   size_t MinHeapDeltaBytes                        = 1048576                                   {product} {ergonomic}
   size_t MinHeapSize                              = 8388608                                   {product} {ergonomic}
    uintx NonNMethodCodeHeapSize                   = 5839372                                {pd product} {ergonomic}
    uintx NonProfiledCodeHeapSize                  = 122909434                              {pd product} {ergonomic}
    uintx ProfiledCodeHeapSize                     = 122909434                              {pd product} {ergonomic}
    uintx ReservedCodeCacheSize                    = 251658240                              {pd product} {ergonomic}
     bool SegmentedCodeCache                       = true                                      {product} {ergonomic}
   size_t SoftMaxHeapSize                          = 1023410176                             {manageable} {ergonomic}
     bool UseCompressedClassPointers               = true                           {product lp64_product} {ergonomic}
     bool UseCompressedOops                        = true                           {product lp64_product} {ergonomic}
     bool UseG1GC                                  = true                                      {product} {ergonomic}
     bool UseLargePagesIndividualAllocation        = false                                  {pd product} {ergonomic}

Logging:
Log output configuration:
 #0: stdout all=warning uptime,level,tags foldmultilines=false
 #1: stderr all=off uptime,level,tags foldmultilines=false

Environment Variables:
PATH=C:\Program Files\Common Files\Oracle\Java\javapath;C:\Windows\system32;C:\Windows;C:\Windows\System32\Wbem;C:\Windows\System32\WindowsPowerShell\v1.0\;C:\Windows\System32\OpenSSH\;C:\Program Files (x86)\NVIDIA Corporation\PhysX\Common;C:\LLVM\bin;C:\MinGW\bin;C:\Users\ASUS\AppData\Local\Microsoft\WindowsApps;;D:\Microsoft VS Code\bin
USERNAME=ASUS
OS=Windows_NT
PROCESSOR_IDENTIFIER=Intel64 Family 6 Model 126 Stepping 5, GenuineIntel
TMP=C:\Users\ASUS\AppData\Local\Temp
TEMP=C:\Users\ASUS\AppData\Local\Temp



---------------  S Y S T E M  ---------------

OS:
 Windows 10 , 64 bit Build 19041 (10.0.19041.2364)
OS uptime: 0 days 6:54 hours
Hyper-V role detected

CPU: total 8 (initial active 8) (4 cores per cpu, 2 threads per core) family 6 model 126 stepping 5 microcode 0xa0, cx8, cmov, fxsr, ht, mmx, 3dnowpref, sse, sse2, sse3, ssse3, sse4.1, sse4.2, popcnt, lzcnt, tsc, tscinvbit, avx, avx2, aes, erms, clmul, bmi1, bmi2, adx, avx512f, avx512dq, avx512cd, avx512bw, avx512vl, sha, fma, vzeroupper, avx512_vpopcntdq, avx512_vpclmulqdq, avx512_vaes, avx512_vnni, clflush, clflushopt, avx512_vbmi2, avx512_vbmi, hv, rdtscp, rdpid, fsrm, gfni, avx512_bitalg

Memory: 4k page, system-wide physical 3901M (484M free)
TotalPageFile size 5949M (AvailPageFile size 5M)
current process WorkingSet (physical memory assigned to process): 95M, peak: 95M
current process commit charge ("private bytes"): 176M, peak: 176M

vm_info: Java HotSpot(TM) 64-Bit Server VM (19.0.1+10-21) for windows-amd64 JRE (19.0.1+10-21), built on 2022-09-14T12:45:06Z by "mach5one" with MS VC++ 17.1 (VS2022)

END.
