#
# There is insufficient memory for the Java Runtime Environment to continue.
# Native memory allocation (malloc) failed to allocate 152016 bytes for Chunk::new
# Possible reasons:
#   The system is out of physical RAM or swap space
#   The process is running with CompressedOops enabled, and the Java Heap may be blocking the growth of the native heap
# Possible solutions:
#   Reduce memory load on the system
#   Increase physical memory or swap space
#   Check if swap backing store is full
#   Decrease Java heap size (-Xmx/-Xms)
#   Decrease number of Java threads
#   Decrease Java thread stack sizes (-Xss)
#   Set larger code cache with -XX:ReservedCodeCacheSize=
#   JVM is running with Unscaled Compressed Oops mode in which the Java heap is
#     placed in the first 4GB address space. The Java Heap base address is the
#     maximum limit for the native heap growth. Please use -XX:HeapBaseMinAddress
#     to set the Java Heap base and to place the Java Heap above 4GB virtual address.
# This output file may be truncated or incomplete.
#
#  Out of Memory Error (arena.cpp:184), pid=3488, tid=9812
#
# JRE version: Java(TM) SE Runtime Environment (19.0.1+10) (build 19.0.1+10-21)
# Java VM: Java HotSpot(TM) 64-Bit Server VM (19.0.1+10-21, mixed mode, tiered, compressed oops, compressed class ptrs, g1 gc, windows-amd64)
# No core dump will be written. Minidumps are not enabled by default on client versions of Windows
#

---------------  S U M M A R Y ------------

Command Line: -Dfile.encoding=UTF-8 -Djava.security.policy=applet.policy --module-path=C:\Users\ASUS\Documents\NetBeansProjects\JavaProject\build\classes Registration_form

Host: Intel(R) Core(TM) i5-1035G1 CPU @ 1.00GHz, 8 cores, 3G,  Windows 10 , 64 bit Build 19041 (10.0.19041.2364)
Time: Sun Dec 18 02:29:19 2022 Bangladesh Standard Time elapsed time: 0.288017 seconds (0d 0h 0m 0s)

---------------  T H R E A D  ---------------

Current thread (0x000001e5398c07c0):  JavaThread "C2 CompilerThread0" daemon [_thread_in_native, id=9812, stack(0x00000070b3100000,0x00000070b3200000)]


Current CompileTask:
C2:    288  197       4       java.util.HashMap::putVal (300 bytes)

Stack: [0x00000070b3100000,0x00000070b3200000]
Native frames: (J=compiled Java code, j=interpreted, Vv=VM code, C=native code)
V  [jvm.dll+0x6ee8fa]
V  [jvm.dll+0x857a1e]
V  [jvm.dll+0x85940e]
V  [jvm.dll+0x859ac3]
V  [jvm.dll+0x28291f]
V  [jvm.dll+0xc9b5f]
V  [jvm.dll+0xc9ee5]
V  [jvm.dll+0x2f7c6f]
V  [jvm.dll+0x5f0c5b]
V  [jvm.dll+0x2551fc]
V  [jvm.dll+0x24e097]
V  [jvm.dll+0x24b563]
V  [jvm.dll+0x1d6d61]
V  [jvm.dll+0x25b0fa]
V  [jvm.dll+0x259588]
V  [jvm.dll+0x807928]
V  [jvm.dll+0x8015fa]
V  [jvm.dll+0x6ed5eb]
C  [ucrtbase.dll+0x21bb2]
C  [KERNEL32.DLL+0x17614]
C  [ntdll.dll+0x526a1]


---------------  P R O C E S S  ---------------

Threads class SMR info:
_java_thread_list=0x000001e53de49f80, length=12, elements={
0x000001e51d759280, 0x000001e53dc12430, 0x000001e5398ab350, 0x000001e5398bd910,
0x000001e5398be240, 0x000001e5398bed10, 0x000001e5398bf8d0, 0x000001e5398c07c0,
0x000001e5398c3ec0, 0x000001e5398c4920, 0x000001e53ddbe020, 0x000001e53dea6670
}

Java Threads: ( => current thread )
  0x000001e51d759280 JavaThread "main" [_thread_in_vm, id=3728, stack(0x00000070b2400000,0x00000070b2500000)]
  0x000001e53dc12430 JavaThread "Reference Handler" daemon [_thread_blocked, id=9908, stack(0x00000070b2b00000,0x00000070b2c00000)]
  0x000001e5398ab350 JavaThread "Finalizer" daemon [_thread_blocked, id=6892, stack(0x00000070b2c00000,0x00000070b2d00000)]
  0x000001e5398bd910 JavaThread "Signal Dispatcher" daemon [_thread_blocked, id=8580, stack(0x00000070b2d00000,0x00000070b2e00000)]
  0x000001e5398be240 JavaThread "Attach Listener" daemon [_thread_blocked, id=5096, stack(0x00000070b2e00000,0x00000070b2f00000)]
  0x000001e5398bed10 JavaThread "Service Thread" daemon [_thread_blocked, id=7992, stack(0x00000070b2f00000,0x00000070b3000000)]
  0x000001e5398bf8d0 JavaThread "Monitor Deflation Thread" daemon [_thread_blocked, id=6748, stack(0x00000070b3000000,0x00000070b3100000)]
=>0x000001e5398c07c0 JavaThread "C2 CompilerThread0" daemon [_thread_in_native, id=9812, stack(0x00000070b3100000,0x00000070b3200000)]
  0x000001e5398c3ec0 JavaThread "C1 CompilerThread0" daemon [_thread_blocked, id=6232, stack(0x00000070b3200000,0x00000070b3300000)]
  0x000001e5398c4920 JavaThread "Sweeper thread" daemon [_thread_blocked, id=9620, stack(0x00000070b3300000,0x00000070b3400000)]
  0x000001e53ddbe020 JavaThread "Common-Cleaner" daemon [_thread_blocked, id=3344, stack(0x00000070b3400000,0x00000070b3500000)]
  0x000001e53dea6670 JavaThread "Notification Thread" daemon [_thread_blocked, id=5592, stack(0x00000070b3500000,0x00000070b3600000)]

Other Threads:
  0x000001e5397f91e0 VMThread "VM Thread" [stack: 0x00000070b2a00000,0x00000070b2b00000] [id=12724]
  0x000001e53def0cc0 WatcherThread "VM Periodic Task Thread" [stack: 0x00000070b3600000,0x00000070b3700000] [id=2480]
  0x000001e51d799a50 WorkerThread "GC Thread#0" [stack: 0x00000070b2500000,0x00000070b2600000] [id=10004]
  0x000001e51d7a33c0 ConcurrentGCThread "G1 Main Marker" [stack: 0x00000070b2600000,0x00000070b2700000] [id=1088]
  0x000001e51d7a3f90 WorkerThread "G1 Conc#0" [stack: 0x00000070b2700000,0x00000070b2800000] [id=6760]
  0x000001e51d809820 ConcurrentGCThread "G1 Refine#0" [stack: 0x00000070b2800000,0x00000070b2900000] [id=12124]
  0x000001e51d80a360 ConcurrentGCThread "G1 Service" [stack: 0x00000070b2900000,0x00000070b2a00000] [id=5308]

Threads with active compile tasks:
C2 CompilerThread0      300  197       4       java.util.HashMap::putVal (300 bytes)

VM state: not at safepoint (normal execution)

VM Mutex/Monitor currently owned by a thread: None

Heap address: 0x00000000c3000000, size: 976 MB, Compressed Oops mode: 32-bit

CDS archive(s) not mapped
Compressed class space mapped at: 0x0000000100000000-0x0000000140000000, reserved size: 1073741824
Narrow klass base: 0x0000000000000000, Narrow klass shift: 3, Narrow klass range: 0x140000000

GC Precious Log:
 CardTable entry size: 512
 Card Set container configuration: InlinePtr #cards 5 size 8 Array Of Cards #cards 12 size 40 Howl #buckets 4 coarsen threshold 1843 Howl Bitmap #cards 512 size 80 coarsen threshold 460 Card regions per heap region 1 cards per card region 2048
 CPUs: 8 total, 8 available
 Memory: 3901M
 Large Page Support: Disabled
 NUMA Support: Disabled
 Compressed Oops: Enabled (32-bit)
 Heap Region Size: 1M
 Heap Min Capacity: 8M
 Heap Initial Capacity: 62M
 Heap Max Capacity: 976M
 Pre-touch: Disabled
 Parallel Workers: 8
 Concurrent Workers: 2
 Concurrent Refinement Workers: 8
 Periodic GC: Disabled

Heap:
 garbage-first heap   total 63488K, used 2048K [0x00000000c3000000, 0x0000000100000000)
  region size 1024K, 3 young (3072K), 0 survivors (0K)
 Metaspace       used 6520K, committed 6656K, reserved 1114112K
  class space    used 525K, committed 576K, reserved 1048576K

Heap Regions: E=young(eden), S=young(survivor), O=old, HS=humongous(starts), HC=humongous(continues), CS=collection set, F=free, OA=open archive, CA=closed archive, TAMS=top-at-mark-start (previous, next)
|   0|0x00000000c3000000, 0x00000000c3000000, 0x00000000c3100000|  0%| F|  |TAMS 0x00000000c3000000, 0x00000000c3000000| Untracked 
|   1|0x00000000c3100000, 0x00000000c3100000, 0x00000000c3200000|  0%| F|  |TAMS 0x00000000c3100000, 0x00000000c3100000| Untracked 
|   2|0x00000000c3200000, 0x00000000c3200000, 0x00000000c3300000|  0%| F|  |TAMS 0x00000000c3200000, 0x00000000c3200000| Untracked 
|   3|0x00000000c3300000, 0x00000000c3300000, 0x00000000c3400000|  0%| F|  |TAMS 0x00000000c3300000, 0x00000000c3300000| Untracked 
|   4|0x00000000c3400000, 0x00000000c3400000, 0x00000000c3500000|  0%| F|  |TAMS 0x00000000c3400000, 0x00000000c3400000| Untracked 
|   5|0x00000000c3500000, 0x00000000c3500000, 0x00000000c3600000|  0%| F|  |TAMS 0x00000000c3500000, 0x00000000c3500000| Untracked 
|   6|0x00000000c3600000, 0x00000000c3600000, 0x00000000c3700000|  0%| F|  |TAMS 0x00000000c3600000, 0x00000000c3600000| Untracked 
|   7|0x00000000c3700000, 0x00000000c3700000, 0x00000000c3800000|  0%| F|  |TAMS 0x00000000c3700000, 0x00000000c3700000| Untracked 
|   8|0x00000000c3800000, 0x00000000c3800000, 0x00000000c3900000|  0%| F|  |TAMS 0x00000000c3800000, 0x00000000c3800000| Untracked 
|   9|0x00000000c3900000, 0x00000000c3900000, 0x00000000c3a00000|  0%| F|  |TAMS 0x00000000c3900000, 0x00000000c3900000| Untracked 
|  10|0x00000000c3a00000, 0x00000000c3a00000, 0x00000000c3b00000|  0%| F|  |TAMS 0x00000000c3a00000, 0x00000000c3a00000| Untracked 
|  11|0x00000000c3b00000, 0x00000000c3b00000, 0x00000000c3c00000|  0%| F|  |TAMS 0x00000000c3b00000, 0x00000000c3b00000| Untracked 
|  12|0x00000000c3c00000, 0x00000000c3c00000, 0x00000000c3d00000|  0%| F|  |TAMS 0x00000000c3c00000, 0x00000000c3c00000| Untracked 
|  13|0x00000000c3d00000, 0x00000000c3d00000, 0x00000000c3e00000|  0%| F|  |TAMS 0x00000000c3d00000, 0x00000000c3d00000| Untracked 
|  14|0x00000000c3e00000, 0x00000000c3e00000, 0x00000000c3f00000|  0%| F|  |TAMS 0x00000000c3e00000, 0x00000000c3e00000| Untracked 
|  15|0x00000000c3f00000, 0x00000000c3f00000, 0x00000000c4000000|  0%| F|  |TAMS 0x00000000c3f00000, 0x00000000c3f00000| Untracked 
|  16|0x00000000c4000000, 0x00000000c4000000, 0x00000000c4100000|  0%| F|  |TAMS 0x00000000c4000000, 0x00000000c4000000| Untracked 
|  17|0x00000000c4100000, 0x00000000c4100000, 0x00000000c4200000|  0%| F|  |TAMS 0x00000000c4100000, 0x00000000c4100000| Untracked 
|  18|0x00000000c4200000, 0x00000000c4200000, 0x00000000c4300000|  0%| F|  |TAMS 0x00000000c4200000, 0x00000000c4200000| Untracked 
|  19|0x00000000c4300000, 0x00000000c4300000, 0x00000000c4400000|  0%| F|  |TAMS 0x00000000c4300000, 0x00000000c4300000| Untracked 
|  20|0x00000000c4400000, 0x00000000c4400000, 0x00000000c4500000|  0%| F|  |TAMS 0x00000000c4400000, 0x00000000c4400000| Untracked 
|  21|0x00000000c4500000, 0x00000000c4500000, 0x00000000c4600000|  0%| F|  |TAMS 0x00000000c4500000, 0x00000000c4500000| Untracked 
|  22|0x00000000c4600000, 0x00000000c4600000, 0x00000000c4700000|  0%| F|  |TAMS 0x00000000c4600000, 0x00000000c4600000| Untracked 
|  23|0x00000000c4700000, 0x00000000c4700000, 0x00000000c4800000|  0%| F|  |TAMS 0x00000000c4700000, 0x00000000c4700000| Untracked 
|  24|0x00000000c4800000, 0x00000000c4800000, 0x00000000c4900000|  0%| F|  |TAMS 0x00000000c4800000, 0x00000000c4800000| Untracked 
|  25|0x00000000c4900000, 0x00000000c4900000, 0x00000000c4a00000|  0%| F|  |TAMS 0x00000000c4900000, 0x00000000c4900000| Untracked 
|  26|0x00000000c4a00000, 0x00000000c4a00000, 0x00000000c4b00000|  0%| F|  |TAMS 0x00000000c4a00000, 0x00000000c4a00000| Untracked 
|  27|0x00000000c4b00000, 0x00000000c4b00000, 0x00000000c4c00000|  0%| F|  |TAMS 0x00000000c4b00000, 0x00000000c4b00000| Untracked 
|  28|0x00000000c4c00000, 0x00000000c4c00000, 0x00000000c4d00000|  0%| F|  |TAMS 0x00000000c4c00000, 0x00000000c4c00000| Untracked 
|  29|0x00000000c4d00000, 0x00000000c4d00000, 0x00000000c4e00000|  0%| F|  |TAMS 0x00000000c4d00000, 0x00000000c4d00000| Untracked 
|  30|0x00000000c4e00000, 0x00000000c4e00000, 0x00000000c4f00000|  0%| F|  |TAMS 0x00000000c4e00000, 0x00000000c4e00000| Untracked 
|  31|0x00000000c4f00000, 0x00000000c4f00000, 0x00000000c5000000|  0%| F|  |TAMS 0x00000000c4f00000, 0x00000000c4f00000| Untracked 
|  32|0x00000000c5000000, 0x00000000c5000000, 0x00000000c5100000|  0%| F|  |TAMS 0x00000000c5000000, 0x00000000c5000000| Untracked 
|  33|0x00000000c5100000, 0x00000000c5100000, 0x00000000c5200000|  0%| F|  |TAMS 0x00000000c5100000, 0x00000000c5100000| Untracked 
|  34|0x00000000c5200000, 0x00000000c5200000, 0x00000000c5300000|  0%| F|  |TAMS 0x00000000c5200000, 0x00000000c5200000| Untracked 
|  35|0x00000000c5300000, 0x00000000c5300000, 0x00000000c5400000|  0%| F|  |TAMS 0x00000000c5300000, 0x00000000c5300000| Untracked 
|  36|0x00000000c5400000, 0x00000000c5400000, 0x00000000c5500000|  0%| F|  |TAMS 0x00000000c5400000, 0x00000000c5400000| Untracked 
|  37|0x00000000c5500000, 0x00000000c5500000, 0x00000000c5600000|  0%| F|  |TAMS 0x00000000c5500000, 0x00000000c5500000| Untracked 
|  38|0x00000000c5600000, 0x00000000c5600000, 0x00000000c5700000|  0%| F|  |TAMS 0x00000000c5600000, 0x00000000c5600000| Untracked 
|  39|0x00000000c5700000, 0x00000000c5700000, 0x00000000c5800000|  0%| F|  |TAMS 0x00000000c5700000, 0x00000000c5700000| Untracked 
|  40|0x00000000c5800000, 0x00000000c5800000, 0x00000000c5900000|  0%| F|  |TAMS 0x00000000c5800000, 0x00000000c5800000| Untracked 
|  41|0x00000000c5900000, 0x00000000c5900000, 0x00000000c5a00000|  0%| F|  |TAMS 0x00000000c5900000, 0x00000000c5900000| Untracked 
|  42|0x00000000c5a00000, 0x00000000c5a00000, 0x00000000c5b00000|  0%| F|  |TAMS 0x00000000c5a00000, 0x00000000c5a00000| Untracked 
|  43|0x00000000c5b00000, 0x00000000c5b00000, 0x00000000c5c00000|  0%| F|  |TAMS 0x00000000c5b00000, 0x00000000c5b00000| Untracked 
|  44|0x00000000c5c00000, 0x00000000c5c00000, 0x00000000c5d00000|  0%| F|  |TAMS 0x00000000c5c00000, 0x00000000c5c00000| Untracked 
|  45|0x00000000c5d00000, 0x00000000c5d00000, 0x00000000c5e00000|  0%| F|  |TAMS 0x00000000c5d00000, 0x00000000c5d00000| Untracked 
|  46|0x00000000c5e00000, 0x00000000c5e00000, 0x00000000c5f00000|  0%| F|  |TAMS 0x00000000c5e00000, 0x00000000c5e00000| Untracked 
|  47|0x00000000c5f00000, 0x00000000c5f00000, 0x00000000c6000000|  0%| F|  |TAMS 0x00000000c5f00000, 0x00000000c5f00000| Untracked 
|  48|0x00000000c6000000, 0x00000000c6000000, 0x00000000c6100000|  0%| F|  |TAMS 0x00000000c6000000, 0x00000000c6000000| Untracked 
|  49|0x00000000c6100000, 0x00000000c6100000, 0x00000000c6200000|  0%| F|  |TAMS 0x00000000c6100000, 0x00000000c6100000| Untracked 
|  50|0x00000000c6200000, 0x00000000c6200000, 0x00000000c6300000|  0%| F|  |TAMS 0x00000000c6200000, 0x00000000c6200000| Untracked 
|  51|0x00000000c6300000, 0x00000000c6300000, 0x00000000c6400000|  0%| F|  |TAMS 0x00000000c6300000, 0x00000000c6300000| Untracked 
|  52|0x00000000c6400000, 0x00000000c6400000, 0x00000000c6500000|  0%| F|  |TAMS 0x00000000c6400000, 0x00000000c6400000| Untracked 
|  53|0x00000000c6500000, 0x00000000c6500000, 0x00000000c6600000|  0%| F|  |TAMS 0x00000000c6500000, 0x00000000c6500000| Untracked 
|  54|0x00000000c6600000, 0x00000000c6600000, 0x00000000c6700000|  0%| F|  |TAMS 0x00000000c6600000, 0x00000000c6600000| Untracked 
|  55|0x00000000c6700000, 0x00000000c6700000, 0x00000000c6800000|  0%| F|  |TAMS 0x00000000c6700000, 0x00000000c6700000| Untracked 
|  56|0x00000000c6800000, 0x00000000c6800000, 0x00000000c6900000|  0%| F|  |TAMS 0x00000000c6800000, 0x00000000c6800000| Untracked 
|  57|0x00000000c6900000, 0x00000000c6900000, 0x00000000c6a00000|  0%| F|  |TAMS 0x00000000c6900000, 0x00000000c6900000| Untracked 
|  58|0x00000000c6a00000, 0x00000000c6a00000, 0x00000000c6b00000|  0%| F|  |TAMS 0x00000000c6a00000, 0x00000000c6a00000| Untracked 
|  59|0x00000000c6b00000, 0x00000000c6bec0b8, 0x00000000c6c00000| 92%| E|  |TAMS 0x00000000c6b00000, 0x00000000c6b00000| Complete 
|  60|0x00000000c6c00000, 0x00000000c6d00000, 0x00000000c6d00000|100%| E|CS|TAMS 0x00000000c6c00000, 0x00000000c6c00000| Complete 
|  61|0x00000000c6d00000, 0x00000000c6e00000, 0x00000000c6e00000|100%| E|CS|TAMS 0x00000000c6d00000, 0x00000000c6d00000| Complete 

Card table byte_map: [0x000001e534bf0000,0x000001e534de0000] _byte_map_base: 0x000001e5345d8000

Marking Bits (Prev, Next): (CMBitMap*) 0x000001e51d79a080, (CMBitMap*) 0x000001e51d79a0c0
 Prev Bits: [0x000001e534fd0000, 0x000001e535f10000)
 Next Bits: [0x000001e535f10000, 0x000001e536e50000)

Polling page: 0x000001e51b680000

Metaspace:

Usage:
  Non-class:      5.87 MB used.
      Class:    527.33 KB used.
       Both:      6.39 MB used.

Virtual space:
  Non-class space:       64.00 MB reserved,       5.94 MB (  9%) committed,  1 nodes.
      Class space:        1.00 GB reserved,     576.00 KB ( <1%) committed,  1 nodes.
             Both:        1.06 GB reserved,       6.50 MB ( <1%) committed. 

Chunk freelists:
   Non-Class:  2.12 MB
       Class:  3.25 MB
        Both:  5.37 MB

MaxMetaspaceSize: unlimited
CompressedClassSpaceSize: 1.00 GB
Initial GC threshold: 21.00 MB
Current GC threshold: 21.00 MB
CDS: off
MetaspaceReclaimPolicy: balanced
 - commit_granule_bytes: 65536.
 - commit_granule_words: 8192.
 - virtual_space_node_default_size: 8388608.
 - enlarge_chunks_in_place: 1.
 - new_chunks_are_fully_committed: 0.
 - uncommit_free_chunks: 1.
 - use_allocation_guard: 0.


Internal statistics:

num_allocs_failed_limit: 0.
num_arena_births: 6.
num_arena_deaths: 0.
num_vsnodes_births: 2.
num_vsnodes_deaths: 0.
num_space_committed: 104.
num_space_uncommitted: 0.
num_chunks_returned_to_freelist: 0.
num_chunks_taken_from_freelist: 18.
num_chunk_merges: 0.
num_chunk_splits: 6.
num_chunks_enlarged: 2.
num_inconsistent_stats: 0.

CodeHeap 'non-profiled nmethods': size=120000Kb used=67Kb max_used=67Kb free=119932Kb
 bounds [0x000001e52d1a0000, 0x000001e52d410000, 0x000001e5346d0000]
CodeHeap 'profiled nmethods': size=120000Kb used=228Kb max_used=228Kb free=119772Kb
 bounds [0x000001e5256d0000, 0x000001e525940000, 0x000001e52cc00000]
CodeHeap 'non-nmethods': size=5760Kb used=1205Kb max_used=1211Kb free=4555Kb
 bounds [0x000001e52cc00000, 0x000001e52ce70000, 0x000001e52d1a0000]
 total_blobs=604 nmethods=219 adapters=296
 compilation: enabled
              stopped_count=0, restarted_count=0
 full_count=0

Compilation events (20 events):
Event: 0.281 Thread 0x000001e5398c3ec0  199       3       java.util.HashMap::<init> (11 bytes)
Event: 0.281 Thread 0x000001e5398c3ec0 nmethod 199 0x000001e525702410 code [0x000001e5257025c0, 0x000001e525702798]
Event: 0.281 Thread 0x000001e5398c3ec0  200       3       java.util.ImmutableCollections$Set12::iterator (9 bytes)
Event: 0.281 Thread 0x000001e5398c07c0 nmethod 187 0x000001e52d1af590 code [0x000001e52d1af720, 0x000001e52d1af838]
Event: 0.281 Thread 0x000001e5398c3ec0 nmethod 200 0x000001e525702890 code [0x000001e525702a40, 0x000001e525702d18]
Event: 0.281 Thread 0x000001e5398c07c0  197       4       java.util.HashMap::putVal (300 bytes)
Event: 0.281 Thread 0x000001e5398c3ec0  201       3       java.util.ImmutableCollections$Set12$1::<init> (32 bytes)
Event: 0.281 Thread 0x000001e5398c3ec0 nmethod 201 0x000001e525702e10 code [0x000001e525702fc0, 0x000001e5257031f8]
Event: 0.281 Thread 0x000001e5398c3ec0  202       3       java.util.AbstractSet::<init> (5 bytes)
Event: 0.282 Thread 0x000001e5398c3ec0 nmethod 202 0x000001e525703310 code [0x000001e5257034c0, 0x000001e525703678]
Event: 0.282 Thread 0x000001e5398c3ec0  203       3       java.util.HashSet::<init> (16 bytes)
Event: 0.282 Thread 0x000001e5398c3ec0 nmethod 203 0x000001e525703790 code [0x000001e525703960, 0x000001e525703d58]
Event: 0.282 Thread 0x000001e5398c3ec0  205       1       java.lang.module.ResolvedModule::configuration (5 bytes)
Event: 0.282 Thread 0x000001e5398c3ec0 nmethod 205 0x000001e52d1af910 code [0x000001e52d1afaa0, 0x000001e52d1afb58]
Event: 0.282 Thread 0x000001e5398c3ec0  204       1       java.lang.module.ModuleDescriptor::isOpen (5 bytes)
Event: 0.282 Thread 0x000001e5398c3ec0 nmethod 204 0x000001e52d1afc10 code [0x000001e52d1afda0, 0x000001e52d1afe78]
Event: 0.282 Thread 0x000001e5398c3ec0  206       1       java.util.HashMap::size (5 bytes)
Event: 0.282 Thread 0x000001e5398c3ec0 nmethod 206 0x000001e52d1aff10 code [0x000001e52d1b00a0, 0x000001e52d1b0158]
Event: 0.282 Thread 0x000001e5398c3ec0  207       1       java.lang.module.ModuleDescriptor$Provides::service (5 bytes)
Event: 0.282 Thread 0x000001e5398c3ec0 nmethod 207 0x000001e52d1b0210 code [0x000001e52d1b03a0, 0x000001e52d1b0458]

GC Heap History (0 events):
No events

Dll operation events (4 events):
Event: 0.006 Loaded shared library C:\Program Files\Java\jdk-19\bin\java.dll
Event: 0.063 Loaded shared library C:\Program Files\Java\jdk-19\bin\jsvml.dll
Event: 0.259 Loaded shared library C:\Program Files\Java\jdk-19\bin\net.dll
Event: 0.261 Loaded shared library C:\Program Files\Java\jdk-19\bin\nio.dll

Deoptimization events (0 events):
No events

Classes loaded (20 events):
Event: 0.277 Loading class jdk/internal/module/ModuleLoaderMap$Modules done
Event: 0.282 Loading class jdk/internal/loader/AbstractClassLoaderValue$Memoizer
Event: 0.282 Loading class jdk/internal/loader/AbstractClassLoaderValue$Memoizer done
Event: 0.282 Loading class jdk/internal/module/ServicesCatalog$ServiceProvider
Event: 0.282 Loading class jdk/internal/module/ServicesCatalog$ServiceProvider done
Event: 0.282 Loading class java/util/concurrent/CopyOnWriteArrayList
Event: 0.283 Loading class java/util/concurrent/CopyOnWriteArrayList done
Event: 0.283 Loading class java/lang/ModuleLayer$Controller
Event: 0.283 Loading class java/lang/ModuleLayer$Controller done
Event: 0.283 Loading class jdk/internal/module/ModuleBootstrap$SafeModuleFinder
Event: 0.283 Loading class jdk/internal/module/ModuleBootstrap$SafeModuleFinder done
Event: 0.283 Loading class java/lang/invoke/StringConcatFactory
Event: 0.284 Loading class java/lang/invoke/StringConcatFactory done
Event: 0.284 Loading class jdk/internal/vm/PostVMInitHook
Event: 0.284 Loading class jdk/internal/vm/PostVMInitHook done
Event: 0.284 Loading class java/util/Locale
Event: 0.285 Loading class java/util/Locale done
Event: 0.285 Loading class sun/util/locale/BaseLocale
Event: 0.285 Loading class sun/util/locale/BaseLocale done
Event: 0.286 Loading class sun/util/locale/LocaleUtils

Classes unloaded (0 events):
No events

Classes redefined (0 events):
No events

Internal exceptions (4 events):
Event: 0.262 Thread 0x000001e51d759280 Exception <a 'sun/nio/fs/WindowsException'{0x00000000c6c5f0b8}> (0x00000000c6c5f0b8) 
thrown [s\open\src\hotspot\share\prims\jni.cpp, line 517]
Event: 0.263 Thread 0x000001e51d759280 Exception <a 'sun/nio/fs/WindowsException'{0x00000000c6c5f5e8}> (0x00000000c6c5f5e8) 
thrown [s\open\src\hotspot\share\prims\jni.cpp, line 517]
Event: 0.265 Thread 0x000001e51d759280 Exception <a 'sun/nio/fs/WindowsException'{0x00000000c6c64e08}> (0x00000000c6c64e08) 
thrown [s\open\src\hotspot\share\prims\jni.cpp, line 517]
Event: 0.265 Thread 0x000001e51d759280 Exception <a 'sun/nio/fs/WindowsException'{0x00000000c6c658b8}> (0x00000000c6c658b8) 
thrown [s\open\src\hotspot\share\prims\jni.cpp, line 517]

VM Operations (2 events):
Event: 0.270 Executing VM operation: HandshakeAllThreads
Event: 0.270 Executing VM operation: HandshakeAllThreads done

Events (12 events):
Event: 0.063 Thread 0x000001e51d759280 Thread added: 0x000001e51d759280
Event: 0.109 Thread 0x000001e53dc12430 Thread added: 0x000001e53dc12430
Event: 0.109 Thread 0x000001e5398ab350 Thread added: 0x000001e5398ab350
Event: 0.112 Thread 0x000001e5398bd910 Thread added: 0x000001e5398bd910
Event: 0.112 Thread 0x000001e5398be240 Thread added: 0x000001e5398be240
Event: 0.112 Thread 0x000001e5398bed10 Thread added: 0x000001e5398bed10
Event: 0.112 Thread 0x000001e5398bf8d0 Thread added: 0x000001e5398bf8d0
Event: 0.112 Thread 0x000001e5398c07c0 Thread added: 0x000001e5398c07c0
Event: 0.112 Thread 0x000001e5398c3ec0 Thread added: 0x000001e5398c3ec0
Event: 0.112 Thread 0x000001e5398c4920 Thread added: 0x000001e5398c4920
Event: 0.228 Thread 0x000001e53ddbe020 Thread added: 0x000001e53ddbe020
Event: 0.284 Thread 0x000001e53dea6670 Thread added: 0x000001e53dea6670


Dynamic libraries:
0x00007ff6bc6c0000 - 0x00007ff6bc6d0000 	C:\Program Files\Java\jdk-19\bin\java.exe
0x00007ffff6410000 - 0x00007ffff6608000 	C:\Windows\SYSTEM32\ntdll.dll
0x00007ffff5bb0000 - 0x00007ffff5c6f000 	C:\Windows\System32\KERNEL32.DLL
0x00007ffff3e20000 - 0x00007ffff40f2000 	C:\Windows\System32\KERNELBASE.dll
0x00007ffff41a0000 - 0x00007ffff42a0000 	C:\Windows\System32\ucrtbase.dll
0x00007fffef180000 - 0x00007fffef19b000 	C:\Program Files\Java\jdk-19\bin\VCRUNTIME140.dll
0x00007fffef160000 - 0x00007fffef178000 	C:\Program Files\Java\jdk-19\bin\jli.dll
0x00007ffff53f0000 - 0x00007ffff549e000 	C:\Windows\System32\ADVAPI32.dll
0x00007ffff47e0000 - 0x00007ffff487e000 	C:\Windows\System32\msvcrt.dll
0x00007ffff52e0000 - 0x00007ffff537c000 	C:\Windows\System32\sechost.dll
0x00007ffff5650000 - 0x00007ffff5775000 	C:\Windows\System32\RPCRT4.dll
0x00007ffff4a20000 - 0x00007ffff4bc1000 	C:\Windows\System32\USER32.dll
0x00007fffdd3e0000 - 0x00007fffdd67a000 	C:\Windows\WinSxS\amd64_microsoft.windows.common-controls_6595b64144ccf1df_6.0.19041.1110_none_60b5254171f9507e\COMCTL32.dll
0x00007ffff4170000 - 0x00007ffff4192000 	C:\Windows\System32\win32u.dll
0x00007ffff4450000 - 0x00007ffff447b000 	C:\Windows\System32\GDI32.dll
0x00007ffff3d10000 - 0x00007ffff3e1f000 	C:\Windows\System32\gdi32full.dll
0x00007ffff3c70000 - 0x00007ffff3d0d000 	C:\Windows\System32\msvcp_win.dll
0x00007fffedc40000 - 0x00007fffedc4a000 	C:\Windows\SYSTEM32\VERSION.dll
0x00007ffff4bd0000 - 0x00007ffff4c02000 	C:\Windows\System32\IMM32.DLL
0x00007fffef150000 - 0x00007fffef15c000 	C:\Program Files\Java\jdk-19\bin\vcruntime140_1.dll
0x00007fffcb4c0000 - 0x00007fffcb54e000 	C:\Program Files\Java\jdk-19\bin\msvcp140.dll
0x00007fffab480000 - 0x00007fffac140000 	C:\Program Files\Java\jdk-19\bin\server\jvm.dll
0x00007fffef1a0000 - 0x00007fffef1a9000 	C:\Windows\SYSTEM32\WSOCK32.dll
0x00007fffdf870000 - 0x00007fffdf897000 	C:\Windows\SYSTEM32\WINMM.dll
0x00007ffff5380000 - 0x00007ffff53eb000 	C:\Windows\System32\WS2_32.dll
0x00007ffff2360000 - 0x00007ffff2372000 	C:\Windows\SYSTEM32\kernel.appcore.dll
0x00007fffee2f0000 - 0x00007fffee2fa000 	C:\Program Files\Java\jdk-19\bin\jimage.dll
0x00007ffff1870000 - 0x00007ffff1a54000 	C:\Windows\SYSTEM32\DBGHELP.DLL
0x00007fffde810000 - 0x00007fffde845000 	C:\Windows\SYSTEM32\dbgcore.DLL
0x00007ffff3be0000 - 0x00007ffff3c62000 	C:\Windows\System32\bcryptPrimitives.dll
0x00007fffee440000 - 0x00007fffee466000 	C:\Program Files\Java\jdk-19\bin\java.dll
0x00007fffc7c60000 - 0x00007fffc7d37000 	C:\Program Files\Java\jdk-19\bin\jsvml.dll
0x00007ffff5c80000 - 0x00007ffff63c4000 	C:\Windows\System32\SHELL32.dll
0x00007ffff1b60000 - 0x00007ffff22f2000 	C:\Windows\SYSTEM32\windows.storage.dll
0x00007ffff4480000 - 0x00007ffff47d5000 	C:\Windows\System32\combase.dll
0x00007ffff3560000 - 0x00007ffff3590000 	C:\Windows\SYSTEM32\Wldp.dll
0x00007ffff4970000 - 0x00007ffff4a1d000 	C:\Windows\System32\SHCORE.dll
0x00007ffff5080000 - 0x00007ffff50d5000 	C:\Windows\System32\shlwapi.dll
0x00007ffff3a40000 - 0x00007ffff3a5f000 	C:\Windows\SYSTEM32\profapi.dll
0x00007fffedfc0000 - 0x00007fffedfd3000 	C:\Program Files\Java\jdk-19\bin\net.dll
0x00007fffec0c0000 - 0x00007fffec1cc000 	C:\Windows\SYSTEM32\WINHTTP.dll
0x00007ffff3270000 - 0x00007ffff32da000 	C:\Windows\system32\mswsock.dll
0x00007fffec600000 - 0x00007fffec616000 	C:\Program Files\Java\jdk-19\bin\nio.dll
0x00007fffec510000 - 0x00007fffec528000 	C:\Program Files\Java\jdk-19\bin\zip.dll

dbghelp: loaded successfully - version: 4.0.5 - missing functions: none
symbol engine: initialized successfully - sym options: 0x614 - pdb path: .;C:\Program Files\Java\jdk-19\bin;C:\Windows\SYSTEM32;C:\Windows\WinSxS\amd64_microsoft.windows.common-controls_6595b64144ccf1df_6.0.19041.1110_none_60b5254171f9507e;C:\Program Files\Java\jdk-19\bin\server

VM Arguments:
jvm_args: -Dfile.encoding=UTF-8 -Djava.security.policy=applet.policy --module-path=C:\Users\ASUS\Documents\NetBeansProjects\JavaProject\build\classes 
java_command: Registration_form
java_class_path (initial): F:\Program Files\NetBeans-15\netbeans\java\modules\ext\AbsoluteLayout.jar;C:\Users\ASUS\Desktop\jcalendar-1.4.jar;C:\Users\ASUS\Desktop\sqlite-jdbc-3.20.1.jar;C:\Users\ASUS\Documents\NetBeansProjects\JavaProject\build\classes
Launcher Type: SUN_STANDARD

[Global flags]
     intx CICompilerCount                          = 4                                         {product} {ergonomic}
     uint ConcGCThreads                            = 2                                         {product} {ergonomic}
     uint G1ConcRefinementThreads                  = 8                                         {product} {ergonomic}
   size_t G1HeapRegionSize                         = 1048576                                   {product} {ergonomic}
    uintx GCDrainStackTargetSize                   = 64                                        {product} {ergonomic}
   size_t InitialHeapSize                          = 65011712                                  {product} {ergonomic}
   size_t MarkStackSize                            = 4194304                                   {product} {ergonomic}
   size_t MaxHeapSize                              = 1023410176                                {product} {ergonomic}
   size_t MaxNewSize                               = 613416960                                 {product} {ergonomic}
   size_t MinHeapDeltaBytes                        = 1048576                                   {product} {ergonomic}
   size_t MinHeapSize                              = 8388608                                   {product} {ergonomic}
    uintx NonNMethodCodeHeapSize                   = 5839372                                {pd product} {ergonomic}
    uintx NonProfiledCodeHeapSize                  = 122909434                              {pd product} {ergonomic}
    uintx ProfiledCodeHeapSize                     = 122909434                              {pd product} {ergonomic}
    uintx ReservedCodeCacheSize                    = 251658240                              {pd product} {ergonomic}
     bool SegmentedCodeCache                       = true                                      {product} {ergonomic}
   size_t SoftMaxHeapSize                          = 1023410176                             {manageable} {ergonomic}
     bool UseCompressedClassPointers               = true                           {product lp64_product} {ergonomic}
     bool UseCompressedOops                        = true                           {product lp64_product} {ergonomic}
     bool UseG1GC                                  = true                                      {product} {ergonomic}
     bool UseLargePagesIndividualAllocation        = false                                  {pd product} {ergonomic}

Logging:
Log output configuration:
 #0: stdout all=warning uptime,level,tags foldmultilines=false
 #1: stderr all=off uptime,level,tags foldmultilines=false

Environment Variables:
PATH=C:\Program Files\Common Files\Oracle\Java\javapath;C:\Windows\system32;C:\Windows;C:\Windows\System32\Wbem;C:\Windows\System32\WindowsPowerShell\v1.0\;C:\Windows\System32\OpenSSH\;C:\Program Files (x86)\NVIDIA Corporation\PhysX\Common;C:\LLVM\bin;C:\MinGW\bin;C:\Users\ASUS\AppData\Local\Microsoft\WindowsApps;;D:\Microsoft VS Code\bin
USERNAME=ASUS
OS=Windows_NT
PROCESSOR_IDENTIFIER=Intel64 Family 6 Model 126 Stepping 5, GenuineIntel
TMP=C:\Users\ASUS\AppData\Local\Temp
TEMP=C:\Users\ASUS\AppData\Local\Temp



---------------  S Y S T E M  ---------------

OS:
 Windows 10 , 64 bit Build 19041 (10.0.19041.2364)
OS uptime: 0 days 6:57 hours
Hyper-V role detected

CPU: total 8 (initial active 8) (4 cores per cpu, 2 threads per core) family 6 model 126 stepping 5 microcode 0xa0, cx8, cmov, fxsr, ht, mmx, 3dnowpref, sse, sse2, sse3, ssse3, sse4.1, sse4.2, popcnt, lzcnt, tsc, tscinvbit, avx, avx2, aes, erms, clmul, bmi1, bmi2, adx, avx512f, avx512dq, avx512cd, avx512bw, avx512vl, sha, fma, vzeroupper, avx512_vpopcntdq, avx512_vpclmulqdq, avx512_vaes, avx512_vnni, clflush, clflushopt, avx512_vbmi2, avx512_vbmi, hv, rdtscp, rdpid, fsrm, gfni, avx512_bitalg

Memory: 4k page, system-wide physical 3901M (485M free)
TotalPageFile size 5949M (AvailPageFile size 3M)
current process WorkingSet (physical memory assigned to process): 32M, peak: 32M
current process commit charge ("private bytes"): 137M, peak: 137M

vm_info: Java HotSpot(TM) 64-Bit Server VM (19.0.1+10-21) for windows-amd64 JRE (19.0.1+10-21), built on 2022-09-14T12:45:06Z by "mach5one" with MS VC++ 17.1 (VS2022)

END.
