#
# There is insufficient memory for the Java Runtime Environment to continue.
# Native memory allocation (malloc) failed to allocate 134896 bytes for Chunk::new
# Possible reasons:
#   The system is out of physical RAM or swap space
#   The process is running with CompressedOops enabled, and the Java Heap may be blocking the growth of the native heap
# Possible solutions:
#   Reduce memory load on the system
#   Increase physical memory or swap space
#   Check if swap backing store is full
#   Decrease Java heap size (-Xmx/-Xms)
#   Decrease number of Java threads
#   Decrease Java thread stack sizes (-Xss)
#   Set larger code cache with -XX:ReservedCodeCacheSize=
#   JVM is running with Unscaled Compressed Oops mode in which the Java heap is
#     placed in the first 4GB address space. The Java Heap base address is the
#     maximum limit for the native heap growth. Please use -XX:HeapBaseMinAddress
#     to set the Java Heap base and to place the Java Heap above 4GB virtual address.
# This output file may be truncated or incomplete.
#
#  Out of Memory Error (arena.cpp:184), pid=10304, tid=12276
#
# JRE version: Java(TM) SE Runtime Environment (19.0.1+10) (build 19.0.1+10-21)
# Java VM: Java HotSpot(TM) 64-Bit Server VM (19.0.1+10-21, mixed mode, sharing, tiered, compressed oops, compressed class ptrs, g1 gc, windows-amd64)
# No core dump will be written. Minidumps are not enabled by default on client versions of Windows
#

---------------  S U M M A R Y ------------

Command Line: -Dfile.encoding=UTF-8 --module-path=C:\Users\ASUS\Documents\NetBeansProjects\JavaProject\build\classes home.Registration_form

Host: Intel(R) Core(TM) i5-1035G1 CPU @ 1.00GHz, 8 cores, 3G,  Windows 10 , 64 bit Build 19041 (10.0.19041.2364)
Time: Sat Dec 17 11:32:16 2022 Bangladesh Standard Time elapsed time: 0.081293 seconds (0d 0h 0m 0s)

---------------  T H R E A D  ---------------

Current thread (0x00000229a722c890):  JavaThread "C2 CompilerThread0" daemon [_thread_in_native, id=12276, stack(0x000000f278900000,0x000000f278a00000)]


Current CompileTask:
C2:     81  155       4       java.util.HashMap::putVal (300 bytes)

Stack: [0x000000f278900000,0x000000f278a00000]
Native frames: (J=compiled Java code, j=interpreted, Vv=VM code, C=native code)
V  [jvm.dll+0x6ee8fa]
V  [jvm.dll+0x857a1e]
V  [jvm.dll+0x85940e]
V  [jvm.dll+0x859ac3]
V  [jvm.dll+0x28291f]
V  [jvm.dll+0xc9b5f]
V  [jvm.dll+0xc9ee5]
V  [jvm.dll+0x2f7c6f]
V  [jvm.dll+0x5f0c5b]
V  [jvm.dll+0x254d73]
V  [jvm.dll+0x24dbf0]
V  [jvm.dll+0x24b563]
V  [jvm.dll+0x1d6d61]
V  [jvm.dll+0x25b0fa]
V  [jvm.dll+0x259588]
V  [jvm.dll+0x807928]
V  [jvm.dll+0x8015fa]
V  [jvm.dll+0x6ed5eb]
C  [ucrtbase.dll+0x21bb2]
C  [KERNEL32.DLL+0x17614]
C  [ntdll.dll+0x526a1]


---------------  P R O C E S S  ---------------

Threads class SMR info:
_java_thread_list=0x00000229ab53c6f0, length=12, elements={
0x000002298915d7e0, 0x00000229a721ade0, 0x00000229a721bbd0, 0x00000229a721e980,
0x00000229a7228a50, 0x00000229a722aca0, 0x00000229a722e1b0, 0x00000229a722c890,
0x00000229a722cf00, 0x00000229a722d570, 0x00000229ab47ad50, 0x00000229ab808070
}

Java Threads: ( => current thread )
  0x000002298915d7e0 JavaThread "main" [_thread_in_vm, id=11552, stack(0x000000f277c00000,0x000000f277d00000)]
  0x00000229a721ade0 JavaThread "Reference Handler" daemon [_thread_blocked, id=6472, stack(0x000000f278300000,0x000000f278400000)]
  0x00000229a721bbd0 JavaThread "Finalizer" daemon [_thread_blocked, id=8268, stack(0x000000f278400000,0x000000f278500000)]
  0x00000229a721e980 JavaThread "Signal Dispatcher" daemon [_thread_blocked, id=10876, stack(0x000000f278500000,0x000000f278600000)]
  0x00000229a7228a50 JavaThread "Attach Listener" daemon [_thread_blocked, id=13128, stack(0x000000f278600000,0x000000f278700000)]
  0x00000229a722aca0 JavaThread "Service Thread" daemon [_thread_blocked, id=10124, stack(0x000000f278700000,0x000000f278800000)]
  0x00000229a722e1b0 JavaThread "Monitor Deflation Thread" daemon [_thread_blocked, id=3512, stack(0x000000f278800000,0x000000f278900000)]
=>0x00000229a722c890 JavaThread "C2 CompilerThread0" daemon [_thread_in_native, id=12276, stack(0x000000f278900000,0x000000f278a00000)]
  0x00000229a722cf00 JavaThread "C1 CompilerThread0" daemon [_thread_blocked, id=13124, stack(0x000000f278a00000,0x000000f278b00000)]
  0x00000229a722d570 JavaThread "Sweeper thread" daemon [_thread_blocked, id=10520, stack(0x000000f278b00000,0x000000f278c00000)]
  0x00000229ab47ad50 JavaThread "Common-Cleaner" daemon [_thread_blocked, id=9248, stack(0x000000f278c00000,0x000000f278d00000)]
  0x00000229ab808070 JavaThread "Notification Thread" daemon [_thread_blocked, id=3116, stack(0x000000f278d00000,0x000000f278e00000)]

Other Threads:
  0x00000229a7203130 VMThread "VM Thread" [stack: 0x000000f278200000,0x000000f278300000] [id=1152]
  0x00000229ac008bb0 WatcherThread "VM Periodic Task Thread" [stack: 0x000000f278e00000,0x000000f278f00000] [id=2352]
  0x000002298922a110 WorkerThread "GC Thread#0" [stack: 0x000000f277d00000,0x000000f277e00000] [id=9776]
  0x0000022989232c10 ConcurrentGCThread "G1 Main Marker" [stack: 0x000000f277e00000,0x000000f277f00000] [id=3592]
  0x0000022989233640 WorkerThread "G1 Conc#0" [stack: 0x000000f277f00000,0x000000f278000000] [id=10564]
  0x000002298929aa40 ConcurrentGCThread "G1 Refine#0" [stack: 0x000000f278000000,0x000000f278100000] [id=1372]
  0x000002298929c590 ConcurrentGCThread "G1 Service" [stack: 0x000000f278100000,0x000000f278200000] [id=12348]

Threads with active compile tasks:
C2 CompilerThread0       93  155       4       java.util.HashMap::putVal (300 bytes)

VM state: not at safepoint (normal execution)

VM Mutex/Monitor currently owned by a thread:  ([mutex/lock_event])
[0x00000229891e8180] Metaspace_lock - owner thread: 0x000002298915d7e0

Heap address: 0x00000000c3000000, size: 976 MB, Compressed Oops mode: 32-bit

CDS archive(s) mapped at: [0x0000000800000000-0x0000000800c40000-0x0000000800c40000), size 12845056, SharedBaseAddress: 0x0000000800000000, ArchiveRelocationMode: 0.
Compressed class space mapped at: 0x0000000801000000-0x0000000841000000, reserved size: 1073741824
Narrow klass base: 0x0000000800000000, Narrow klass shift: 0, Narrow klass range: 0x100000000

GC Precious Log:
 CardTable entry size: 512
 Card Set container configuration: InlinePtr #cards 5 size 8 Array Of Cards #cards 12 size 40 Howl #buckets 4 coarsen threshold 1843 Howl Bitmap #cards 512 size 80 coarsen threshold 460 Card regions per heap region 1 cards per card region 2048
 CPUs: 8 total, 8 available
 Memory: 3901M
 Large Page Support: Disabled
 NUMA Support: Disabled
 Compressed Oops: Enabled (32-bit)
 Heap Region Size: 1M
 Heap Min Capacity: 8M
 Heap Initial Capacity: 62M
 Heap Max Capacity: 976M
 Pre-touch: Disabled
 Parallel Workers: 8
 Concurrent Workers: 2
 Concurrent Refinement Workers: 8
 Periodic GC: Disabled

Heap:
 garbage-first heap   total 63488K, used 2048K [0x00000000c3000000, 0x0000000100000000)
  region size 1024K, 3 young (3072K), 0 survivors (0K)
 Metaspace       used 832K, committed 960K, reserved 1114112K
  class space    used 52K, committed 128K, reserved 1048576K

Heap Regions: E=young(eden), S=young(survivor), O=old, HS=humongous(starts), HC=humongous(continues), CS=collection set, F=free, OA=open archive, CA=closed archive, TAMS=top-at-mark-start (previous, next)
|   0|0x00000000c3000000, 0x00000000c3000000, 0x00000000c3100000|  0%| F|  |TAMS 0x00000000c3000000, 0x00000000c3000000| Untracked 
|   1|0x00000000c3100000, 0x00000000c3100000, 0x00000000c3200000|  0%| F|  |TAMS 0x00000000c3100000, 0x00000000c3100000| Untracked 
|   2|0x00000000c3200000, 0x00000000c3200000, 0x00000000c3300000|  0%| F|  |TAMS 0x00000000c3200000, 0x00000000c3200000| Untracked 
|   3|0x00000000c3300000, 0x00000000c3300000, 0x00000000c3400000|  0%| F|  |TAMS 0x00000000c3300000, 0x00000000c3300000| Untracked 
|   4|0x00000000c3400000, 0x00000000c3400000, 0x00000000c3500000|  0%| F|  |TAMS 0x00000000c3400000, 0x00000000c3400000| Untracked 
|   5|0x00000000c3500000, 0x00000000c3500000, 0x00000000c3600000|  0%| F|  |TAMS 0x00000000c3500000, 0x00000000c3500000| Untracked 
|   6|0x00000000c3600000, 0x00000000c3600000, 0x00000000c3700000|  0%| F|  |TAMS 0x00000000c3600000, 0x00000000c3600000| Untracked 
|   7|0x00000000c3700000, 0x00000000c3700000, 0x00000000c3800000|  0%| F|  |TAMS 0x00000000c3700000, 0x00000000c3700000| Untracked 
|   8|0x00000000c3800000, 0x00000000c3800000, 0x00000000c3900000|  0%| F|  |TAMS 0x00000000c3800000, 0x00000000c3800000| Untracked 
|   9|0x00000000c3900000, 0x00000000c3900000, 0x00000000c3a00000|  0%| F|  |TAMS 0x00000000c3900000, 0x00000000c3900000| Untracked 
|  10|0x00000000c3a00000, 0x00000000c3a00000, 0x00000000c3b00000|  0%| F|  |TAMS 0x00000000c3a00000, 0x00000000c3a00000| Untracked 
|  11|0x00000000c3b00000, 0x00000000c3b00000, 0x00000000c3c00000|  0%| F|  |TAMS 0x00000000c3b00000, 0x00000000c3b00000| Untracked 
|  12|0x00000000c3c00000, 0x00000000c3c00000, 0x00000000c3d00000|  0%| F|  |TAMS 0x00000000c3c00000, 0x00000000c3c00000| Untracked 
|  13|0x00000000c3d00000, 0x00000000c3d00000, 0x00000000c3e00000|  0%| F|  |TAMS 0x00000000c3d00000, 0x00000000c3d00000| Untracked 
|  14|0x00000000c3e00000, 0x00000000c3e00000, 0x00000000c3f00000|  0%| F|  |TAMS 0x00000000c3e00000, 0x00000000c3e00000| Untracked 
|  15|0x00000000c3f00000, 0x00000000c3f00000, 0x00000000c4000000|  0%| F|  |TAMS 0x00000000c3f00000, 0x00000000c3f00000| Untracked 
|  16|0x00000000c4000000, 0x00000000c4000000, 0x00000000c4100000|  0%| F|  |TAMS 0x00000000c4000000, 0x00000000c4000000| Untracked 
|  17|0x00000000c4100000, 0x00000000c4100000, 0x00000000c4200000|  0%| F|  |TAMS 0x00000000c4100000, 0x00000000c4100000| Untracked 
|  18|0x00000000c4200000, 0x00000000c4200000, 0x00000000c4300000|  0%| F|  |TAMS 0x00000000c4200000, 0x00000000c4200000| Untracked 
|  19|0x00000000c4300000, 0x00000000c4300000, 0x00000000c4400000|  0%| F|  |TAMS 0x00000000c4300000, 0x00000000c4300000| Untracked 
|  20|0x00000000c4400000, 0x00000000c4400000, 0x00000000c4500000|  0%| F|  |TAMS 0x00000000c4400000, 0x00000000c4400000| Untracked 
|  21|0x00000000c4500000, 0x00000000c4500000, 0x00000000c4600000|  0%| F|  |TAMS 0x00000000c4500000, 0x00000000c4500000| Untracked 
|  22|0x00000000c4600000, 0x00000000c4600000, 0x00000000c4700000|  0%| F|  |TAMS 0x00000000c4600000, 0x00000000c4600000| Untracked 
|  23|0x00000000c4700000, 0x00000000c4700000, 0x00000000c4800000|  0%| F|  |TAMS 0x00000000c4700000, 0x00000000c4700000| Untracked 
|  24|0x00000000c4800000, 0x00000000c4800000, 0x00000000c4900000|  0%| F|  |TAMS 0x00000000c4800000, 0x00000000c4800000| Untracked 
|  25|0x00000000c4900000, 0x00000000c4900000, 0x00000000c4a00000|  0%| F|  |TAMS 0x00000000c4900000, 0x00000000c4900000| Untracked 
|  26|0x00000000c4a00000, 0x00000000c4a00000, 0x00000000c4b00000|  0%| F|  |TAMS 0x00000000c4a00000, 0x00000000c4a00000| Untracked 
|  27|0x00000000c4b00000, 0x00000000c4b00000, 0x00000000c4c00000|  0%| F|  |TAMS 0x00000000c4b00000, 0x00000000c4b00000| Untracked 
|  28|0x00000000c4c00000, 0x00000000c4c00000, 0x00000000c4d00000|  0%| F|  |TAMS 0x00000000c4c00000, 0x00000000c4c00000| Untracked 
|  29|0x00000000c4d00000, 0x00000000c4d00000, 0x00000000c4e00000|  0%| F|  |TAMS 0x00000000c4d00000, 0x00000000c4d00000| Untracked 
|  30|0x00000000c4e00000, 0x00000000c4e00000, 0x00000000c4f00000|  0%| F|  |TAMS 0x00000000c4e00000, 0x00000000c4e00000| Untracked 
|  31|0x00000000c4f00000, 0x00000000c4f00000, 0x00000000c5000000|  0%| F|  |TAMS 0x00000000c4f00000, 0x00000000c4f00000| Untracked 
|  32|0x00000000c5000000, 0x00000000c5000000, 0x00000000c5100000|  0%| F|  |TAMS 0x00000000c5000000, 0x00000000c5000000| Untracked 
|  33|0x00000000c5100000, 0x00000000c5100000, 0x00000000c5200000|  0%| F|  |TAMS 0x00000000c5100000, 0x00000000c5100000| Untracked 
|  34|0x00000000c5200000, 0x00000000c5200000, 0x00000000c5300000|  0%| F|  |TAMS 0x00000000c5200000, 0x00000000c5200000| Untracked 
|  35|0x00000000c5300000, 0x00000000c5300000, 0x00000000c5400000|  0%| F|  |TAMS 0x00000000c5300000, 0x00000000c5300000| Untracked 
|  36|0x00000000c5400000, 0x00000000c5400000, 0x00000000c5500000|  0%| F|  |TAMS 0x00000000c5400000, 0x00000000c5400000| Untracked 
|  37|0x00000000c5500000, 0x00000000c5500000, 0x00000000c5600000|  0%| F|  |TAMS 0x00000000c5500000, 0x00000000c5500000| Untracked 
|  38|0x00000000c5600000, 0x00000000c5600000, 0x00000000c5700000|  0%| F|  |TAMS 0x00000000c5600000, 0x00000000c5600000| Untracked 
|  39|0x00000000c5700000, 0x00000000c5700000, 0x00000000c5800000|  0%| F|  |TAMS 0x00000000c5700000, 0x00000000c5700000| Untracked 
|  40|0x00000000c5800000, 0x00000000c5800000, 0x00000000c5900000|  0%| F|  |TAMS 0x00000000c5800000, 0x00000000c5800000| Untracked 
|  41|0x00000000c5900000, 0x00000000c5900000, 0x00000000c5a00000|  0%| F|  |TAMS 0x00000000c5900000, 0x00000000c5900000| Untracked 
|  42|0x00000000c5a00000, 0x00000000c5a00000, 0x00000000c5b00000|  0%| F|  |TAMS 0x00000000c5a00000, 0x00000000c5a00000| Untracked 
|  43|0x00000000c5b00000, 0x00000000c5b00000, 0x00000000c5c00000|  0%| F|  |TAMS 0x00000000c5b00000, 0x00000000c5b00000| Untracked 
|  44|0x00000000c5c00000, 0x00000000c5c00000, 0x00000000c5d00000|  0%| F|  |TAMS 0x00000000c5c00000, 0x00000000c5c00000| Untracked 
|  45|0x00000000c5d00000, 0x00000000c5d00000, 0x00000000c5e00000|  0%| F|  |TAMS 0x00000000c5d00000, 0x00000000c5d00000| Untracked 
|  46|0x00000000c5e00000, 0x00000000c5e00000, 0x00000000c5f00000|  0%| F|  |TAMS 0x00000000c5e00000, 0x00000000c5e00000| Untracked 
|  47|0x00000000c5f00000, 0x00000000c5f00000, 0x00000000c6000000|  0%| F|  |TAMS 0x00000000c5f00000, 0x00000000c5f00000| Untracked 
|  48|0x00000000c6000000, 0x00000000c6000000, 0x00000000c6100000|  0%| F|  |TAMS 0x00000000c6000000, 0x00000000c6000000| Untracked 
|  49|0x00000000c6100000, 0x00000000c6100000, 0x00000000c6200000|  0%| F|  |TAMS 0x00000000c6100000, 0x00000000c6100000| Untracked 
|  50|0x00000000c6200000, 0x00000000c6200000, 0x00000000c6300000|  0%| F|  |TAMS 0x00000000c6200000, 0x00000000c6200000| Untracked 
|  51|0x00000000c6300000, 0x00000000c6300000, 0x00000000c6400000|  0%| F|  |TAMS 0x00000000c6300000, 0x00000000c6300000| Untracked 
|  52|0x00000000c6400000, 0x00000000c6400000, 0x00000000c6500000|  0%| F|  |TAMS 0x00000000c6400000, 0x00000000c6400000| Untracked 
|  53|0x00000000c6500000, 0x00000000c6500000, 0x00000000c6600000|  0%| F|  |TAMS 0x00000000c6500000, 0x00000000c6500000| Untracked 
|  54|0x00000000c6600000, 0x00000000c6600000, 0x00000000c6700000|  0%| F|  |TAMS 0x00000000c6600000, 0x00000000c6600000| Untracked 
|  55|0x00000000c6700000, 0x00000000c6700000, 0x00000000c6800000|  0%| F|  |TAMS 0x00000000c6700000, 0x00000000c6700000| Untracked 
|  56|0x00000000c6800000, 0x00000000c6800000, 0x00000000c6900000|  0%| F|  |TAMS 0x00000000c6800000, 0x00000000c6800000| Untracked 
|  57|0x00000000c6900000, 0x00000000c6900000, 0x00000000c6a00000|  0%| F|  |TAMS 0x00000000c6900000, 0x00000000c6900000| Untracked 
|  58|0x00000000c6a00000, 0x00000000c6a00000, 0x00000000c6b00000|  0%| F|  |TAMS 0x00000000c6a00000, 0x00000000c6a00000| Untracked 
|  59|0x00000000c6b00000, 0x00000000c6b76448, 0x00000000c6c00000| 46%| E|  |TAMS 0x00000000c6b00000, 0x00000000c6b00000| Complete 
|  60|0x00000000c6c00000, 0x00000000c6d00000, 0x00000000c6d00000|100%| E|CS|TAMS 0x00000000c6c00000, 0x00000000c6c00000| Complete 
|  61|0x00000000c6d00000, 0x00000000c6e00000, 0x00000000c6e00000|100%| E|CS|TAMS 0x00000000c6d00000, 0x00000000c6d00000| Complete 

Card table byte_map: [0x00000229a25b0000,0x00000229a27a0000] _byte_map_base: 0x00000229a1f98000

Marking Bits (Prev, Next): (CMBitMap*) 0x000002298922a740, (CMBitMap*) 0x000002298922a780
 Prev Bits: [0x00000229a2990000, 0x00000229a38d0000)
 Next Bits: [0x00000229a38d0000, 0x00000229a4810000)

Polling page: 0x00000229892c0000

Metaspace:

Usage:
  Non-class:    779.91 KB used.
      Class:     52.25 KB used.
       Both:    832.16 KB used.

Virtual space:
  Non-class space:       64.00 MB reserved,     832.00 KB (  1%) committed,  1 nodes.
      Class space:        1.00 GB reserved,     128.00 KB ( <1%) committed,  1 nodes.
             Both:        1.06 GB reserved,     960.00 KB ( <1%) committed. 

Chunk freelists:
   Non-Class:  3.98 MB
       Class:  3.74 MB
        Both:  7.72 MB

MaxMetaspaceSize: unlimited
CompressedClassSpaceSize: 1.00 GB
Initial GC threshold: 21.00 MB
Current GC threshold: 21.00 MB
CDS: on
MetaspaceReclaimPolicy: balanced
 - commit_granule_bytes: 65536.
 - commit_granule_words: 8192.
 - virtual_space_node_default_size: 8388608.
 - enlarge_chunks_in_place: 1.
 - new_chunks_are_fully_committed: 0.
 - uncommit_free_chunks: 1.
 - use_allocation_guard: 0.


Internal statistics:

num_allocs_failed_limit: 0.
num_arena_births: 8.
num_arena_deaths: 0.
num_vsnodes_births: 2.
num_vsnodes_deaths: 0.
num_space_committed: 15.
num_space_uncommitted: 0.
num_chunks_returned_to_freelist: 0.
num_chunks_taken_from_freelist: 10.
num_chunk_merges: 0.
num_chunk_splits: 4.
num_chunks_enlarged: 2.
num_inconsistent_stats: 0.

CodeHeap 'non-profiled nmethods': size=120000Kb used=58Kb max_used=58Kb free=119942Kb
 bounds [0x000002299a420000, 0x000002299a690000, 0x00000229a1950000]
CodeHeap 'profiled nmethods': size=120000Kb used=186Kb max_used=186Kb free=119813Kb
 bounds [0x0000022992950000, 0x0000022992bc0000, 0x0000022999e80000]
CodeHeap 'non-nmethods': size=5760Kb used=1209Kb max_used=1211Kb free=4551Kb
 bounds [0x0000022999e80000, 0x000002299a0f0000, 0x000002299a420000]
 total_blobs=572 nmethods=184 adapters=299
 compilation: enabled
              stopped_count=0, restarted_count=0
 full_count=0

Compilation events (20 events):
Event: 0.067 Thread 0x00000229a722cf00 nmethod 161 0x0000022992977b90 code [0x0000022992977d80, 0x00000229929782d8]
Event: 0.067 Thread 0x00000229a722cf00  163       3       java.util.ImmutableCollections$Set12::iterator (9 bytes)
Event: 0.067 Thread 0x00000229a722cf00 nmethod 163 0x0000022992978510 code [0x00000229929786c0, 0x00000229929789b8]
Event: 0.067 Thread 0x00000229a722cf00  167       3       java.util.concurrent.ConcurrentHashMap::addCount (280 bytes)
Event: 0.068 Thread 0x00000229a722cf00 nmethod 167 0x0000022992978a90 code [0x0000022992978ce0, 0x0000022992979668]
Event: 0.068 Thread 0x00000229a722cf00  168       3       java.util.concurrent.ConcurrentHashMap::casTabAt (21 bytes)
Event: 0.068 Thread 0x00000229a722cf00 nmethod 168 0x0000022992979910 code [0x0000022992979aa0, 0x0000022992979c18]
Event: 0.068 Thread 0x00000229a722cf00  162       3       java.util.Optional::<init> (10 bytes)
Event: 0.068 Thread 0x00000229a722cf00 nmethod 162 0x0000022992979c90 code [0x0000022992979e40, 0x0000022992979ff8]
Event: 0.069 Thread 0x00000229a722cf00  169       3       java.util.ImmutableCollections$Set12$1::next (95 bytes)
Event: 0.069 Thread 0x00000229a722cf00 nmethod 169 0x000002299297a090 code [0x000002299297a260, 0x000002299297a4e8]
Event: 0.069 Thread 0x00000229a722cf00  166       1       java.lang.module.ResolvedModule::reference (5 bytes)
Event: 0.069 Thread 0x00000229a722cf00 nmethod 166 0x000002299a42cd10 code [0x000002299a42cea0, 0x000002299a42cf58]
Event: 0.069 Thread 0x00000229a722cf00  165       1       java.lang.module.ModuleDescriptor::packages (5 bytes)
Event: 0.069 Thread 0x00000229a722cf00 nmethod 165 0x000002299a42d010 code [0x000002299a42d1a0, 0x000002299a42d258]
Event: 0.069 Thread 0x00000229a722cf00  170       1       java.lang.AbstractStringBuilder::getValue (5 bytes)
Event: 0.069 Thread 0x00000229a722cf00 nmethod 170 0x000002299a42d310 code [0x000002299a42d4a0, 0x000002299a42d558]
Event: 0.069 Thread 0x00000229a722cf00  171       1       java.lang.AbstractStringBuilder::length (5 bytes)
Event: 0.069 Thread 0x00000229a722cf00 nmethod 171 0x000002299a42d610 code [0x000002299a42d7a0, 0x000002299a42d858]
Event: 0.069 Thread 0x00000229a722cf00  164       3       java.util.ImmutableCollections$Set12$1::<init> (32 bytes)

GC Heap History (0 events):
No events

Dll operation events (4 events):
Event: 0.005 Loaded shared library C:\Program Files\Java\jdk-19\bin\java.dll
Event: 0.013 Loaded shared library C:\Program Files\Java\jdk-19\bin\jsvml.dll
Event: 0.054 Loaded shared library C:\Program Files\Java\jdk-19\bin\net.dll
Event: 0.056 Loaded shared library C:\Program Files\Java\jdk-19\bin\nio.dll

Deoptimization events (0 events):
No events

Classes loaded (20 events):
Event: 0.058 Loading class java/nio/file/NoSuchFileException
Event: 0.058 Loading class java/nio/file/FileSystemException
Event: 0.058 Loading class java/io/IOException
Event: 0.058 Loading class java/io/IOException done
Event: 0.058 Loading class java/nio/file/FileSystemException done
Event: 0.058 Loading class java/nio/file/NoSuchFileException done
Event: 0.058 Loading class java/nio/file/Files$AcceptAllFilter
Event: 0.058 Loading class java/nio/file/DirectoryStream$Filter
Event: 0.058 Loading class java/nio/file/DirectoryStream$Filter done
Event: 0.058 Loading class java/nio/file/Files$AcceptAllFilter done
Event: 0.058 Loading class sun/nio/fs/WindowsDirectoryStream$WindowsDirectoryIterator
Event: 0.058 Loading class sun/nio/fs/WindowsDirectoryStream$WindowsDirectoryIterator done
Event: 0.058 Loading class sun/nio/fs/WindowsPath$WindowsPathWithAttributes
Event: 0.058 Loading class sun/nio/fs/BasicFileAttributesHolder
Event: 0.058 Loading class sun/nio/fs/BasicFileAttributesHolder done
Event: 0.058 Loading class sun/nio/fs/WindowsPath$WindowsPathWithAttributes done
Event: 0.059 Loading class java/nio/file/attribute/FileAttribute
Event: 0.059 Loading class java/nio/file/attribute/FileAttribute done
Event: 0.059 Loading class sun/nio/fs/WindowsSecurityDescriptor
Event: 0.059 Loading class sun/nio/fs/WindowsSecurityDescriptor done

Classes unloaded (0 events):
No events

Classes redefined (0 events):
No events

Internal exceptions (4 events):
Event: 0.058 Thread 0x000002298915d7e0 Exception <a 'sun/nio/fs/WindowsException'{0x00000000c6c44fb0}> (0x00000000c6c44fb0) 
thrown [s\open\src\hotspot\share\prims\jni.cpp, line 517]
Event: 0.058 Thread 0x000002298915d7e0 Exception <a 'sun/nio/fs/WindowsException'{0x00000000c6c454e0}> (0x00000000c6c454e0) 
thrown [s\open\src\hotspot\share\prims\jni.cpp, line 517]
Event: 0.059 Thread 0x000002298915d7e0 Exception <a 'sun/nio/fs/WindowsException'{0x00000000c6c47780}> (0x00000000c6c47780) 
thrown [s\open\src\hotspot\share\prims\jni.cpp, line 517]
Event: 0.060 Thread 0x000002298915d7e0 Exception <a 'sun/nio/fs/WindowsException'{0x00000000c6c48230}> (0x00000000c6c48230) 
thrown [s\open\src\hotspot\share\prims\jni.cpp, line 517]

VM Operations (2 events):
Event: 0.061 Executing VM operation: HandshakeAllThreads
Event: 0.061 Executing VM operation: HandshakeAllThreads done

Events (11 events):
Event: 0.013 Thread 0x000002298915d7e0 Thread added: 0x000002298915d7e0
Event: 0.025 Thread 0x00000229a721ade0 Thread added: 0x00000229a721ade0
Event: 0.025 Thread 0x00000229a721bbd0 Thread added: 0x00000229a721bbd0
Event: 0.026 Thread 0x00000229a721e980 Thread added: 0x00000229a721e980
Event: 0.026 Thread 0x00000229a7228a50 Thread added: 0x00000229a7228a50
Event: 0.026 Thread 0x00000229a722aca0 Thread added: 0x00000229a722aca0
Event: 0.026 Thread 0x00000229a722e1b0 Thread added: 0x00000229a722e1b0
Event: 0.026 Thread 0x00000229a722c890 Thread added: 0x00000229a722c890
Event: 0.026 Thread 0x00000229a722cf00 Thread added: 0x00000229a722cf00
Event: 0.026 Thread 0x00000229a722d570 Thread added: 0x00000229a722d570
Event: 0.044 Thread 0x00000229ab47ad50 Thread added: 0x00000229ab47ad50


Dynamic libraries:
0x00007ff7222d0000 - 0x00007ff7222e0000 	C:\Program Files\Java\jdk-19\bin\java.exe
0x00007ffa08cf0000 - 0x00007ffa08ee8000 	C:\Windows\SYSTEM32\ntdll.dll
0x00007ffa085c0000 - 0x00007ffa0867f000 	C:\Windows\System32\KERNEL32.DLL
0x00007ffa06640000 - 0x00007ffa06912000 	C:\Windows\System32\KERNELBASE.dll
0x00007ffa06540000 - 0x00007ffa06640000 	C:\Windows\System32\ucrtbase.dll
0x00007ff9ea850000 - 0x00007ff9ea86b000 	C:\Program Files\Java\jdk-19\bin\VCRUNTIME140.dll
0x00007ff9da910000 - 0x00007ff9da928000 	C:\Program Files\Java\jdk-19\bin\jli.dll
0x00007ffa08910000 - 0x00007ffa089be000 	C:\Windows\System32\ADVAPI32.dll
0x00007ffa08520000 - 0x00007ffa085be000 	C:\Windows\System32\msvcrt.dll
0x00007ffa089c0000 - 0x00007ffa08a5c000 	C:\Windows\System32\sechost.dll
0x00007ffa08340000 - 0x00007ffa08465000 	C:\Windows\System32\RPCRT4.dll
0x00007ffa08b00000 - 0x00007ffa08ca1000 	C:\Windows\System32\USER32.dll
0x00007ff9f4e90000 - 0x00007ff9f512a000 	C:\Windows\WinSxS\amd64_microsoft.windows.common-controls_6595b64144ccf1df_6.0.19041.1110_none_60b5254171f9507e\COMCTL32.dll
0x00007ffa069b0000 - 0x00007ffa069d2000 	C:\Windows\System32\win32u.dll
0x00007ffa07ec0000 - 0x00007ffa07eeb000 	C:\Windows\System32\GDI32.dll
0x00007ffa06a30000 - 0x00007ffa06b3f000 	C:\Windows\System32\gdi32full.dll
0x00007ffa06b40000 - 0x00007ffa06bdd000 	C:\Windows\System32\msvcp_win.dll
0x00007ffa009f0000 - 0x00007ffa009fa000 	C:\Windows\SYSTEM32\VERSION.dll
0x00007ffa08470000 - 0x00007ffa084a2000 	C:\Windows\System32\IMM32.DLL
0x00007ff9f60c0000 - 0x00007ff9f60cc000 	C:\Program Files\Java\jdk-19\bin\vcruntime140_1.dll
0x00007ff9d8100000 - 0x00007ff9d818e000 	C:\Program Files\Java\jdk-19\bin\msvcp140.dll
0x00007ff9aa180000 - 0x00007ff9aae40000 	C:\Program Files\Java\jdk-19\bin\server\jvm.dll
0x00007ff9fd230000 - 0x00007ff9fd239000 	C:\Windows\SYSTEM32\WSOCK32.dll
0x00007ff9ef4c0000 - 0x00007ff9ef4e7000 	C:\Windows\SYSTEM32\WINMM.dll
0x00007ffa084b0000 - 0x00007ffa0851b000 	C:\Windows\System32\WS2_32.dll
0x00007ffa04c40000 - 0x00007ffa04c52000 	C:\Windows\SYSTEM32\kernel.appcore.dll
0x00007ff9f3e40000 - 0x00007ff9f3e4a000 	C:\Program Files\Java\jdk-19\bin\jimage.dll
0x00007ffa04150000 - 0x00007ffa04334000 	C:\Windows\SYSTEM32\DBGHELP.DLL
0x00007ff9feb40000 - 0x00007ff9feb75000 	C:\Windows\SYSTEM32\dbgcore.DLL
0x00007ffa06920000 - 0x00007ffa069a2000 	C:\Windows\System32\bcryptPrimitives.dll
0x00007ff9dbc00000 - 0x00007ff9dbc26000 	C:\Program Files\Java\jdk-19\bin\java.dll
0x00007ff9cf940000 - 0x00007ff9cfa17000 	C:\Program Files\Java\jdk-19\bin\jsvml.dll
0x00007ffa071f0000 - 0x00007ffa07934000 	C:\Windows\System32\SHELL32.dll
0x00007ffa04340000 - 0x00007ffa04ad2000 	C:\Windows\SYSTEM32\windows.storage.dll
0x00007ffa06e80000 - 0x00007ffa071d5000 	C:\Windows\System32\combase.dll
0x00007ffa05e40000 - 0x00007ffa05e70000 	C:\Windows\SYSTEM32\Wldp.dll
0x00007ffa08290000 - 0x00007ffa0833d000 	C:\Windows\System32\SHCORE.dll
0x00007ffa088b0000 - 0x00007ffa08905000 	C:\Windows\System32\shlwapi.dll
0x00007ffa06320000 - 0x00007ffa0633f000 	C:\Windows\SYSTEM32\profapi.dll
0x00007ff9e2280000 - 0x00007ff9e2293000 	C:\Program Files\Java\jdk-19\bin\net.dll
0x00007ff9febb0000 - 0x00007ff9fecbc000 	C:\Windows\SYSTEM32\WINHTTP.dll
0x00007ffa05ba0000 - 0x00007ffa05c0a000 	C:\Windows\system32\mswsock.dll
0x00007ff9db6c0000 - 0x00007ff9db6d6000 	C:\Program Files\Java\jdk-19\bin\nio.dll
0x00007ff9d8350000 - 0x00007ff9d8368000 	C:\Program Files\Java\jdk-19\bin\zip.dll

dbghelp: loaded successfully - version: 4.0.5 - missing functions: none
symbol engine: initialized successfully - sym options: 0x614 - pdb path: .;C:\Program Files\Java\jdk-19\bin;C:\Windows\SYSTEM32;C:\Windows\WinSxS\amd64_microsoft.windows.common-controls_6595b64144ccf1df_6.0.19041.1110_none_60b5254171f9507e;C:\Program Files\Java\jdk-19\bin\server

VM Arguments:
jvm_args: -Dfile.encoding=UTF-8 --module-path=C:\Users\ASUS\Documents\NetBeansProjects\JavaProject\build\classes 
java_command: home.Registration_form
java_class_path (initial): F:\Program Files\NetBeans-15\netbeans\java\modules\ext\AbsoluteLayout.jar;C:\Users\ASUS\Documents\NetBeansProjects\JavaProject\build\classes
Launcher Type: SUN_STANDARD

[Global flags]
     intx CICompilerCount                          = 4                                         {product} {ergonomic}
     uint ConcGCThreads                            = 2                                         {product} {ergonomic}
     uint G1ConcRefinementThreads                  = 8                                         {product} {ergonomic}
   size_t G1HeapRegionSize                         = 1048576                                   {product} {ergonomic}
    uintx GCDrainStackTargetSize                   = 64                                        {product} {ergonomic}
   size_t InitialHeapSize                          = 65011712                                  {product} {ergonomic}
   size_t MarkStackSize                            = 4194304                                   {product} {ergonomic}
   size_t MaxHeapSize                              = 1023410176                                {product} {ergonomic}
   size_t MaxNewSize                               = 613416960                                 {product} {ergonomic}
   size_t MinHeapDeltaBytes                        = 1048576                                   {product} {ergonomic}
   size_t MinHeapSize                              = 8388608                                   {product} {ergonomic}
    uintx NonNMethodCodeHeapSize                   = 5839372                                {pd product} {ergonomic}
    uintx NonProfiledCodeHeapSize                  = 122909434                              {pd product} {ergonomic}
    uintx ProfiledCodeHeapSize                     = 122909434                              {pd product} {ergonomic}
    uintx ReservedCodeCacheSize                    = 251658240                              {pd product} {ergonomic}
     bool SegmentedCodeCache                       = true                                      {product} {ergonomic}
   size_t SoftMaxHeapSize                          = 1023410176                             {manageable} {ergonomic}
     bool UseCompressedClassPointers               = true                           {product lp64_product} {ergonomic}
     bool UseCompressedOops                        = true                           {product lp64_product} {ergonomic}
     bool UseG1GC                                  = true                                      {product} {ergonomic}
     bool UseLargePagesIndividualAllocation        = false                                  {pd product} {ergonomic}

Logging:
Log output configuration:
 #0: stdout all=warning uptime,level,tags foldmultilines=false
 #1: stderr all=off uptime,level,tags foldmultilines=false

Environment Variables:
PATH=C:\Program Files\Common Files\Oracle\Java\javapath;C:\Windows\system32;C:\Windows;C:\Windows\System32\Wbem;C:\Windows\System32\WindowsPowerShell\v1.0\;C:\Windows\System32\OpenSSH\;C:\Program Files (x86)\NVIDIA Corporation\PhysX\Common;C:\LLVM\bin;C:\MinGW\bin;C:\Users\ASUS\AppData\Local\Microsoft\WindowsApps;;D:\Microsoft VS Code\bin
USERNAME=ASUS
OS=Windows_NT
PROCESSOR_IDENTIFIER=Intel64 Family 6 Model 126 Stepping 5, GenuineIntel
TMP=C:\Users\ASUS\AppData\Local\Temp
TEMP=C:\Users\ASUS\AppData\Local\Temp



---------------  S Y S T E M  ---------------

OS:
 Windows 10 , 64 bit Build 19041 (10.0.19041.2364)
OS uptime: 2 days 0:29 hours
Hyper-V role detected

CPU: total 8 (initial active 8) (4 cores per cpu, 2 threads per core) family 6 model 126 stepping 5 microcode 0xa0, cx8, cmov, fxsr, ht, mmx, 3dnowpref, sse, sse2, sse3, ssse3, sse4.1, sse4.2, popcnt, lzcnt, tsc, tscinvbit, avx, avx2, aes, erms, clmul, bmi1, bmi2, adx, avx512f, avx512dq, avx512cd, avx512bw, avx512vl, sha, fma, vzeroupper, avx512_vpopcntdq, avx512_vpclmulqdq, avx512_vaes, avx512_vnni, clflush, clflushopt, avx512_vbmi2, avx512_vbmi, hv, rdtscp, rdpid, fsrm, gfni, avx512_bitalg

Memory: 4k page, system-wide physical 3901M (369M free)
TotalPageFile size 5949M (AvailPageFile size 3M)
current process WorkingSet (physical memory assigned to process): 33M, peak: 33M
current process commit charge ("private bytes"): 142M, peak: 142M

vm_info: Java HotSpot(TM) 64-Bit Server VM (19.0.1+10-21) for windows-amd64 JRE (19.0.1+10-21), built on 2022-09-14T12:45:06Z by "mach5one" with MS VC++ 17.1 (VS2022)

END.
