#
# There is insufficient memory for the Java Runtime Environment to continue.
# Native memory allocation (malloc) failed to allocate 32744 bytes for Chunk::new
# Possible reasons:
#   The system is out of physical RAM or swap space
#   The process is running with CompressedOops enabled, and the Java Heap may be blocking the growth of the native heap
# Possible solutions:
#   Reduce memory load on the system
#   Increase physical memory or swap space
#   Check if swap backing store is full
#   Decrease Java heap size (-Xmx/-Xms)
#   Decrease number of Java threads
#   Decrease Java thread stack sizes (-Xss)
#   Set larger code cache with -XX:ReservedCodeCacheSize=
#   JVM is running with Unscaled Compressed Oops mode in which the Java heap is
#     placed in the first 4GB address space. The Java Heap base address is the
#     maximum limit for the native heap growth. Please use -XX:HeapBaseMinAddress
#     to set the Java Heap base and to place the Java Heap above 4GB virtual address.
# This output file may be truncated or incomplete.
#
#  Out of Memory Error (arena.cpp:184), pid=11120, tid=2576
#
# JRE version: Java(TM) SE Runtime Environment (19.0.1+10) (build 19.0.1+10-21)
# Java VM: Java HotSpot(TM) 64-Bit Server VM (19.0.1+10-21, mixed mode, tiered, compressed oops, compressed class ptrs, g1 gc, windows-amd64)
# No core dump will be written. Minidumps are not enabled by default on client versions of Windows
#

---------------  S U M M A R Y ------------

Command Line: -Dfile.encoding=UTF-8 --module-path=C:\Users\ASUS\Documents\NetBeansProjects\JavaProject\build\classes home.registration

Host: Intel(R) Core(TM) i5-1035G1 CPU @ 1.00GHz, 8 cores, 3G,  Windows 10 , 64 bit Build 19041 (10.0.19041.2364)
Time: Sat Dec 17 11:38:04 2022 Bangladesh Standard Time elapsed time: 0.078023 seconds (0d 0h 0m 0s)

---------------  T H R E A D  ---------------

Current thread (0x00000164ba834710):  JavaThread "C1 CompilerThread0" daemon [_thread_in_native, id=2576, stack(0x000000374f800000,0x000000374f900000)]


Current CompileTask:
C1:     78   19       3       java.util.ImmutableCollections$AbstractImmutableSet::<init> (5 bytes)

Stack: [0x000000374f800000,0x000000374f900000]
Native frames: (J=compiled Java code, j=interpreted, Vv=VM code, C=native code)
V  [jvm.dll+0x6ee8fa]
V  [jvm.dll+0x857a1e]
V  [jvm.dll+0x85940e]
V  [jvm.dll+0x859ac3]
V  [jvm.dll+0x28291f]
V  [jvm.dll+0xc9b5f]
V  [jvm.dll+0xc9ee5]
V  [jvm.dll+0xd58cd]
V  [jvm.dll+0x18cb30]
V  [jvm.dll+0x18adfe]
V  [jvm.dll+0x178ab0]
V  [jvm.dll+0x1616b7]
V  [jvm.dll+0x161022]
V  [jvm.dll+0x161278]
V  [jvm.dll+0x1606d6]
V  [jvm.dll+0x1623cd]
V  [jvm.dll+0x25b0fa]
V  [jvm.dll+0x259588]
V  [jvm.dll+0x807928]
V  [jvm.dll+0x8015fa]
V  [jvm.dll+0x6ed5eb]
C  [ucrtbase.dll+0x21bb2]
C  [KERNEL32.DLL+0x17614]
C  [ntdll.dll+0x526a1]


---------------  P R O C E S S  ---------------

Threads class SMR info:
_java_thread_list=0x00000164b6553880, length=10, elements={
0x000001649849a1f0, 0x00000164b6556ba0, 0x00000164b6557a80, 0x00000164ba84a960,
0x00000164ba84d390, 0x00000164ba82e700, 0x00000164ba82f030, 0x00000164ba82fc90,
0x00000164ba834710, 0x00000164ba836090
}

Java Threads: ( => current thread )
  0x000001649849a1f0 JavaThread "main" [_thread_in_vm, id=11508, stack(0x000000374ea00000,0x000000374eb00000)]
  0x00000164b6556ba0 JavaThread "Reference Handler" daemon [_thread_blocked, id=11368, stack(0x000000374f100000,0x000000374f200000)]
  0x00000164b6557a80 JavaThread "Finalizer" daemon [_thread_blocked, id=10040, stack(0x000000374f200000,0x000000374f300000)]
  0x00000164ba84a960 JavaThread "Signal Dispatcher" daemon [_thread_blocked, id=9016, stack(0x000000374f300000,0x000000374f400000)]
  0x00000164ba84d390 JavaThread "Attach Listener" daemon [_thread_blocked, id=13284, stack(0x000000374f400000,0x000000374f500000)]
  0x00000164ba82e700 JavaThread "Service Thread" daemon [_thread_blocked, id=2228, stack(0x000000374f500000,0x000000374f600000)]
  0x00000164ba82f030 JavaThread "Monitor Deflation Thread" daemon [_thread_blocked, id=3516, stack(0x000000374f600000,0x000000374f700000)]
  0x00000164ba82fc90 JavaThread "C2 CompilerThread0" daemon [_thread_blocked, id=11380, stack(0x000000374f700000,0x000000374f800000)]
=>0x00000164ba834710 JavaThread "C1 CompilerThread0" daemon [_thread_in_native, id=2576, stack(0x000000374f800000,0x000000374f900000)]
  0x00000164ba836090 JavaThread "Sweeper thread" daemon [_thread_blocked, id=11788, stack(0x000000374f900000,0x000000374fa00000)]

Other Threads:
  0x00000164b652a860 VMThread "VM Thread" [stack: 0x000000374f000000,0x000000374f100000] [id=6712]
  0x00000164984dabb0 WorkerThread "GC Thread#0" [stack: 0x000000374eb00000,0x000000374ec00000] [id=8604]
  0x00000164984e3510 ConcurrentGCThread "G1 Main Marker" [stack: 0x000000374ec00000,0x000000374ed00000] [id=12896]
  0x00000164984e40e0 WorkerThread "G1 Conc#0" [stack: 0x000000374ed00000,0x000000374ee00000] [id=11144]
  0x00000164985657e0 ConcurrentGCThread "G1 Refine#0" [stack: 0x000000374ee00000,0x000000374ef00000] [id=10356]
  0x0000016498566320 ConcurrentGCThread "G1 Service" [stack: 0x000000374ef00000,0x000000374f000000] [id=9620]

Threads with active compile tasks:
C1 CompilerThread0       89   19       3       java.util.ImmutableCollections$AbstractImmutableSet::<init> (5 bytes)

VM state: not at safepoint (normal execution)

VM Mutex/Monitor currently owned by a thread:  ([mutex/lock_event])
[0x00000164984939d0] Metaspace_lock - owner thread: 0x000001649849a1f0

Heap address: 0x00000000c3000000, size: 976 MB, Compressed Oops mode: 32-bit

CDS archive(s) not mapped
Compressed class space mapped at: 0x0000000100000000-0x0000000140000000, reserved size: 1073741824
Narrow klass base: 0x0000000000000000, Narrow klass shift: 3, Narrow klass range: 0x140000000

GC Precious Log:
 CardTable entry size: 512
 Card Set container configuration: InlinePtr #cards 5 size 8 Array Of Cards #cards 12 size 40 Howl #buckets 4 coarsen threshold 1843 Howl Bitmap #cards 512 size 80 coarsen threshold 460 Card regions per heap region 1 cards per card region 2048
 CPUs: 8 total, 8 available
 Memory: 3901M
 Large Page Support: Disabled
 NUMA Support: Disabled
 Compressed Oops: Enabled (32-bit)
 Heap Region Size: 1M
 Heap Min Capacity: 8M
 Heap Initial Capacity: 62M
 Heap Max Capacity: 976M
 Pre-touch: Disabled
 Parallel Workers: 8
 Concurrent Workers: 2
 Concurrent Refinement Workers: 8
 Periodic GC: Disabled

Heap:
 garbage-first heap   total 63488K, used 0K [0x00000000c3000000, 0x0000000100000000)
  region size 1024K, 1 young (1024K), 0 survivors (0K)
 Metaspace       used 3727K, committed 3776K, reserved 1114112K
  class space    used 272K, committed 320K, reserved 1048576K

Heap Regions: E=young(eden), S=young(survivor), O=old, HS=humongous(starts), HC=humongous(continues), CS=collection set, F=free, OA=open archive, CA=closed archive, TAMS=top-at-mark-start (previous, next)
|   0|0x00000000c3000000, 0x00000000c3000000, 0x00000000c3100000|  0%| F|  |TAMS 0x00000000c3000000, 0x00000000c3000000| Untracked 
|   1|0x00000000c3100000, 0x00000000c3100000, 0x00000000c3200000|  0%| F|  |TAMS 0x00000000c3100000, 0x00000000c3100000| Untracked 
|   2|0x00000000c3200000, 0x00000000c3200000, 0x00000000c3300000|  0%| F|  |TAMS 0x00000000c3200000, 0x00000000c3200000| Untracked 
|   3|0x00000000c3300000, 0x00000000c3300000, 0x00000000c3400000|  0%| F|  |TAMS 0x00000000c3300000, 0x00000000c3300000| Untracked 
|   4|0x00000000c3400000, 0x00000000c3400000, 0x00000000c3500000|  0%| F|  |TAMS 0x00000000c3400000, 0x00000000c3400000| Untracked 
|   5|0x00000000c3500000, 0x00000000c3500000, 0x00000000c3600000|  0%| F|  |TAMS 0x00000000c3500000, 0x00000000c3500000| Untracked 
|   6|0x00000000c3600000, 0x00000000c3600000, 0x00000000c3700000|  0%| F|  |TAMS 0x00000000c3600000, 0x00000000c3600000| Untracked 
|   7|0x00000000c3700000, 0x00000000c3700000, 0x00000000c3800000|  0%| F|  |TAMS 0x00000000c3700000, 0x00000000c3700000| Untracked 
|   8|0x00000000c3800000, 0x00000000c3800000, 0x00000000c3900000|  0%| F|  |TAMS 0x00000000c3800000, 0x00000000c3800000| Untracked 
|   9|0x00000000c3900000, 0x00000000c3900000, 0x00000000c3a00000|  0%| F|  |TAMS 0x00000000c3900000, 0x00000000c3900000| Untracked 
|  10|0x00000000c3a00000, 0x00000000c3a00000, 0x00000000c3b00000|  0%| F|  |TAMS 0x00000000c3a00000, 0x00000000c3a00000| Untracked 
|  11|0x00000000c3b00000, 0x00000000c3b00000, 0x00000000c3c00000|  0%| F|  |TAMS 0x00000000c3b00000, 0x00000000c3b00000| Untracked 
|  12|0x00000000c3c00000, 0x00000000c3c00000, 0x00000000c3d00000|  0%| F|  |TAMS 0x00000000c3c00000, 0x00000000c3c00000| Untracked 
|  13|0x00000000c3d00000, 0x00000000c3d00000, 0x00000000c3e00000|  0%| F|  |TAMS 0x00000000c3d00000, 0x00000000c3d00000| Untracked 
|  14|0x00000000c3e00000, 0x00000000c3e00000, 0x00000000c3f00000|  0%| F|  |TAMS 0x00000000c3e00000, 0x00000000c3e00000| Untracked 
|  15|0x00000000c3f00000, 0x00000000c3f00000, 0x00000000c4000000|  0%| F|  |TAMS 0x00000000c3f00000, 0x00000000c3f00000| Untracked 
|  16|0x00000000c4000000, 0x00000000c4000000, 0x00000000c4100000|  0%| F|  |TAMS 0x00000000c4000000, 0x00000000c4000000| Untracked 
|  17|0x00000000c4100000, 0x00000000c4100000, 0x00000000c4200000|  0%| F|  |TAMS 0x00000000c4100000, 0x00000000c4100000| Untracked 
|  18|0x00000000c4200000, 0x00000000c4200000, 0x00000000c4300000|  0%| F|  |TAMS 0x00000000c4200000, 0x00000000c4200000| Untracked 
|  19|0x00000000c4300000, 0x00000000c4300000, 0x00000000c4400000|  0%| F|  |TAMS 0x00000000c4300000, 0x00000000c4300000| Untracked 
|  20|0x00000000c4400000, 0x00000000c4400000, 0x00000000c4500000|  0%| F|  |TAMS 0x00000000c4400000, 0x00000000c4400000| Untracked 
|  21|0x00000000c4500000, 0x00000000c4500000, 0x00000000c4600000|  0%| F|  |TAMS 0x00000000c4500000, 0x00000000c4500000| Untracked 
|  22|0x00000000c4600000, 0x00000000c4600000, 0x00000000c4700000|  0%| F|  |TAMS 0x00000000c4600000, 0x00000000c4600000| Untracked 
|  23|0x00000000c4700000, 0x00000000c4700000, 0x00000000c4800000|  0%| F|  |TAMS 0x00000000c4700000, 0x00000000c4700000| Untracked 
|  24|0x00000000c4800000, 0x00000000c4800000, 0x00000000c4900000|  0%| F|  |TAMS 0x00000000c4800000, 0x00000000c4800000| Untracked 
|  25|0x00000000c4900000, 0x00000000c4900000, 0x00000000c4a00000|  0%| F|  |TAMS 0x00000000c4900000, 0x00000000c4900000| Untracked 
|  26|0x00000000c4a00000, 0x00000000c4a00000, 0x00000000c4b00000|  0%| F|  |TAMS 0x00000000c4a00000, 0x00000000c4a00000| Untracked 
|  27|0x00000000c4b00000, 0x00000000c4b00000, 0x00000000c4c00000|  0%| F|  |TAMS 0x00000000c4b00000, 0x00000000c4b00000| Untracked 
|  28|0x00000000c4c00000, 0x00000000c4c00000, 0x00000000c4d00000|  0%| F|  |TAMS 0x00000000c4c00000, 0x00000000c4c00000| Untracked 
|  29|0x00000000c4d00000, 0x00000000c4d00000, 0x00000000c4e00000|  0%| F|  |TAMS 0x00000000c4d00000, 0x00000000c4d00000| Untracked 
|  30|0x00000000c4e00000, 0x00000000c4e00000, 0x00000000c4f00000|  0%| F|  |TAMS 0x00000000c4e00000, 0x00000000c4e00000| Untracked 
|  31|0x00000000c4f00000, 0x00000000c4f00000, 0x00000000c5000000|  0%| F|  |TAMS 0x00000000c4f00000, 0x00000000c4f00000| Untracked 
|  32|0x00000000c5000000, 0x00000000c5000000, 0x00000000c5100000|  0%| F|  |TAMS 0x00000000c5000000, 0x00000000c5000000| Untracked 
|  33|0x00000000c5100000, 0x00000000c5100000, 0x00000000c5200000|  0%| F|  |TAMS 0x00000000c5100000, 0x00000000c5100000| Untracked 
|  34|0x00000000c5200000, 0x00000000c5200000, 0x00000000c5300000|  0%| F|  |TAMS 0x00000000c5200000, 0x00000000c5200000| Untracked 
|  35|0x00000000c5300000, 0x00000000c5300000, 0x00000000c5400000|  0%| F|  |TAMS 0x00000000c5300000, 0x00000000c5300000| Untracked 
|  36|0x00000000c5400000, 0x00000000c5400000, 0x00000000c5500000|  0%| F|  |TAMS 0x00000000c5400000, 0x00000000c5400000| Untracked 
|  37|0x00000000c5500000, 0x00000000c5500000, 0x00000000c5600000|  0%| F|  |TAMS 0x00000000c5500000, 0x00000000c5500000| Untracked 
|  38|0x00000000c5600000, 0x00000000c5600000, 0x00000000c5700000|  0%| F|  |TAMS 0x00000000c5600000, 0x00000000c5600000| Untracked 
|  39|0x00000000c5700000, 0x00000000c5700000, 0x00000000c5800000|  0%| F|  |TAMS 0x00000000c5700000, 0x00000000c5700000| Untracked 
|  40|0x00000000c5800000, 0x00000000c5800000, 0x00000000c5900000|  0%| F|  |TAMS 0x00000000c5800000, 0x00000000c5800000| Untracked 
|  41|0x00000000c5900000, 0x00000000c5900000, 0x00000000c5a00000|  0%| F|  |TAMS 0x00000000c5900000, 0x00000000c5900000| Untracked 
|  42|0x00000000c5a00000, 0x00000000c5a00000, 0x00000000c5b00000|  0%| F|  |TAMS 0x00000000c5a00000, 0x00000000c5a00000| Untracked 
|  43|0x00000000c5b00000, 0x00000000c5b00000, 0x00000000c5c00000|  0%| F|  |TAMS 0x00000000c5b00000, 0x00000000c5b00000| Untracked 
|  44|0x00000000c5c00000, 0x00000000c5c00000, 0x00000000c5d00000|  0%| F|  |TAMS 0x00000000c5c00000, 0x00000000c5c00000| Untracked 
|  45|0x00000000c5d00000, 0x00000000c5d00000, 0x00000000c5e00000|  0%| F|  |TAMS 0x00000000c5d00000, 0x00000000c5d00000| Untracked 
|  46|0x00000000c5e00000, 0x00000000c5e00000, 0x00000000c5f00000|  0%| F|  |TAMS 0x00000000c5e00000, 0x00000000c5e00000| Untracked 
|  47|0x00000000c5f00000, 0x00000000c5f00000, 0x00000000c6000000|  0%| F|  |TAMS 0x00000000c5f00000, 0x00000000c5f00000| Untracked 
|  48|0x00000000c6000000, 0x00000000c6000000, 0x00000000c6100000|  0%| F|  |TAMS 0x00000000c6000000, 0x00000000c6000000| Untracked 
|  49|0x00000000c6100000, 0x00000000c6100000, 0x00000000c6200000|  0%| F|  |TAMS 0x00000000c6100000, 0x00000000c6100000| Untracked 
|  50|0x00000000c6200000, 0x00000000c6200000, 0x00000000c6300000|  0%| F|  |TAMS 0x00000000c6200000, 0x00000000c6200000| Untracked 
|  51|0x00000000c6300000, 0x00000000c6300000, 0x00000000c6400000|  0%| F|  |TAMS 0x00000000c6300000, 0x00000000c6300000| Untracked 
|  52|0x00000000c6400000, 0x00000000c6400000, 0x00000000c6500000|  0%| F|  |TAMS 0x00000000c6400000, 0x00000000c6400000| Untracked 
|  53|0x00000000c6500000, 0x00000000c6500000, 0x00000000c6600000|  0%| F|  |TAMS 0x00000000c6500000, 0x00000000c6500000| Untracked 
|  54|0x00000000c6600000, 0x00000000c6600000, 0x00000000c6700000|  0%| F|  |TAMS 0x00000000c6600000, 0x00000000c6600000| Untracked 
|  55|0x00000000c6700000, 0x00000000c6700000, 0x00000000c6800000|  0%| F|  |TAMS 0x00000000c6700000, 0x00000000c6700000| Untracked 
|  56|0x00000000c6800000, 0x00000000c6800000, 0x00000000c6900000|  0%| F|  |TAMS 0x00000000c6800000, 0x00000000c6800000| Untracked 
|  57|0x00000000c6900000, 0x00000000c6900000, 0x00000000c6a00000|  0%| F|  |TAMS 0x00000000c6900000, 0x00000000c6900000| Untracked 
|  58|0x00000000c6a00000, 0x00000000c6a00000, 0x00000000c6b00000|  0%| F|  |TAMS 0x00000000c6a00000, 0x00000000c6a00000| Untracked 
|  59|0x00000000c6b00000, 0x00000000c6b00000, 0x00000000c6c00000|  0%| F|  |TAMS 0x00000000c6b00000, 0x00000000c6b00000| Untracked 
|  60|0x00000000c6c00000, 0x00000000c6c00000, 0x00000000c6d00000|  0%| F|  |TAMS 0x00000000c6c00000, 0x00000000c6c00000| Untracked 
|  61|0x00000000c6d00000, 0x00000000c6e00000, 0x00000000c6e00000|100%| E|  |TAMS 0x00000000c6d00000, 0x00000000c6d00000| Complete 

Card table byte_map: [0x00000164b1880000,0x00000164b1a70000] _byte_map_base: 0x00000164b1268000

Marking Bits (Prev, Next): (CMBitMap*) 0x00000164984db1e0, (CMBitMap*) 0x00000164984db220
 Prev Bits: [0x00000164b1c60000, 0x00000164b2ba0000)
 Next Bits: [0x00000164b2ba0000, 0x00000164b3ae0000)

Polling page: 0x0000016498290000

Metaspace:

Usage:
  Non-class:      3.37 MB used.
      Class:    272.41 KB used.
       Both:      3.64 MB used.

Virtual space:
  Non-class space:       64.00 MB reserved,       3.38 MB (  5%) committed,  1 nodes.
      Class space:        1.00 GB reserved,     320.00 KB ( <1%) committed,  1 nodes.
             Both:        1.06 GB reserved,       3.69 MB ( <1%) committed. 

Chunk freelists:
   Non-Class:  0 bytes
       Class:  3.62 MB
        Both:  3.62 MB

MaxMetaspaceSize: unlimited
CompressedClassSpaceSize: 1.00 GB
Initial GC threshold: 21.00 MB
Current GC threshold: 21.00 MB
CDS: off
MetaspaceReclaimPolicy: balanced
 - commit_granule_bytes: 65536.
 - commit_granule_words: 8192.
 - virtual_space_node_default_size: 8388608.
 - enlarge_chunks_in_place: 1.
 - new_chunks_are_fully_committed: 0.
 - uncommit_free_chunks: 1.
 - use_allocation_guard: 0.


Internal statistics:

num_allocs_failed_limit: 0.
num_arena_births: 2.
num_arena_deaths: 0.
num_vsnodes_births: 2.
num_vsnodes_deaths: 0.
num_space_committed: 59.
num_space_uncommitted: 0.
num_chunks_returned_to_freelist: 0.
num_chunks_taken_from_freelist: 4.
num_chunk_merges: 0.
num_chunk_splits: 1.
num_chunks_enlarged: 0.
num_inconsistent_stats: 0.

CodeHeap 'non-profiled nmethods': size=120000Kb used=1Kb max_used=1Kb free=119998Kb
 bounds [0x00000164a9700000, 0x00000164a9970000, 0x00000164b0c30000]
CodeHeap 'profiled nmethods': size=120000Kb used=20Kb max_used=20Kb free=119979Kb
 bounds [0x00000164a1c30000, 0x00000164a1ea0000, 0x00000164a9160000]
CodeHeap 'non-nmethods': size=5760Kb used=1134Kb max_used=1147Kb free=4625Kb
 bounds [0x00000164a9160000, 0x00000164a93d0000, 0x00000164a9700000]
 total_blobs=309 nmethods=18 adapters=202
 compilation: enabled
              stopped_count=0, restarted_count=0
 full_count=0

Compilation events (20 events):
Event: 0.062 Thread 0x00000164ba834710    8       3       java.util.ImmutableCollections$SetN::probe (56 bytes)
Event: 0.063 Thread 0x00000164ba834710 nmethod 8 0x00000164a1c32410 code [0x00000164a1c32600, 0x00000164a1c32b38]
Event: 0.063 Thread 0x00000164ba834710    9       3       java.lang.String::equals (56 bytes)
Event: 0.063 Thread 0x00000164ba834710 nmethod 9 0x00000164a1c32d90 code [0x00000164a1c32f60, 0x00000164a1c333c8]
Event: 0.063 Thread 0x00000164ba834710   10       3       java.lang.StringLatin1::equals (36 bytes)
Event: 0.063 Thread 0x00000164ba834710 nmethod 10 0x00000164a1c33490 code [0x00000164a1c33640, 0x00000164a1c338d8]
Event: 0.064 Thread 0x00000164ba834710   11       3       java.util.Set::of (4 bytes)
Event: 0.064 Thread 0x00000164ba834710 nmethod 11 0x00000164a1c33a10 code [0x00000164a1c33ba0, 0x00000164a1c33c98]
Event: 0.064 Thread 0x00000164ba834710   12       3       java.lang.module.ModuleDescriptor$Exports::<init> (20 bytes)
Event: 0.064 Thread 0x00000164ba82fc90   13       4       java.lang.StringLatin1::hashCode (42 bytes)
Event: 0.064 Thread 0x00000164ba834710 nmethod 12 0x00000164a1c33d10 code [0x00000164a1c33ec0, 0x00000164a1c34138]
Event: 0.064 Thread 0x00000164ba834710   15       3       java.util.ImmutableCollections$SetN::iterator (9 bytes)
Event: 0.064 Thread 0x00000164ba834710 nmethod 15 0x00000164a1c34210 code [0x00000164a1c343c0, 0x00000164a1c34568]
Event: 0.064 Thread 0x00000164ba834710   16       3       java.util.AbstractCollection::<init> (5 bytes)
Event: 0.064 Thread 0x00000164ba834710 nmethod 16 0x00000164a1c34610 code [0x00000164a1c347c0, 0x00000164a1c34918]
Event: 0.064 Thread 0x00000164ba834710   17       3       java.util.ImmutableCollections$AbstractImmutableCollection::<init> (5 bytes)
Event: 0.064 Thread 0x00000164ba834710 nmethod 17 0x00000164a1c34a10 code [0x00000164a1c34bc0, 0x00000164a1c34d78]
Event: 0.064 Thread 0x00000164ba834710   18       3       java.util.Objects::requireNonNull (14 bytes)
Event: 0.064 Thread 0x00000164ba834710 nmethod 18 0x00000164a1c34e90 code [0x00000164a1c35040, 0x00000164a1c35228]
Event: 0.065 Thread 0x00000164ba834710   19       3       java.util.ImmutableCollections$AbstractImmutableSet::<init> (5 bytes)

GC Heap History (0 events):
No events

Dll operation events (2 events):
Event: 0.006 Loaded shared library C:\Program Files\Java\jdk-19\bin\java.dll
Event: 0.029 Loaded shared library C:\Program Files\Java\jdk-19\bin\jsvml.dll

Deoptimization events (0 events):
No events

Classes loaded (20 events):
Event: 0.061 Loading class jdk/internal/module/Builder
Event: 0.062 Loading class jdk/internal/module/Builder done
Event: 0.062 Loading class java/lang/module/ModuleDescriptor$Requires
Event: 0.062 Loading class java/lang/module/ModuleDescriptor$Requires done
Event: 0.062 Loading class java/lang/module/ModuleDescriptor$Exports
Event: 0.062 Loading class java/lang/module/ModuleDescriptor$Exports done
Event: 0.062 Loading class java/util/ImmutableCollections$SetN$SetNIterator
Event: 0.062 Loading class java/util/ImmutableCollections$SetN$SetNIterator done
Event: 0.062 Loading class java/lang/module/ModuleDescriptor$Opens
Event: 0.062 Loading class java/lang/module/ModuleDescriptor$Opens done
Event: 0.062 Loading class java/lang/module/ModuleDescriptor$Provides
Event: 0.062 Loading class java/lang/module/ModuleDescriptor$Provides done
Event: 0.062 Loading class java/lang/module/ModuleDescriptor$Version
Event: 0.062 Loading class java/lang/module/ModuleDescriptor$Version done
Event: 0.063 Loading class java/lang/module/ModuleDescriptor$Modifier
Event: 0.063 Loading class java/lang/module/ModuleDescriptor$Modifier done
Event: 0.063 Loading class java/lang/module/ModuleDescriptor$Requires$Modifier
Event: 0.063 Loading class java/lang/module/ModuleDescriptor$Requires$Modifier done
Event: 0.063 Loading class java/util/ImmutableCollections$Set12$1
Event: 0.063 Loading class java/util/ImmutableCollections$Set12$1 done

Classes unloaded (0 events):
No events

Classes redefined (0 events):
No events

Internal exceptions (0 events):
No events

VM Operations (0 events):
No events

Events (10 events):
Event: 0.030 Thread 0x000001649849a1f0 Thread added: 0x000001649849a1f0
Event: 0.050 Thread 0x00000164b6556ba0 Thread added: 0x00000164b6556ba0
Event: 0.050 Thread 0x00000164b6557a80 Thread added: 0x00000164b6557a80
Event: 0.051 Thread 0x00000164ba84a960 Thread added: 0x00000164ba84a960
Event: 0.051 Thread 0x00000164ba84d390 Thread added: 0x00000164ba84d390
Event: 0.051 Thread 0x00000164ba82e700 Thread added: 0x00000164ba82e700
Event: 0.051 Thread 0x00000164ba82f030 Thread added: 0x00000164ba82f030
Event: 0.051 Thread 0x00000164ba82fc90 Thread added: 0x00000164ba82fc90
Event: 0.051 Thread 0x00000164ba834710 Thread added: 0x00000164ba834710
Event: 0.051 Thread 0x00000164ba836090 Thread added: 0x00000164ba836090


Dynamic libraries:
0x00007ff7222d0000 - 0x00007ff7222e0000 	C:\Program Files\Java\jdk-19\bin\java.exe
0x00007ffa08cf0000 - 0x00007ffa08ee8000 	C:\Windows\SYSTEM32\ntdll.dll
0x00007ffa085c0000 - 0x00007ffa0867f000 	C:\Windows\System32\KERNEL32.DLL
0x00007ffa06640000 - 0x00007ffa06912000 	C:\Windows\System32\KERNELBASE.dll
0x00007ffa06540000 - 0x00007ffa06640000 	C:\Windows\System32\ucrtbase.dll
0x00007ff9ea850000 - 0x00007ff9ea86b000 	C:\Program Files\Java\jdk-19\bin\VCRUNTIME140.dll
0x00007ff9fe830000 - 0x00007ff9fe848000 	C:\Program Files\Java\jdk-19\bin\jli.dll
0x00007ffa08910000 - 0x00007ffa089be000 	C:\Windows\System32\ADVAPI32.dll
0x00007ffa08520000 - 0x00007ffa085be000 	C:\Windows\System32\msvcrt.dll
0x00007ffa089c0000 - 0x00007ffa08a5c000 	C:\Windows\System32\sechost.dll
0x00007ffa08340000 - 0x00007ffa08465000 	C:\Windows\System32\RPCRT4.dll
0x00007ffa08b00000 - 0x00007ffa08ca1000 	C:\Windows\System32\USER32.dll
0x00007ff9f4e90000 - 0x00007ff9f512a000 	C:\Windows\WinSxS\amd64_microsoft.windows.common-controls_6595b64144ccf1df_6.0.19041.1110_none_60b5254171f9507e\COMCTL32.dll
0x00007ffa069b0000 - 0x00007ffa069d2000 	C:\Windows\System32\win32u.dll
0x00007ffa07ec0000 - 0x00007ffa07eeb000 	C:\Windows\System32\GDI32.dll
0x00007ffa06a30000 - 0x00007ffa06b3f000 	C:\Windows\System32\gdi32full.dll
0x00007ffa06b40000 - 0x00007ffa06bdd000 	C:\Windows\System32\msvcp_win.dll
0x00007ffa009f0000 - 0x00007ffa009fa000 	C:\Windows\SYSTEM32\VERSION.dll
0x00007ffa08470000 - 0x00007ffa084a2000 	C:\Windows\System32\IMM32.DLL
0x00007ff9f60c0000 - 0x00007ff9f60cc000 	C:\Program Files\Java\jdk-19\bin\vcruntime140_1.dll
0x00007ff9d8100000 - 0x00007ff9d818e000 	C:\Program Files\Java\jdk-19\bin\msvcp140.dll
0x00007ff9aa180000 - 0x00007ff9aae40000 	C:\Program Files\Java\jdk-19\bin\server\jvm.dll
0x00007ff9ef4c0000 - 0x00007ff9ef4e7000 	C:\Windows\SYSTEM32\WINMM.dll
0x00007ff9fd230000 - 0x00007ff9fd239000 	C:\Windows\SYSTEM32\WSOCK32.dll
0x00007ffa084b0000 - 0x00007ffa0851b000 	C:\Windows\System32\WS2_32.dll
0x00007ffa04c40000 - 0x00007ffa04c52000 	C:\Windows\SYSTEM32\kernel.appcore.dll
0x00007ff9f3e40000 - 0x00007ff9f3e4a000 	C:\Program Files\Java\jdk-19\bin\jimage.dll
0x00007ffa04150000 - 0x00007ffa04334000 	C:\Windows\SYSTEM32\DBGHELP.DLL
0x00007ff9feb40000 - 0x00007ff9feb75000 	C:\Windows\SYSTEM32\dbgcore.DLL
0x00007ffa06920000 - 0x00007ffa069a2000 	C:\Windows\System32\bcryptPrimitives.dll
0x00007ff9dbc00000 - 0x00007ff9dbc26000 	C:\Program Files\Java\jdk-19\bin\java.dll
0x00007ff9cf940000 - 0x00007ff9cfa17000 	C:\Program Files\Java\jdk-19\bin\jsvml.dll
0x00007ffa071f0000 - 0x00007ffa07934000 	C:\Windows\System32\SHELL32.dll
0x00007ffa04340000 - 0x00007ffa04ad2000 	C:\Windows\SYSTEM32\windows.storage.dll
0x00007ffa06e80000 - 0x00007ffa071d5000 	C:\Windows\System32\combase.dll
0x00007ffa05e40000 - 0x00007ffa05e70000 	C:\Windows\SYSTEM32\Wldp.dll
0x00007ffa08290000 - 0x00007ffa0833d000 	C:\Windows\System32\SHCORE.dll
0x00007ffa088b0000 - 0x00007ffa08905000 	C:\Windows\System32\shlwapi.dll
0x00007ffa06320000 - 0x00007ffa0633f000 	C:\Windows\SYSTEM32\profapi.dll

dbghelp: loaded successfully - version: 4.0.5 - missing functions: none
symbol engine: initialized successfully - sym options: 0x614 - pdb path: .;C:\Program Files\Java\jdk-19\bin;C:\Windows\SYSTEM32;C:\Windows\WinSxS\amd64_microsoft.windows.common-controls_6595b64144ccf1df_6.0.19041.1110_none_60b5254171f9507e;C:\Program Files\Java\jdk-19\bin\server

VM Arguments:
jvm_args: -Dfile.encoding=UTF-8 --module-path=C:\Users\ASUS\Documents\NetBeansProjects\JavaProject\build\classes 
java_command: home.registration
java_class_path (initial): F:\Program Files\NetBeans-15\netbeans\java\modules\ext\AbsoluteLayout.jar;C:\Users\ASUS\Documents\NetBeansProjects\JavaProject\build\classes
Launcher Type: SUN_STANDARD

[Global flags]
     intx CICompilerCount                          = 4                                         {product} {ergonomic}
     uint ConcGCThreads                            = 2                                         {product} {ergonomic}
     uint G1ConcRefinementThreads                  = 8                                         {product} {ergonomic}
   size_t G1HeapRegionSize                         = 1048576                                   {product} {ergonomic}
    uintx GCDrainStackTargetSize                   = 64                                        {product} {ergonomic}
   size_t InitialHeapSize                          = 65011712                                  {product} {ergonomic}
   size_t MarkStackSize                            = 4194304                                   {product} {ergonomic}
   size_t MaxHeapSize                              = 1023410176                                {product} {ergonomic}
   size_t MaxNewSize                               = 613416960                                 {product} {ergonomic}
   size_t MinHeapDeltaBytes                        = 1048576                                   {product} {ergonomic}
   size_t MinHeapSize                              = 8388608                                   {product} {ergonomic}
    uintx NonNMethodCodeHeapSize                   = 5839372                                {pd product} {ergonomic}
    uintx NonProfiledCodeHeapSize                  = 122909434                              {pd product} {ergonomic}
    uintx ProfiledCodeHeapSize                     = 122909434                              {pd product} {ergonomic}
    uintx ReservedCodeCacheSize                    = 251658240                              {pd product} {ergonomic}
     bool SegmentedCodeCache                       = true                                      {product} {ergonomic}
   size_t SoftMaxHeapSize                          = 1023410176                             {manageable} {ergonomic}
     bool UseCompressedClassPointers               = true                           {product lp64_product} {ergonomic}
     bool UseCompressedOops                        = true                           {product lp64_product} {ergonomic}
     bool UseG1GC                                  = true                                      {product} {ergonomic}
     bool UseLargePagesIndividualAllocation        = false                                  {pd product} {ergonomic}

Logging:
Log output configuration:
 #0: stdout all=warning uptime,level,tags foldmultilines=false
 #1: stderr all=off uptime,level,tags foldmultilines=false

Environment Variables:
PATH=C:\Program Files\Common Files\Oracle\Java\javapath;C:\Windows\system32;C:\Windows;C:\Windows\System32\Wbem;C:\Windows\System32\WindowsPowerShell\v1.0\;C:\Windows\System32\OpenSSH\;C:\Program Files (x86)\NVIDIA Corporation\PhysX\Common;C:\LLVM\bin;C:\MinGW\bin;C:\Users\ASUS\AppData\Local\Microsoft\WindowsApps;;D:\Microsoft VS Code\bin
USERNAME=ASUS
OS=Windows_NT
PROCESSOR_IDENTIFIER=Intel64 Family 6 Model 126 Stepping 5, GenuineIntel
TMP=C:\Users\ASUS\AppData\Local\Temp
TEMP=C:\Users\ASUS\AppData\Local\Temp



---------------  S Y S T E M  ---------------

OS:
 Windows 10 , 64 bit Build 19041 (10.0.19041.2364)
OS uptime: 2 days 0:35 hours
Hyper-V role detected

CPU: total 8 (initial active 8) (4 cores per cpu, 2 threads per core) family 6 model 126 stepping 5 microcode 0xa0, cx8, cmov, fxsr, ht, mmx, 3dnowpref, sse, sse2, sse3, ssse3, sse4.1, sse4.2, popcnt, lzcnt, tsc, tscinvbit, avx, avx2, aes, erms, clmul, bmi1, bmi2, adx, avx512f, avx512dq, avx512cd, avx512bw, avx512vl, sha, fma, vzeroupper, avx512_vpopcntdq, avx512_vpclmulqdq, avx512_vaes, avx512_vnni, clflush, clflushopt, avx512_vbmi2, avx512_vbmi, hv, rdtscp, rdpid, fsrm, gfni, avx512_bitalg

Memory: 4k page, system-wide physical 3901M (341M free)
TotalPageFile size 5949M (AvailPageFile size 3M)
current process WorkingSet (physical memory assigned to process): 25M, peak: 25M
current process commit charge ("private bytes"): 132M, peak: 137M

vm_info: Java HotSpot(TM) 64-Bit Server VM (19.0.1+10-21) for windows-amd64 JRE (19.0.1+10-21), built on 2022-09-14T12:45:06Z by "mach5one" with MS VC++ 17.1 (VS2022)

END.
