#
# There is insufficient memory for the Java Runtime Environment to continue.
# Native memory allocation (malloc) failed to allocate 32744 bytes for Chunk::new
# Possible reasons:
#   The system is out of physical RAM or swap space
#   The process is running with CompressedOops enabled, and the Java Heap may be blocking the growth of the native heap
# Possible solutions:
#   Reduce memory load on the system
#   Increase physical memory or swap space
#   Check if swap backing store is full
#   Decrease Java heap size (-Xmx/-Xms)
#   Decrease number of Java threads
#   Decrease Java thread stack sizes (-Xss)
#   Set larger code cache with -XX:ReservedCodeCacheSize=
#   JVM is running with Unscaled Compressed Oops mode in which the Java heap is
#     placed in the first 4GB address space. The Java Heap base address is the
#     maximum limit for the native heap growth. Please use -XX:HeapBaseMinAddress
#     to set the Java Heap base and to place the Java Heap above 4GB virtual address.
# This output file may be truncated or incomplete.
#
#  Out of Memory Error (arena.cpp:184), pid=12696, tid=6616
#
# JRE version: Java(TM) SE Runtime Environment (19.0.1+10) (build 19.0.1+10-21)
# Java VM: Java HotSpot(TM) 64-Bit Server VM (19.0.1+10-21, mixed mode, sharing, tiered, compressed oops, compressed class ptrs, g1 gc, windows-amd64)
# No core dump will be written. Minidumps are not enabled by default on client versions of Windows
#

---------------  S U M M A R Y ------------

Command Line: -Dfile.encoding=UTF-8 -Djava.security.policy=applet.policy --module-path=C:\Users\ASUS\Documents\NetBeansProjects\JavaProject\build\classes Registration_form

Host: Intel(R) Core(TM) i5-1035G1 CPU @ 1.00GHz, 8 cores, 3G,  Windows 10 , 64 bit Build 19041 (10.0.19041.2364)
Time: Sun Dec 18 02:29:04 2022 Bangladesh Standard Time elapsed time: 0.096946 seconds (0d 0h 0m 0s)

---------------  T H R E A D  ---------------

Current thread (0x0000020a28f38650):  JavaThread "C2 CompilerThread1" daemon [_thread_in_native, id=6616, stack(0x0000003338a00000,0x0000003338b00000)]


Current CompileTask:
C2:     97  163       4       java.util.HashMap::newNode (13 bytes)

Stack: [0x0000003338a00000,0x0000003338b00000]
Native frames: (J=compiled Java code, j=interpreted, Vv=VM code, C=native code)
V  [jvm.dll+0x6ee8fa]
V  [jvm.dll+0x857a1e]
V  [jvm.dll+0x85940e]
V  [jvm.dll+0x859ac3]
V  [jvm.dll+0x28291f]
V  [jvm.dll+0xc9b5f]
V  [jvm.dll+0xc9ee5]
V  [jvm.dll+0x67a47e]
V  [jvm.dll+0x67a61f]
V  [jvm.dll+0x67a61f]
V  [jvm.dll+0x68012c]
V  [jvm.dll+0x68113c]
V  [jvm.dll+0x67f594]
V  [jvm.dll+0x24c14e]
V  [jvm.dll+0x24b671]
V  [jvm.dll+0x1d6d61]
V  [jvm.dll+0x25b0fa]
V  [jvm.dll+0x259588]
V  [jvm.dll+0x807928]
V  [jvm.dll+0x8015fa]
V  [jvm.dll+0x6ed5eb]
C  [ucrtbase.dll+0x21bb2]
C  [KERNEL32.DLL+0x17614]
C  [ntdll.dll+0x526a1]


---------------  P R O C E S S  ---------------

Threads class SMR info:
_java_thread_list=0x0000020a494fd7c0, length=13, elements={
0x0000020a28f37820, 0x0000020a44fe90e0, 0x0000020a44fecd80, 0x0000020a44feedf0,
0x0000020a44fefcb0, 0x0000020a44ff06d0, 0x0000020a44ff10f0, 0x0000020a44ff20c0,
0x0000020a44ff6b40, 0x0000020a450008d0, 0x0000020a44fcca40, 0x0000020a49526950,
0x0000020a28f38650
}

Java Threads: ( => current thread )
  0x0000020a28f37820 JavaThread "main" [_thread_in_vm, id=5164, stack(0x0000003337700000,0x0000003337800000)]
  0x0000020a44fe90e0 JavaThread "Reference Handler" daemon [_thread_blocked, id=1968, stack(0x0000003337e00000,0x0000003337f00000)]
  0x0000020a44fecd80 JavaThread "Finalizer" daemon [_thread_blocked, id=1080, stack(0x0000003337f00000,0x0000003338000000)]
  0x0000020a44feedf0 JavaThread "Signal Dispatcher" daemon [_thread_blocked, id=3124, stack(0x0000003338000000,0x0000003338100000)]
  0x0000020a44fefcb0 JavaThread "Attach Listener" daemon [_thread_blocked, id=11564, stack(0x0000003338100000,0x0000003338200000)]
  0x0000020a44ff06d0 JavaThread "Service Thread" daemon [_thread_blocked, id=7100, stack(0x0000003338200000,0x0000003338300000)]
  0x0000020a44ff10f0 JavaThread "Monitor Deflation Thread" daemon [_thread_blocked, id=8248, stack(0x0000003338300000,0x0000003338400000)]
  0x0000020a44ff20c0 JavaThread "C2 CompilerThread0" daemon [_thread_blocked, id=11332, stack(0x0000003338400000,0x0000003338500000)]
  0x0000020a44ff6b40 JavaThread "C1 CompilerThread0" daemon [_thread_blocked, id=7496, stack(0x0000003338500000,0x0000003338600000)]
  0x0000020a450008d0 JavaThread "Sweeper thread" daemon [_thread_blocked, id=4184, stack(0x0000003338600000,0x0000003338700000)]
  0x0000020a44fcca40 JavaThread "Common-Cleaner" daemon [_thread_blocked, id=8764, stack(0x0000003338700000,0x0000003338800000)]
  0x0000020a49526950 JavaThread "Notification Thread" daemon [_thread_blocked, id=2712, stack(0x0000003338800000,0x0000003338900000)]
=>0x0000020a28f38650 JavaThread "C2 CompilerThread1" daemon [_thread_in_native, id=6616, stack(0x0000003338a00000,0x0000003338b00000)]

Other Threads:
  0x0000020a2900ecd0 VMThread "VM Thread" [stack: 0x0000003337d00000,0x0000003337e00000] [id=308]
  0x0000020a495322d0 WatcherThread "VM Periodic Task Thread" [stack: 0x0000003338900000,0x0000003338a00000] [id=3088]
  0x0000020a28f79040 WorkerThread "GC Thread#0" [stack: 0x0000003337800000,0x0000003337900000] [id=11340]
  0x0000020a28f81b40 ConcurrentGCThread "G1 Main Marker" [stack: 0x0000003337900000,0x0000003337a00000] [id=9896]
  0x0000020a28f82d10 WorkerThread "G1 Conc#0" [stack: 0x0000003337a00000,0x0000003337b00000] [id=13076]
  0x0000020a28fec6b0 ConcurrentGCThread "G1 Refine#0" [stack: 0x0000003337b00000,0x0000003337c00000] [id=2448]
  0x0000020a28fed1f0 ConcurrentGCThread "G1 Service" [stack: 0x0000003337c00000,0x0000003337d00000] [id=2660]

Threads with active compile tasks:
C2 CompilerThread1      108  163       4       java.util.HashMap::newNode (13 bytes)

VM state: not at safepoint (normal execution)

VM Mutex/Monitor currently owned by a thread: None

Heap address: 0x00000000c3000000, size: 976 MB, Compressed Oops mode: 32-bit

CDS archive(s) mapped at: [0x0000000800000000-0x0000000800c40000-0x0000000800c40000), size 12845056, SharedBaseAddress: 0x0000000800000000, ArchiveRelocationMode: 0.
Compressed class space mapped at: 0x0000000801000000-0x0000000841000000, reserved size: 1073741824
Narrow klass base: 0x0000000800000000, Narrow klass shift: 0, Narrow klass range: 0x100000000

GC Precious Log:
 CardTable entry size: 512
 Card Set container configuration: InlinePtr #cards 5 size 8 Array Of Cards #cards 12 size 40 Howl #buckets 4 coarsen threshold 1843 Howl Bitmap #cards 512 size 80 coarsen threshold 460 Card regions per heap region 1 cards per card region 2048
 CPUs: 8 total, 8 available
 Memory: 3901M
 Large Page Support: Disabled
 NUMA Support: Disabled
 Compressed Oops: Enabled (32-bit)
 Heap Region Size: 1M
 Heap Min Capacity: 8M
 Heap Initial Capacity: 62M
 Heap Max Capacity: 976M
 Pre-touch: Disabled
 Parallel Workers: 8
 Concurrent Workers: 2
 Concurrent Refinement Workers: 8
 Periodic GC: Disabled

Heap:
 garbage-first heap   total 63488K, used 2048K [0x00000000c3000000, 0x0000000100000000)
  region size 1024K, 3 young (3072K), 0 survivors (0K)
 Metaspace       used 527K, committed 704K, reserved 1114112K
  class space    used 25K, committed 128K, reserved 1048576K

Heap Regions: E=young(eden), S=young(survivor), O=old, HS=humongous(starts), HC=humongous(continues), CS=collection set, F=free, OA=open archive, CA=closed archive, TAMS=top-at-mark-start (previous, next)
|   0|0x00000000c3000000, 0x00000000c3000000, 0x00000000c3100000|  0%| F|  |TAMS 0x00000000c3000000, 0x00000000c3000000| Untracked 
|   1|0x00000000c3100000, 0x00000000c3100000, 0x00000000c3200000|  0%| F|  |TAMS 0x00000000c3100000, 0x00000000c3100000| Untracked 
|   2|0x00000000c3200000, 0x00000000c3200000, 0x00000000c3300000|  0%| F|  |TAMS 0x00000000c3200000, 0x00000000c3200000| Untracked 
|   3|0x00000000c3300000, 0x00000000c3300000, 0x00000000c3400000|  0%| F|  |TAMS 0x00000000c3300000, 0x00000000c3300000| Untracked 
|   4|0x00000000c3400000, 0x00000000c3400000, 0x00000000c3500000|  0%| F|  |TAMS 0x00000000c3400000, 0x00000000c3400000| Untracked 
|   5|0x00000000c3500000, 0x00000000c3500000, 0x00000000c3600000|  0%| F|  |TAMS 0x00000000c3500000, 0x00000000c3500000| Untracked 
|   6|0x00000000c3600000, 0x00000000c3600000, 0x00000000c3700000|  0%| F|  |TAMS 0x00000000c3600000, 0x00000000c3600000| Untracked 
|   7|0x00000000c3700000, 0x00000000c3700000, 0x00000000c3800000|  0%| F|  |TAMS 0x00000000c3700000, 0x00000000c3700000| Untracked 
|   8|0x00000000c3800000, 0x00000000c3800000, 0x00000000c3900000|  0%| F|  |TAMS 0x00000000c3800000, 0x00000000c3800000| Untracked 
|   9|0x00000000c3900000, 0x00000000c3900000, 0x00000000c3a00000|  0%| F|  |TAMS 0x00000000c3900000, 0x00000000c3900000| Untracked 
|  10|0x00000000c3a00000, 0x00000000c3a00000, 0x00000000c3b00000|  0%| F|  |TAMS 0x00000000c3a00000, 0x00000000c3a00000| Untracked 
|  11|0x00000000c3b00000, 0x00000000c3b00000, 0x00000000c3c00000|  0%| F|  |TAMS 0x00000000c3b00000, 0x00000000c3b00000| Untracked 
|  12|0x00000000c3c00000, 0x00000000c3c00000, 0x00000000c3d00000|  0%| F|  |TAMS 0x00000000c3c00000, 0x00000000c3c00000| Untracked 
|  13|0x00000000c3d00000, 0x00000000c3d00000, 0x00000000c3e00000|  0%| F|  |TAMS 0x00000000c3d00000, 0x00000000c3d00000| Untracked 
|  14|0x00000000c3e00000, 0x00000000c3e00000, 0x00000000c3f00000|  0%| F|  |TAMS 0x00000000c3e00000, 0x00000000c3e00000| Untracked 
|  15|0x00000000c3f00000, 0x00000000c3f00000, 0x00000000c4000000|  0%| F|  |TAMS 0x00000000c3f00000, 0x00000000c3f00000| Untracked 
|  16|0x00000000c4000000, 0x00000000c4000000, 0x00000000c4100000|  0%| F|  |TAMS 0x00000000c4000000, 0x00000000c4000000| Untracked 
|  17|0x00000000c4100000, 0x00000000c4100000, 0x00000000c4200000|  0%| F|  |TAMS 0x00000000c4100000, 0x00000000c4100000| Untracked 
|  18|0x00000000c4200000, 0x00000000c4200000, 0x00000000c4300000|  0%| F|  |TAMS 0x00000000c4200000, 0x00000000c4200000| Untracked 
|  19|0x00000000c4300000, 0x00000000c4300000, 0x00000000c4400000|  0%| F|  |TAMS 0x00000000c4300000, 0x00000000c4300000| Untracked 
|  20|0x00000000c4400000, 0x00000000c4400000, 0x00000000c4500000|  0%| F|  |TAMS 0x00000000c4400000, 0x00000000c4400000| Untracked 
|  21|0x00000000c4500000, 0x00000000c4500000, 0x00000000c4600000|  0%| F|  |TAMS 0x00000000c4500000, 0x00000000c4500000| Untracked 
|  22|0x00000000c4600000, 0x00000000c4600000, 0x00000000c4700000|  0%| F|  |TAMS 0x00000000c4600000, 0x00000000c4600000| Untracked 
|  23|0x00000000c4700000, 0x00000000c4700000, 0x00000000c4800000|  0%| F|  |TAMS 0x00000000c4700000, 0x00000000c4700000| Untracked 
|  24|0x00000000c4800000, 0x00000000c4800000, 0x00000000c4900000|  0%| F|  |TAMS 0x00000000c4800000, 0x00000000c4800000| Untracked 
|  25|0x00000000c4900000, 0x00000000c4900000, 0x00000000c4a00000|  0%| F|  |TAMS 0x00000000c4900000, 0x00000000c4900000| Untracked 
|  26|0x00000000c4a00000, 0x00000000c4a00000, 0x00000000c4b00000|  0%| F|  |TAMS 0x00000000c4a00000, 0x00000000c4a00000| Untracked 
|  27|0x00000000c4b00000, 0x00000000c4b00000, 0x00000000c4c00000|  0%| F|  |TAMS 0x00000000c4b00000, 0x00000000c4b00000| Untracked 
|  28|0x00000000c4c00000, 0x00000000c4c00000, 0x00000000c4d00000|  0%| F|  |TAMS 0x00000000c4c00000, 0x00000000c4c00000| Untracked 
|  29|0x00000000c4d00000, 0x00000000c4d00000, 0x00000000c4e00000|  0%| F|  |TAMS 0x00000000c4d00000, 0x00000000c4d00000| Untracked 
|  30|0x00000000c4e00000, 0x00000000c4e00000, 0x00000000c4f00000|  0%| F|  |TAMS 0x00000000c4e00000, 0x00000000c4e00000| Untracked 
|  31|0x00000000c4f00000, 0x00000000c4f00000, 0x00000000c5000000|  0%| F|  |TAMS 0x00000000c4f00000, 0x00000000c4f00000| Untracked 
|  32|0x00000000c5000000, 0x00000000c5000000, 0x00000000c5100000|  0%| F|  |TAMS 0x00000000c5000000, 0x00000000c5000000| Untracked 
|  33|0x00000000c5100000, 0x00000000c5100000, 0x00000000c5200000|  0%| F|  |TAMS 0x00000000c5100000, 0x00000000c5100000| Untracked 
|  34|0x00000000c5200000, 0x00000000c5200000, 0x00000000c5300000|  0%| F|  |TAMS 0x00000000c5200000, 0x00000000c5200000| Untracked 
|  35|0x00000000c5300000, 0x00000000c5300000, 0x00000000c5400000|  0%| F|  |TAMS 0x00000000c5300000, 0x00000000c5300000| Untracked 
|  36|0x00000000c5400000, 0x00000000c5400000, 0x00000000c5500000|  0%| F|  |TAMS 0x00000000c5400000, 0x00000000c5400000| Untracked 
|  37|0x00000000c5500000, 0x00000000c5500000, 0x00000000c5600000|  0%| F|  |TAMS 0x00000000c5500000, 0x00000000c5500000| Untracked 
|  38|0x00000000c5600000, 0x00000000c5600000, 0x00000000c5700000|  0%| F|  |TAMS 0x00000000c5600000, 0x00000000c5600000| Untracked 
|  39|0x00000000c5700000, 0x00000000c5700000, 0x00000000c5800000|  0%| F|  |TAMS 0x00000000c5700000, 0x00000000c5700000| Untracked 
|  40|0x00000000c5800000, 0x00000000c5800000, 0x00000000c5900000|  0%| F|  |TAMS 0x00000000c5800000, 0x00000000c5800000| Untracked 
|  41|0x00000000c5900000, 0x00000000c5900000, 0x00000000c5a00000|  0%| F|  |TAMS 0x00000000c5900000, 0x00000000c5900000| Untracked 
|  42|0x00000000c5a00000, 0x00000000c5a00000, 0x00000000c5b00000|  0%| F|  |TAMS 0x00000000c5a00000, 0x00000000c5a00000| Untracked 
|  43|0x00000000c5b00000, 0x00000000c5b00000, 0x00000000c5c00000|  0%| F|  |TAMS 0x00000000c5b00000, 0x00000000c5b00000| Untracked 
|  44|0x00000000c5c00000, 0x00000000c5c00000, 0x00000000c5d00000|  0%| F|  |TAMS 0x00000000c5c00000, 0x00000000c5c00000| Untracked 
|  45|0x00000000c5d00000, 0x00000000c5d00000, 0x00000000c5e00000|  0%| F|  |TAMS 0x00000000c5d00000, 0x00000000c5d00000| Untracked 
|  46|0x00000000c5e00000, 0x00000000c5e00000, 0x00000000c5f00000|  0%| F|  |TAMS 0x00000000c5e00000, 0x00000000c5e00000| Untracked 
|  47|0x00000000c5f00000, 0x00000000c5f00000, 0x00000000c6000000|  0%| F|  |TAMS 0x00000000c5f00000, 0x00000000c5f00000| Untracked 
|  48|0x00000000c6000000, 0x00000000c6000000, 0x00000000c6100000|  0%| F|  |TAMS 0x00000000c6000000, 0x00000000c6000000| Untracked 
|  49|0x00000000c6100000, 0x00000000c6100000, 0x00000000c6200000|  0%| F|  |TAMS 0x00000000c6100000, 0x00000000c6100000| Untracked 
|  50|0x00000000c6200000, 0x00000000c6200000, 0x00000000c6300000|  0%| F|  |TAMS 0x00000000c6200000, 0x00000000c6200000| Untracked 
|  51|0x00000000c6300000, 0x00000000c6300000, 0x00000000c6400000|  0%| F|  |TAMS 0x00000000c6300000, 0x00000000c6300000| Untracked 
|  52|0x00000000c6400000, 0x00000000c6400000, 0x00000000c6500000|  0%| F|  |TAMS 0x00000000c6400000, 0x00000000c6400000| Untracked 
|  53|0x00000000c6500000, 0x00000000c6500000, 0x00000000c6600000|  0%| F|  |TAMS 0x00000000c6500000, 0x00000000c6500000| Untracked 
|  54|0x00000000c6600000, 0x00000000c6600000, 0x00000000c6700000|  0%| F|  |TAMS 0x00000000c6600000, 0x00000000c6600000| Untracked 
|  55|0x00000000c6700000, 0x00000000c6700000, 0x00000000c6800000|  0%| F|  |TAMS 0x00000000c6700000, 0x00000000c6700000| Untracked 
|  56|0x00000000c6800000, 0x00000000c6800000, 0x00000000c6900000|  0%| F|  |TAMS 0x00000000c6800000, 0x00000000c6800000| Untracked 
|  57|0x00000000c6900000, 0x00000000c6900000, 0x00000000c6a00000|  0%| F|  |TAMS 0x00000000c6900000, 0x00000000c6900000| Untracked 
|  58|0x00000000c6a00000, 0x00000000c6a00000, 0x00000000c6b00000|  0%| F|  |TAMS 0x00000000c6a00000, 0x00000000c6a00000| Untracked 
|  59|0x00000000c6b00000, 0x00000000c6bec088, 0x00000000c6c00000| 92%| E|  |TAMS 0x00000000c6b00000, 0x00000000c6b00000| Complete 
|  60|0x00000000c6c00000, 0x00000000c6d00000, 0x00000000c6d00000|100%| E|CS|TAMS 0x00000000c6c00000, 0x00000000c6c00000| Complete 
|  61|0x00000000c6d00000, 0x00000000c6e00000, 0x00000000c6e00000|100%| E|CS|TAMS 0x00000000c6d00000, 0x00000000c6d00000| Complete 

Card table byte_map: [0x0000020a403d0000,0x0000020a405c0000] _byte_map_base: 0x0000020a3fdb8000

Marking Bits (Prev, Next): (CMBitMap*) 0x0000020a28f79670, (CMBitMap*) 0x0000020a28f796b0
 Prev Bits: [0x0000020a407b0000, 0x0000020a416f0000)
 Next Bits: [0x0000020a416f0000, 0x0000020a42630000)

Polling page: 0x0000020a26e90000

Metaspace:

Usage:
  Non-class:    502.55 KB used.
      Class:     25.24 KB used.
       Both:    527.79 KB used.

Virtual space:
  Non-class space:       64.00 MB reserved,     576.00 KB ( <1%) committed,  1 nodes.
      Class space:        1.00 GB reserved,     128.00 KB ( <1%) committed,  1 nodes.
             Both:        1.06 GB reserved,     704.00 KB ( <1%) committed. 

Chunk freelists:
   Non-Class:  3.98 MB
       Class:  3.75 MB
        Both:  7.73 MB

MaxMetaspaceSize: unlimited
CompressedClassSpaceSize: 1.00 GB
Initial GC threshold: 21.00 MB
Current GC threshold: 21.00 MB
CDS: on
MetaspaceReclaimPolicy: balanced
 - commit_granule_bytes: 65536.
 - commit_granule_words: 8192.
 - virtual_space_node_default_size: 8388608.
 - enlarge_chunks_in_place: 1.
 - new_chunks_are_fully_committed: 0.
 - uncommit_free_chunks: 1.
 - use_allocation_guard: 0.


Internal statistics:

num_allocs_failed_limit: 0.
num_arena_births: 8.
num_arena_deaths: 0.
num_vsnodes_births: 2.
num_vsnodes_deaths: 0.
num_space_committed: 11.
num_space_uncommitted: 0.
num_chunks_returned_to_freelist: 0.
num_chunks_taken_from_freelist: 9.
num_chunk_merges: 0.
num_chunk_splits: 4.
num_chunks_enlarged: 2.
num_inconsistent_stats: 0.

CodeHeap 'non-profiled nmethods': size=120000Kb used=70Kb max_used=70Kb free=119929Kb
 bounds [0x0000020a38980000, 0x0000020a38bf0000, 0x0000020a3feb0000]
CodeHeap 'profiled nmethods': size=120000Kb used=194Kb max_used=194Kb free=119805Kb
 bounds [0x0000020a30eb0000, 0x0000020a31120000, 0x0000020a383e0000]
CodeHeap 'non-nmethods': size=5760Kb used=1204Kb max_used=1221Kb free=4555Kb
 bounds [0x0000020a383e0000, 0x0000020a38650000, 0x0000020a38980000]
 total_blobs=581 nmethods=198 adapters=294
 compilation: enabled
              stopped_count=0, restarted_count=0
 full_count=0

Compilation events (20 events):
Event: 0.079 Thread 0x0000020a44ff6b40 nmethod 190 0x0000020a30eddc90 code [0x0000020a30eddea0, 0x0000020a30ede598]
Event: 0.082 Thread 0x0000020a44ff6b40  191       3       java.util.zip.ZipUtils::SH (21 bytes)
Event: 0.082 Thread 0x0000020a44ff6b40 nmethod 191 0x0000020a30ede810 code [0x0000020a30ede9a0, 0x0000020a30edeaf8]
Event: 0.082 Thread 0x0000020a44ff6b40  192       3       java.util.zip.ZipCoder$UTF8ZipCoder::checkedHash (91 bytes)
Event: 0.082 Thread 0x0000020a44ff6b40 nmethod 192 0x0000020a30edec10 code [0x0000020a30edee00, 0x0000020a30edf218]
Event: 0.082 Thread 0x0000020a44ff6b40  196       3       java.lang.Math::max (11 bytes)
Event: 0.083 Thread 0x0000020a44ff6b40 nmethod 196 0x0000020a30edf410 code [0x0000020a30edf5a0, 0x0000020a30edf6d8]
Event: 0.083 Thread 0x0000020a44ff6b40  195       3       java.util.zip.ZipUtils::CENCOM (9 bytes)
Event: 0.083 Thread 0x0000020a28f38650  153       4       java.lang.module.ModuleDescriptor$Exports::isQualified (18 bytes)
Event: 0.083 Thread 0x0000020a44ff6b40 nmethod 195 0x0000020a30edf790 code [0x0000020a30edf940, 0x0000020a30edfaf8]
Event: 0.083 Thread 0x0000020a44ff6b40  193       1       java.util.zip.ZipCoder$UTF8ZipCoder::isUTF8 (2 bytes)
Event: 0.083 Thread 0x0000020a44ff6b40 nmethod 193 0x0000020a3898f910 code [0x0000020a3898faa0, 0x0000020a3898fb78]
Event: 0.083 Thread 0x0000020a44ff6b40  198       3       java.util.zip.ZipUtils::LG (22 bytes)
Event: 0.083 Thread 0x0000020a44ff6b40 nmethod 198 0x0000020a30edfc10 code [0x0000020a30edfdc0, 0x0000020a30ee0038]
Event: 0.083 Thread 0x0000020a44ff6b40  197       3       java.util.zip.ZipUtils::CENNAM (9 bytes)
Event: 0.083 Thread 0x0000020a44ff6b40 nmethod 197 0x0000020a30ee0190 code [0x0000020a30ee0340, 0x0000020a30ee04f8]
Event: 0.083 Thread 0x0000020a44ff6b40  199       3       java.io.WinNTFileSystem::isSlash (18 bytes)
Event: 0.083 Thread 0x0000020a44ff6b40 nmethod 199 0x0000020a30ee0610 code [0x0000020a30ee07a0, 0x0000020a30ee0938]
Event: 0.084 Thread 0x0000020a28f38650 nmethod 153 0x0000020a3898fc10 code [0x0000020a3898fda0, 0x0000020a3898fe78]
Event: 0.084 Thread 0x0000020a28f38650  163       4       java.util.HashMap::newNode (13 bytes)

GC Heap History (0 events):
No events

Dll operation events (5 events):
Event: 0.006 Loaded shared library C:\Program Files\Java\jdk-19\bin\java.dll
Event: 0.013 Loaded shared library C:\Program Files\Java\jdk-19\bin\jsvml.dll
Event: 0.055 Loaded shared library C:\Program Files\Java\jdk-19\bin\net.dll
Event: 0.057 Loaded shared library C:\Program Files\Java\jdk-19\bin\nio.dll
Event: 0.081 Loaded shared library C:\Program Files\Java\jdk-19\bin\zip.dll

Deoptimization events (0 events):
No events

Classes loaded (20 events):
Event: 0.059 Loading class java/nio/file/Files$AcceptAllFilter
Event: 0.059 Loading class java/nio/file/DirectoryStream$Filter
Event: 0.059 Loading class java/nio/file/DirectoryStream$Filter done
Event: 0.059 Loading class java/nio/file/Files$AcceptAllFilter done
Event: 0.060 Loading class sun/nio/fs/WindowsDirectoryStream$WindowsDirectoryIterator
Event: 0.060 Loading class sun/nio/fs/WindowsDirectoryStream$WindowsDirectoryIterator done
Event: 0.060 Loading class sun/nio/fs/WindowsPath$WindowsPathWithAttributes
Event: 0.060 Loading class sun/nio/fs/BasicFileAttributesHolder
Event: 0.060 Loading class sun/nio/fs/BasicFileAttributesHolder done
Event: 0.060 Loading class sun/nio/fs/WindowsPath$WindowsPathWithAttributes done
Event: 0.062 Loading class java/nio/file/attribute/FileAttribute
Event: 0.062 Loading class java/nio/file/attribute/FileAttribute done
Event: 0.062 Loading class sun/nio/fs/WindowsSecurityDescriptor
Event: 0.062 Loading class sun/nio/fs/WindowsSecurityDescriptor done
Event: 0.078 Loading class sun/nio/cs/UTF_8$Decoder
Event: 0.078 Loading class sun/nio/cs/UTF_8$Decoder done
Event: 0.083 Loading class jdk/internal/loader/URLClassPath$FileLoader
Event: 0.083 Loading class jdk/internal/loader/URLClassPath$FileLoader done
Event: 0.084 Loading class jdk/internal/loader/URLClassPath$FileLoader$1
Event: 0.084 Loading class jdk/internal/loader/URLClassPath$FileLoader$1 done

Classes unloaded (0 events):
No events

Classes redefined (0 events):
No events

Internal exceptions (4 events):
Event: 0.059 Thread 0x0000020a28f37820 Exception <a 'sun/nio/fs/WindowsException'{0x00000000c6c457c8}> (0x00000000c6c457c8) 
thrown [s\open\src\hotspot\share\prims\jni.cpp, line 517]
Event: 0.059 Thread 0x0000020a28f37820 Exception <a 'sun/nio/fs/WindowsException'{0x00000000c6c45cf8}> (0x00000000c6c45cf8) 
thrown [s\open\src\hotspot\share\prims\jni.cpp, line 517]
Event: 0.062 Thread 0x0000020a28f37820 Exception <a 'sun/nio/fs/WindowsException'{0x00000000c6c4b2d8}> (0x00000000c6c4b2d8) 
thrown [s\open\src\hotspot\share\prims\jni.cpp, line 517]
Event: 0.062 Thread 0x0000020a28f37820 Exception <a 'sun/nio/fs/WindowsException'{0x00000000c6c4bd88}> (0x00000000c6c4bd88) 
thrown [s\open\src\hotspot\share\prims\jni.cpp, line 517]

VM Operations (2 events):
Event: 0.066 Executing VM operation: HandshakeAllThreads
Event: 0.066 Executing VM operation: HandshakeAllThreads done

Events (13 events):
Event: 0.013 Thread 0x0000020a28f37820 Thread added: 0x0000020a28f37820
Event: 0.024 Thread 0x0000020a44fe90e0 Thread added: 0x0000020a44fe90e0
Event: 0.024 Thread 0x0000020a44fecd80 Thread added: 0x0000020a44fecd80
Event: 0.024 Thread 0x0000020a44feedf0 Thread added: 0x0000020a44feedf0
Event: 0.025 Thread 0x0000020a44fefcb0 Thread added: 0x0000020a44fefcb0
Event: 0.025 Thread 0x0000020a44ff06d0 Thread added: 0x0000020a44ff06d0
Event: 0.025 Thread 0x0000020a44ff10f0 Thread added: 0x0000020a44ff10f0
Event: 0.025 Thread 0x0000020a44ff20c0 Thread added: 0x0000020a44ff20c0
Event: 0.025 Thread 0x0000020a44ff6b40 Thread added: 0x0000020a44ff6b40
Event: 0.025 Thread 0x0000020a450008d0 Thread added: 0x0000020a450008d0
Event: 0.043 Thread 0x0000020a44fcca40 Thread added: 0x0000020a44fcca40
Event: 0.077 Thread 0x0000020a49526950 Thread added: 0x0000020a49526950
Event: 0.082 Thread 0x0000020a28f38650 Thread added: 0x0000020a28f38650


Dynamic libraries:
0x00007ff6bc6c0000 - 0x00007ff6bc6d0000 	C:\Program Files\Java\jdk-19\bin\java.exe
0x00007ffff6410000 - 0x00007ffff6608000 	C:\Windows\SYSTEM32\ntdll.dll
0x00007ffff5bb0000 - 0x00007ffff5c6f000 	C:\Windows\System32\KERNEL32.DLL
0x00007ffff3e20000 - 0x00007ffff40f2000 	C:\Windows\System32\KERNELBASE.dll
0x00007ffff41a0000 - 0x00007ffff42a0000 	C:\Windows\System32\ucrtbase.dll
0x00007fffef180000 - 0x00007fffef19b000 	C:\Program Files\Java\jdk-19\bin\VCRUNTIME140.dll
0x00007fffef160000 - 0x00007fffef178000 	C:\Program Files\Java\jdk-19\bin\jli.dll
0x00007ffff53f0000 - 0x00007ffff549e000 	C:\Windows\System32\ADVAPI32.dll
0x00007ffff47e0000 - 0x00007ffff487e000 	C:\Windows\System32\msvcrt.dll
0x00007ffff52e0000 - 0x00007ffff537c000 	C:\Windows\System32\sechost.dll
0x00007ffff5650000 - 0x00007ffff5775000 	C:\Windows\System32\RPCRT4.dll
0x00007ffff4a20000 - 0x00007ffff4bc1000 	C:\Windows\System32\USER32.dll
0x00007ffff4170000 - 0x00007ffff4192000 	C:\Windows\System32\win32u.dll
0x00007ffff4450000 - 0x00007ffff447b000 	C:\Windows\System32\GDI32.dll
0x00007fffdd3e0000 - 0x00007fffdd67a000 	C:\Windows\WinSxS\amd64_microsoft.windows.common-controls_6595b64144ccf1df_6.0.19041.1110_none_60b5254171f9507e\COMCTL32.dll
0x00007ffff3d10000 - 0x00007ffff3e1f000 	C:\Windows\System32\gdi32full.dll
0x00007ffff3c70000 - 0x00007ffff3d0d000 	C:\Windows\System32\msvcp_win.dll
0x00007fffedc40000 - 0x00007fffedc4a000 	C:\Windows\SYSTEM32\VERSION.dll
0x00007ffff4bd0000 - 0x00007ffff4c02000 	C:\Windows\System32\IMM32.DLL
0x00007fffef150000 - 0x00007fffef15c000 	C:\Program Files\Java\jdk-19\bin\vcruntime140_1.dll
0x00007fffcb4c0000 - 0x00007fffcb54e000 	C:\Program Files\Java\jdk-19\bin\msvcp140.dll
0x00007fffab480000 - 0x00007fffac140000 	C:\Program Files\Java\jdk-19\bin\server\jvm.dll
0x00007fffef1a0000 - 0x00007fffef1a9000 	C:\Windows\SYSTEM32\WSOCK32.dll
0x00007fffdf870000 - 0x00007fffdf897000 	C:\Windows\SYSTEM32\WINMM.dll
0x00007ffff5380000 - 0x00007ffff53eb000 	C:\Windows\System32\WS2_32.dll
0x00007ffff2360000 - 0x00007ffff2372000 	C:\Windows\SYSTEM32\kernel.appcore.dll
0x00007fffee2f0000 - 0x00007fffee2fa000 	C:\Program Files\Java\jdk-19\bin\jimage.dll
0x00007ffff1870000 - 0x00007ffff1a54000 	C:\Windows\SYSTEM32\DBGHELP.DLL
0x00007fffde810000 - 0x00007fffde845000 	C:\Windows\SYSTEM32\dbgcore.DLL
0x00007ffff3be0000 - 0x00007ffff3c62000 	C:\Windows\System32\bcryptPrimitives.dll
0x00007fffee440000 - 0x00007fffee466000 	C:\Program Files\Java\jdk-19\bin\java.dll
0x00007fffc7c60000 - 0x00007fffc7d37000 	C:\Program Files\Java\jdk-19\bin\jsvml.dll
0x00007ffff5c80000 - 0x00007ffff63c4000 	C:\Windows\System32\SHELL32.dll
0x00007ffff1b60000 - 0x00007ffff22f2000 	C:\Windows\SYSTEM32\windows.storage.dll
0x00007ffff4480000 - 0x00007ffff47d5000 	C:\Windows\System32\combase.dll
0x00007ffff3560000 - 0x00007ffff3590000 	C:\Windows\SYSTEM32\Wldp.dll
0x00007ffff4970000 - 0x00007ffff4a1d000 	C:\Windows\System32\SHCORE.dll
0x00007ffff5080000 - 0x00007ffff50d5000 	C:\Windows\System32\shlwapi.dll
0x00007ffff3a40000 - 0x00007ffff3a5f000 	C:\Windows\SYSTEM32\profapi.dll
0x00007fffedfc0000 - 0x00007fffedfd3000 	C:\Program Files\Java\jdk-19\bin\net.dll
0x00007fffec0c0000 - 0x00007fffec1cc000 	C:\Windows\SYSTEM32\WINHTTP.dll
0x00007ffff3270000 - 0x00007ffff32da000 	C:\Windows\system32\mswsock.dll
0x00007fffec600000 - 0x00007fffec616000 	C:\Program Files\Java\jdk-19\bin\nio.dll
0x00007fffec510000 - 0x00007fffec528000 	C:\Program Files\Java\jdk-19\bin\zip.dll

dbghelp: loaded successfully - version: 4.0.5 - missing functions: none
symbol engine: initialized successfully - sym options: 0x614 - pdb path: .;C:\Program Files\Java\jdk-19\bin;C:\Windows\SYSTEM32;C:\Windows\WinSxS\amd64_microsoft.windows.common-controls_6595b64144ccf1df_6.0.19041.1110_none_60b5254171f9507e;C:\Program Files\Java\jdk-19\bin\server

VM Arguments:
jvm_args: -Dfile.encoding=UTF-8 -Djava.security.policy=applet.policy --module-path=C:\Users\ASUS\Documents\NetBeansProjects\JavaProject\build\classes 
java_command: Registration_form
java_class_path (initial): F:\Program Files\NetBeans-15\netbeans\java\modules\ext\AbsoluteLayout.jar;C:\Users\ASUS\Desktop\jcalendar-1.4.jar;C:\Users\ASUS\Desktop\sqlite-jdbc-3.20.1.jar;C:\Users\ASUS\Documents\NetBeansProjects\JavaProject\build\classes
Launcher Type: SUN_STANDARD

[Global flags]
     intx CICompilerCount                          = 4                                         {product} {ergonomic}
     uint ConcGCThreads                            = 2                                         {product} {ergonomic}
     uint G1ConcRefinementThreads                  = 8                                         {product} {ergonomic}
   size_t G1HeapRegionSize                         = 1048576                                   {product} {ergonomic}
    uintx GCDrainStackTargetSize                   = 64                                        {product} {ergonomic}
   size_t InitialHeapSize                          = 65011712                                  {product} {ergonomic}
   size_t MarkStackSize                            = 4194304                                   {product} {ergonomic}
   size_t MaxHeapSize                              = 1023410176                                {product} {ergonomic}
   size_t MaxNewSize                               = 613416960                                 {product} {ergonomic}
   size_t MinHeapDeltaBytes                        = 1048576                                   {product} {ergonomic}
   size_t MinHeapSize                              = 8388608                                   {product} {ergonomic}
    uintx NonNMethodCodeHeapSize                   = 5839372                                {pd product} {ergonomic}
    uintx NonProfiledCodeHeapSize                  = 122909434                              {pd product} {ergonomic}
    uintx ProfiledCodeHeapSize                     = 122909434                              {pd product} {ergonomic}
    uintx ReservedCodeCacheSize                    = 251658240                              {pd product} {ergonomic}
     bool SegmentedCodeCache                       = true                                      {product} {ergonomic}
   size_t SoftMaxHeapSize                          = 1023410176                             {manageable} {ergonomic}
     bool UseCompressedClassPointers               = true                           {product lp64_product} {ergonomic}
     bool UseCompressedOops                        = true                           {product lp64_product} {ergonomic}
     bool UseG1GC                                  = true                                      {product} {ergonomic}
     bool UseLargePagesIndividualAllocation        = false                                  {pd product} {ergonomic}

Logging:
Log output configuration:
 #0: stdout all=warning uptime,level,tags foldmultilines=false
 #1: stderr all=off uptime,level,tags foldmultilines=false

Environment Variables:
PATH=C:\Program Files\Common Files\Oracle\Java\javapath;C:\Windows\system32;C:\Windows;C:\Windows\System32\Wbem;C:\Windows\System32\WindowsPowerShell\v1.0\;C:\Windows\System32\OpenSSH\;C:\Program Files (x86)\NVIDIA Corporation\PhysX\Common;C:\LLVM\bin;C:\MinGW\bin;C:\Users\ASUS\AppData\Local\Microsoft\WindowsApps;;D:\Microsoft VS Code\bin
USERNAME=ASUS
OS=Windows_NT
PROCESSOR_IDENTIFIER=Intel64 Family 6 Model 126 Stepping 5, GenuineIntel
TMP=C:\Users\ASUS\AppData\Local\Temp
TEMP=C:\Users\ASUS\AppData\Local\Temp



---------------  S Y S T E M  ---------------

OS:
 Windows 10 , 64 bit Build 19041 (10.0.19041.2364)
OS uptime: 0 days 6:57 hours
Hyper-V role detected

CPU: total 8 (initial active 8) (4 cores per cpu, 2 threads per core) family 6 model 126 stepping 5 microcode 0xa0, cx8, cmov, fxsr, ht, mmx, 3dnowpref, sse, sse2, sse3, ssse3, sse4.1, sse4.2, popcnt, lzcnt, tsc, tscinvbit, avx, avx2, aes, erms, clmul, bmi1, bmi2, adx, avx512f, avx512dq, avx512cd, avx512bw, avx512vl, sha, fma, vzeroupper, avx512_vpopcntdq, avx512_vpclmulqdq, avx512_vaes, avx512_vnni, clflush, clflushopt, avx512_vbmi2, avx512_vbmi, hv, rdtscp, rdpid, fsrm, gfni, avx512_bitalg

Memory: 4k page, system-wide physical 3901M (503M free)
TotalPageFile size 5949M (AvailPageFile size 5M)
current process WorkingSet (physical memory assigned to process): 33M, peak: 33M
current process commit charge ("private bytes"): 143M, peak: 143M

vm_info: Java HotSpot(TM) 64-Bit Server VM (19.0.1+10-21) for windows-amd64 JRE (19.0.1+10-21), built on 2022-09-14T12:45:06Z by "mach5one" with MS VC++ 17.1 (VS2022)

END.
