#
# There is insufficient memory for the Java Runtime Environment to continue.
# Native memory allocation (mmap) failed to map 65011712 bytes for G1 virtual space
# Possible reasons:
#   The system is out of physical RAM or swap space
#   The process is running with CompressedOops enabled, and the Java Heap may be blocking the growth of the native heap
# Possible solutions:
#   Reduce memory load on the system
#   Increase physical memory or swap space
#   Check if swap backing store is full
#   Decrease Java heap size (-Xmx/-Xms)
#   Decrease number of Java threads
#   Decrease Java thread stack sizes (-Xss)
#   Set larger code cache with -XX:ReservedCodeCacheSize=
#   JVM is running with Unscaled Compressed Oops mode in which the Java heap is
#     placed in the first 4GB address space. The Java Heap base address is the
#     maximum limit for the native heap growth. Please use -XX:HeapBaseMinAddress
#     to set the Java Heap base and to place the Java Heap above 4GB virtual address.
# This output file may be truncated or incomplete.
#
#  Out of Memory Error (os_windows.cpp:3527), pid=8248, tid=10904
#
# JRE version:  (19.0.1+10) (build )
# Java VM: Java HotSpot(TM) 64-Bit Server VM (19.0.1+10-21, mixed mode, sharing, tiered, compressed oops, compressed class ptrs, g1 gc, windows-amd64)
# No core dump will be written. Minidumps are not enabled by default on client versions of Windows
#

---------------  S U M M A R Y ------------

Command Line: -Dfile.encoding=UTF-8 -Djava.security.policy=applet.policy --module-path=C:\Users\ASUS\Documents\NetBeansProjects\JavaProject\build\classes PathToLogReg

Host: Intel(R) Core(TM) i5-1035G1 CPU @ 1.00GHz, 8 cores, 3G,  Windows 10 , 64 bit Build 19041 (10.0.19041.2364)
Time: Sun Dec 18 02:21:06 2022 Bangladesh Standard Time elapsed time: 0.011475 seconds (0d 0h 0m 0s)

---------------  T H R E A D  ---------------

Current thread (0x000002336b6a9fb0):  JavaThread "Unknown thread" [_thread_in_vm, id=10904, stack(0x0000003ead700000,0x0000003ead800000)]

Stack: [0x0000003ead700000,0x0000003ead800000]
Native frames: (J=compiled Java code, j=interpreted, Vv=VM code, C=native code)
V  [jvm.dll+0x6ee8fa]
V  [jvm.dll+0x857a1e]
V  [jvm.dll+0x85940e]
V  [jvm.dll+0x859ac3]
V  [jvm.dll+0x28291f]
V  [jvm.dll+0x6eb6e9]
V  [jvm.dll+0x6e028a]
V  [jvm.dll+0x357136]
V  [jvm.dll+0x35eb96]
V  [jvm.dll+0x3b555e]
V  [jvm.dll+0x3b578f]
V  [jvm.dll+0x32c6ea]
V  [jvm.dll+0x32d59e]
V  [jvm.dll+0x821b20]
V  [jvm.dll+0x3c27c1]
V  [jvm.dll+0x8022f1]
V  [jvm.dll+0x44b30f]
V  [jvm.dll+0x44cc91]
C  [jli.dll+0x5287]
C  [ucrtbase.dll+0x21bb2]
C  [KERNEL32.DLL+0x17614]
C  [ntdll.dll+0x526a1]


---------------  P R O C E S S  ---------------

Threads class SMR info:
_java_thread_list=0x00007fffabffd048, length=0, elements={
}

Java Threads: ( => current thread )

Other Threads:
  0x000002336b6ea5d0 WorkerThread "GC Thread#0" [stack: 0x0000003ead800000,0x0000003ead900000] [id=8468]
  0x000002336b6f2f30 ConcurrentGCThread "G1 Main Marker" [stack: 0x0000003ead900000,0x0000003eada00000] [id=11824]
  0x000002336b6f3960 WorkerThread "G1 Conc#0" [stack: 0x0000003eada00000,0x0000003eadb00000] [id=9644]

[error occurred during error reporting (printing all threads), id 0xc0000005, EXCEPTION_ACCESS_VIOLATION (0xc0000005) at pc=0x00007fffab7bd127]

VM state: not at safepoint (not fully initialized)

VM Mutex/Monitor currently owned by a thread:  ([mutex/lock_event])
[0x000002336b6a71b0] Heap_lock - owner thread: 0x000002336b6a9fb0

Heap address: 0x00000000c3000000, size: 976 MB, Compressed Oops mode: 32-bit

CDS archive(s) mapped at: [0x0000000000000000-0x0000000000000000-0x0000000000000000), size 0, SharedBaseAddress: 0x0000000800000000, ArchiveRelocationMode: 0.
Narrow klass base: 0x0000000000000000, Narrow klass shift: 0, Narrow klass range: 0x0

GC Precious Log:
 CardTable entry size: 512
 Card Set container configuration: InlinePtr #cards 5 size 8 Array Of Cards #cards 12 size 40 Howl #buckets 4 coarsen threshold 1843 Howl Bitmap #cards 512 size 80 coarsen threshold 460 Card regions per heap region 1 cards per card region 2048

Heap:
 garbage-first heap   total 0K, used 0K [0x00000000c3000000, 0x0000000100000000)
  region size 1024K, 0 young (0K), 0 survivors (0K)

[error occurred during error reporting (printing heap information), id 0xc0000005, EXCEPTION_ACCESS_VIOLATION (0xc0000005) at pc=0x00007fffabbc6959]

GC Heap History (0 events):
No events

Dll operation events (1 events):
Event: 0.006 Loaded shared library C:\Program Files\Java\jdk-19\bin\java.dll

Deoptimization events (0 events):
No events

Classes loaded (0 events):
No events

Classes unloaded (0 events):
No events

Classes redefined (0 events):
No events

Internal exceptions (0 events):
No events

VM Operations (0 events):
No events

Events (0 events):
No events


Dynamic libraries:
0x00007ff6bc6c0000 - 0x00007ff6bc6d0000 	C:\Program Files\Java\jdk-19\bin\java.exe
0x00007ffff6410000 - 0x00007ffff6608000 	C:\Windows\SYSTEM32\ntdll.dll
0x00007ffff5bb0000 - 0x00007ffff5c6f000 	C:\Windows\System32\KERNEL32.DLL
0x00007ffff3e20000 - 0x00007ffff40f2000 	C:\Windows\System32\KERNELBASE.dll
0x00007ffff41a0000 - 0x00007ffff42a0000 	C:\Windows\System32\ucrtbase.dll
0x00007fffedfc0000 - 0x00007fffedfdb000 	C:\Program Files\Java\jdk-19\bin\VCRUNTIME140.dll
0x00007fffef160000 - 0x00007fffef178000 	C:\Program Files\Java\jdk-19\bin\jli.dll
0x00007ffff53f0000 - 0x00007ffff549e000 	C:\Windows\System32\ADVAPI32.dll
0x00007ffff47e0000 - 0x00007ffff487e000 	C:\Windows\System32\msvcrt.dll
0x00007ffff52e0000 - 0x00007ffff537c000 	C:\Windows\System32\sechost.dll
0x00007ffff5650000 - 0x00007ffff5775000 	C:\Windows\System32\RPCRT4.dll
0x00007ffff4a20000 - 0x00007ffff4bc1000 	C:\Windows\System32\USER32.dll
0x00007ffff4170000 - 0x00007ffff4192000 	C:\Windows\System32\win32u.dll
0x00007fffdd3e0000 - 0x00007fffdd67a000 	C:\Windows\WinSxS\amd64_microsoft.windows.common-controls_6595b64144ccf1df_6.0.19041.1110_none_60b5254171f9507e\COMCTL32.dll
0x00007ffff4450000 - 0x00007ffff447b000 	C:\Windows\System32\GDI32.dll
0x00007ffff3d10000 - 0x00007ffff3e1f000 	C:\Windows\System32\gdi32full.dll
0x00007ffff3c70000 - 0x00007ffff3d0d000 	C:\Windows\System32\msvcp_win.dll
0x00007fffedc40000 - 0x00007fffedc4a000 	C:\Windows\SYSTEM32\VERSION.dll
0x00007ffff4bd0000 - 0x00007ffff4c02000 	C:\Windows\System32\IMM32.DLL
0x00007fffef190000 - 0x00007fffef19c000 	C:\Program Files\Java\jdk-19\bin\vcruntime140_1.dll
0x00007fffcb4c0000 - 0x00007fffcb54e000 	C:\Program Files\Java\jdk-19\bin\msvcp140.dll
0x00007fffab480000 - 0x00007fffac140000 	C:\Program Files\Java\jdk-19\bin\server\jvm.dll
0x00007fffef1a0000 - 0x00007fffef1a9000 	C:\Windows\SYSTEM32\WSOCK32.dll
0x00007fffdf870000 - 0x00007fffdf897000 	C:\Windows\SYSTEM32\WINMM.dll
0x00007ffff5380000 - 0x00007ffff53eb000 	C:\Windows\System32\WS2_32.dll
0x00007ffff2360000 - 0x00007ffff2372000 	C:\Windows\SYSTEM32\kernel.appcore.dll
0x00007fffee2f0000 - 0x00007fffee2fa000 	C:\Program Files\Java\jdk-19\bin\jimage.dll
0x00007ffff1870000 - 0x00007ffff1a54000 	C:\Windows\SYSTEM32\DBGHELP.DLL
0x00007fffde810000 - 0x00007fffde845000 	C:\Windows\SYSTEM32\dbgcore.DLL
0x00007ffff3be0000 - 0x00007ffff3c62000 	C:\Windows\System32\bcryptPrimitives.dll
0x00007fffec5f0000 - 0x00007fffec616000 	C:\Program Files\Java\jdk-19\bin\java.dll

dbghelp: loaded successfully - version: 4.0.5 - missing functions: none
symbol engine: initialized successfully - sym options: 0x614 - pdb path: .;C:\Program Files\Java\jdk-19\bin;C:\Windows\SYSTEM32;C:\Windows\WinSxS\amd64_microsoft.windows.common-controls_6595b64144ccf1df_6.0.19041.1110_none_60b5254171f9507e;C:\Program Files\Java\jdk-19\bin\server

VM Arguments:
jvm_args: -Dfile.encoding=UTF-8 -Djava.security.policy=applet.policy --module-path=C:\Users\ASUS\Documents\NetBeansProjects\JavaProject\build\classes 
java_command: PathToLogReg
java_class_path (initial): F:\Program Files\NetBeans-15\netbeans\java\modules\ext\AbsoluteLayout.jar;C:\Users\ASUS\Desktop\jcalendar-1.4.jar;C:\Users\ASUS\Desktop\sqlite-jdbc-3.20.1.jar;C:\Users\ASUS\Documents\NetBeansProjects\JavaProject\build\classes
Launcher Type: SUN_STANDARD

[Global flags]
     intx CICompilerCount                          = 4                                         {product} {ergonomic}
     uint ConcGCThreads                            = 2                                         {product} {ergonomic}
     uint G1ConcRefinementThreads                  = 8                                         {product} {ergonomic}
   size_t G1HeapRegionSize                         = 1048576                                   {product} {ergonomic}
    uintx GCDrainStackTargetSize                   = 64                                        {product} {ergonomic}
   size_t InitialHeapSize                          = 65011712                                  {product} {ergonomic}
   size_t MarkStackSize                            = 4194304                                   {product} {ergonomic}
   size_t MaxHeapSize                              = 1023410176                                {product} {ergonomic}
   size_t MinHeapDeltaBytes                        = 1048576                                   {product} {ergonomic}
   size_t MinHeapSize                              = 8388608                                   {product} {ergonomic}
    uintx NonNMethodCodeHeapSize                   = 5839372                                {pd product} {ergonomic}
    uintx NonProfiledCodeHeapSize                  = 122909434                              {pd product} {ergonomic}
    uintx ProfiledCodeHeapSize                     = 122909434                              {pd product} {ergonomic}
    uintx ReservedCodeCacheSize                    = 251658240                              {pd product} {ergonomic}
     bool SegmentedCodeCache                       = true                                      {product} {ergonomic}
   size_t SoftMaxHeapSize                          = 1023410176                             {manageable} {ergonomic}
     bool UseCompressedClassPointers               = true                           {product lp64_product} {ergonomic}
     bool UseCompressedOops                        = true                           {product lp64_product} {ergonomic}
     bool UseG1GC                                  = true                                      {product} {ergonomic}
     bool UseLargePagesIndividualAllocation        = false                                  {pd product} {ergonomic}

Logging:
Log output configuration:
 #0: stdout all=warning uptime,level,tags foldmultilines=false
 #1: stderr all=off uptime,level,tags foldmultilines=false

Environment Variables:
PATH=C:\Program Files\Common Files\Oracle\Java\javapath;C:\Windows\system32;C:\Windows;C:\Windows\System32\Wbem;C:\Windows\System32\WindowsPowerShell\v1.0\;C:\Windows\System32\OpenSSH\;C:\Program Files (x86)\NVIDIA Corporation\PhysX\Common;C:\LLVM\bin;C:\MinGW\bin;C:\Users\ASUS\AppData\Local\Microsoft\WindowsApps;;D:\Microsoft VS Code\bin
USERNAME=ASUS
OS=Windows_NT
PROCESSOR_IDENTIFIER=Intel64 Family 6 Model 126 Stepping 5, GenuineIntel
TMP=C:\Users\ASUS\AppData\Local\Temp
TEMP=C:\Users\ASUS\AppData\Local\Temp



---------------  S Y S T E M  ---------------

OS:
 Windows 10 , 64 bit Build 19041 (10.0.19041.2364)
OS uptime: 0 days 6:49 hours
Hyper-V role detected

CPU: total 8 (initial active 8) (4 cores per cpu, 2 threads per core) family 6 model 126 stepping 5 microcode 0xa0, cx8, cmov, fxsr, ht, mmx, 3dnowpref, sse, sse2, sse3, ssse3, sse4.1, sse4.2, popcnt, lzcnt, tsc, tscinvbit, avx, avx2, aes, erms, clmul, bmi1, bmi2, adx, avx512f, avx512dq, avx512cd, avx512bw, avx512vl, sha, fma, vzeroupper, avx512_vpopcntdq, avx512_vpclmulqdq, avx512_vaes, avx512_vnni, clflush, clflushopt, avx512_vbmi2, avx512_vbmi, hv, rdtscp, rdpid, fsrm, gfni, avx512_bitalg

Memory: 4k page, system-wide physical 3901M (431M free)
TotalPageFile size 5949M (AvailPageFile size 29M)
current process WorkingSet (physical memory assigned to process): 10M, peak: 10M
current process commit charge ("private bytes"): 60M, peak: 121M

vm_info: Java HotSpot(TM) 64-Bit Server VM (19.0.1+10-21) for windows-amd64 JRE (19.0.1+10-21), built on 2022-09-14T12:45:06Z by "mach5one" with MS VC++ 17.1 (VS2022)

END.
