#
# There is insufficient memory for the Java Runtime Environment to continue.
# Native memory allocation (mmap) failed to map 65536 bytes for Failed to commit metaspace.
# Possible reasons:
#   The system is out of physical RAM or swap space
#   The process is running with CompressedOops enabled, and the Java Heap may be blocking the growth of the native heap
# Possible solutions:
#   Reduce memory load on the system
#   Increase physical memory or swap space
#   Check if swap backing store is full
#   Decrease Java heap size (-Xmx/-Xms)
#   Decrease number of Java threads
#   Decrease Java thread stack sizes (-Xss)
#   Set larger code cache with -XX:ReservedCodeCacheSize=
#   JVM is running with Unscaled Compressed Oops mode in which the Java heap is
#     placed in the first 4GB address space. The Java Heap base address is the
#     maximum limit for the native heap growth. Please use -XX:HeapBaseMinAddress
#     to set the Java Heap base and to place the Java Heap above 4GB virtual address.
# This output file may be truncated or incomplete.
#
#  Out of Memory Error (virtualSpaceNode.cpp:110), pid=12636, tid=5268
#
# JRE version: Java(TM) SE Runtime Environment (19.0.1+10) (build 19.0.1+10-21)
# Java VM: Java HotSpot(TM) 64-Bit Server VM (19.0.1+10-21, mixed mode, sharing, tiered, compressed oops, compressed class ptrs, g1 gc, windows-amd64)
# No core dump will be written. Minidumps are not enabled by default on client versions of Windows
#

---------------  S U M M A R Y ------------

Command Line: -Dfile.encoding=UTF-8 --module-path=C:\Users\ASUS\Documents\NetBeansProjects\JavaProject\build\classes home.Registration_form

Host: Intel(R) Core(TM) i5-1035G1 CPU @ 1.00GHz, 8 cores, 3G,  Windows 10 , 64 bit Build 19041 (10.0.19041.2364)
Time: Sat Dec 17 11:31:16 2022 Bangladesh Standard Time elapsed time: 0.219502 seconds (0d 0h 0m 0s)

---------------  T H R E A D  ---------------

Current thread (0x00000240d6d78c80):  JavaThread "main" [_thread_in_vm, id=5268, stack(0x000000945cf00000,0x000000945d000000)]

Stack: [0x000000945cf00000,0x000000945d000000]
Native frames: (J=compiled Java code, j=interpreted, Vv=VM code, C=native code)
V  [jvm.dll+0x6ee8fa]
V  [jvm.dll+0x857a1e]
V  [jvm.dll+0x85940e]
V  [jvm.dll+0x859ac3]
V  [jvm.dll+0x28291f]
V  [jvm.dll+0x85369b]
V  [jvm.dll+0x693276]
V  [jvm.dll+0x6932da]
V  [jvm.dll+0x695bd3]
V  [jvm.dll+0x695a9e]
V  [jvm.dll+0x693c9e]
V  [jvm.dll+0x69e347]
V  [jvm.dll+0x21df42]
V  [jvm.dll+0x21e475]
V  [jvm.dll+0x21edd1]
V  [jvm.dll+0x214571]
V  [jvm.dll+0x5aa2d6]
V  [jvm.dll+0x22567a]
V  [jvm.dll+0x7ccb72]
V  [jvm.dll+0x7cdfba]
V  [jvm.dll+0x7ce73d]
V  [jvm.dll+0x21f1e5]
V  [jvm.dll+0x21458a]
V  [jvm.dll+0x5aa2d6]
V  [jvm.dll+0x22567a]
V  [jvm.dll+0x7ccb72]
V  [jvm.dll+0x7cdfba]
V  [jvm.dll+0x7ce2e8]
V  [jvm.dll+0x271d6b]
V  [jvm.dll+0x3da3de]
C  0x00000240e7a7dc1d

Java frames: (J=compiled Java code, j=interpreted, Vv=VM code)
j  sun.awt.PlatformGraphicsInfo.createGE()Ljava/awt/GraphicsEnvironment;+0 java.desktop@19.0.1
j  java.awt.GraphicsEnvironment$LocalGE.createGE()Ljava/awt/GraphicsEnvironment;+0 java.desktop@19.0.1
j  java.awt.GraphicsEnvironment$LocalGE.<clinit>()V+0 java.desktop@19.0.1
v  ~StubRoutines::call_stub 0x00000240e7a510e8
j  java.awt.GraphicsEnvironment.getLocalGraphicsEnvironment()Ljava/awt/GraphicsEnvironment;+0 java.desktop@19.0.1
j  sun.swing.SwingUtilities2.isLocalDisplay()Z+0 java.desktop@19.0.1
j  javax.swing.plaf.metal.MetalLookAndFeel.initComponentDefaults(Ljavax/swing/UIDefaults;)V+12170 java.desktop@19.0.1
j  javax.swing.plaf.basic.BasicLookAndFeel.getDefaults()Ljavax/swing/UIDefaults;+25 java.desktop@19.0.1
j  javax.swing.plaf.metal.MetalLookAndFeel.getDefaults()Ljavax/swing/UIDefaults;+9 java.desktop@19.0.1
j  javax.swing.UIManager.setLookAndFeel(Ljavax/swing/LookAndFeel;)V+66 java.desktop@19.0.1
j  javax.swing.UIManager.setLookAndFeel(Ljava/lang/String;)V+16 java.desktop@19.0.1
j  javax.swing.UIManager.initializeDefaultLAF(Ljava/util/Properties;)V+58 java.desktop@19.0.1
j  javax.swing.UIManager.initialize()V+9 java.desktop@19.0.1
j  javax.swing.UIManager.maybeInitialize()V+22 java.desktop@19.0.1
j  javax.swing.UIManager.getInstalledLookAndFeels()[Ljavax/swing/UIManager$LookAndFeelInfo;+0 java.desktop@19.0.1
j  home.Registration_form.main([Ljava/lang/String;)V+0
v  ~StubRoutines::call_stub 0x00000240e7a510e8

---------------  P R O C E S S  ---------------

Threads class SMR info:
_java_thread_list=0x00000240f91fa1f0, length=15, elements={
0x00000240d6d78c80, 0x00000240f4d87c10, 0x00000240f4d8abc0, 0x00000240f4d8fae0,
0x00000240f4d91250, 0x00000240f4d92690, 0x00000240f4d930b0, 0x00000240f4d94b40,
0x00000240f4d98540, 0x00000240f4d98fa0, 0x00000240d6e3c830, 0x00000240f9130490,
0x00000240f9296f10, 0x00000240f9297c60, 0x00000240f92981a0
}

Java Threads: ( => current thread )
=>0x00000240d6d78c80 JavaThread "main" [_thread_in_vm, id=5268, stack(0x000000945cf00000,0x000000945d000000)]
  0x00000240f4d87c10 JavaThread "Reference Handler" daemon [_thread_blocked, id=4724, stack(0x000000945d600000,0x000000945d700000)]
  0x00000240f4d8abc0 JavaThread "Finalizer" daemon [_thread_blocked, id=7520, stack(0x000000945d700000,0x000000945d800000)]
  0x00000240f4d8fae0 JavaThread "Signal Dispatcher" daemon [_thread_blocked, id=10164, stack(0x000000945d800000,0x000000945d900000)]
  0x00000240f4d91250 JavaThread "Attach Listener" daemon [_thread_blocked, id=12656, stack(0x000000945d900000,0x000000945da00000)]
  0x00000240f4d92690 JavaThread "Service Thread" daemon [_thread_blocked, id=3204, stack(0x000000945da00000,0x000000945db00000)]
  0x00000240f4d930b0 JavaThread "Monitor Deflation Thread" daemon [_thread_blocked, id=8612, stack(0x000000945db00000,0x000000945dc00000)]
  0x00000240f4d94b40 JavaThread "C2 CompilerThread0" daemon [_thread_blocked, id=10064, stack(0x000000945dc00000,0x000000945dd00000)]
  0x00000240f4d98540 JavaThread "C1 CompilerThread0" daemon [_thread_blocked, id=11004, stack(0x000000945dd00000,0x000000945de00000)]
  0x00000240f4d98fa0 JavaThread "Sweeper thread" daemon [_thread_blocked, id=5496, stack(0x000000945de00000,0x000000945df00000)]
  0x00000240d6e3c830 JavaThread "Common-Cleaner" daemon [_thread_blocked, id=5528, stack(0x000000945df00000,0x000000945e000000)]
  0x00000240f9130490 JavaThread "Notification Thread" daemon [_thread_blocked, id=3980, stack(0x000000945e000000,0x000000945e100000)]
  0x00000240f9296f10 JavaThread "Java2D Disposer" daemon [_thread_blocked, id=10176, stack(0x000000945e200000,0x000000945e300000)]
  0x00000240f9297c60 JavaThread "AWT-Shutdown" [_thread_blocked, id=8308, stack(0x000000945e300000,0x000000945e400000)]
  0x00000240f92981a0 JavaThread "AWT-Windows" daemon [_thread_in_native, id=11320, stack(0x000000945e400000,0x000000945e500000)]

Other Threads:
  0x00000240f4d70fe0 VMThread "VM Thread" [stack: 0x000000945d500000,0x000000945d600000] [id=11416]
  0x00000240f91309d0 WatcherThread "VM Periodic Task Thread" [stack: 0x000000945e100000,0x000000945e200000] [id=3216]
  0x00000240d6db9670 WorkerThread "GC Thread#0" [stack: 0x000000945d000000,0x000000945d100000] [id=12748]
  0x00000240d6dc1fd0 ConcurrentGCThread "G1 Main Marker" [stack: 0x000000945d100000,0x000000945d200000] [id=12768]
  0x00000240d6dc2ba0 WorkerThread "G1 Conc#0" [stack: 0x000000945d200000,0x000000945d300000] [id=6284]
  0x00000240d6e28030 ConcurrentGCThread "G1 Refine#0" [stack: 0x000000945d300000,0x000000945d400000] [id=9140]
  0x00000240d6e29b80 ConcurrentGCThread "G1 Service" [stack: 0x000000945d400000,0x000000945d500000] [id=10804]

Threads with active compile tasks:

VM state: not at safepoint (normal execution)

VM Mutex/Monitor currently owned by a thread:  ([mutex/lock_event])
[0x00000240d6d70d70] Metaspace_lock - owner thread: 0x00000240d6d78c80

Heap address: 0x00000000c3000000, size: 976 MB, Compressed Oops mode: 32-bit

CDS archive(s) mapped at: [0x0000000800000000-0x0000000800c40000-0x0000000800c40000), size 12845056, SharedBaseAddress: 0x0000000800000000, ArchiveRelocationMode: 0.
Compressed class space mapped at: 0x0000000801000000-0x0000000841000000, reserved size: 1073741824
Narrow klass base: 0x0000000800000000, Narrow klass shift: 0, Narrow klass range: 0x100000000

GC Precious Log:
 CardTable entry size: 512
 Card Set container configuration: InlinePtr #cards 5 size 8 Array Of Cards #cards 12 size 40 Howl #buckets 4 coarsen threshold 1843 Howl Bitmap #cards 512 size 80 coarsen threshold 460 Card regions per heap region 1 cards per card region 2048
 CPUs: 8 total, 8 available
 Memory: 3901M
 Large Page Support: Disabled
 NUMA Support: Disabled
 Compressed Oops: Enabled (32-bit)
 Heap Region Size: 1M
 Heap Min Capacity: 8M
 Heap Initial Capacity: 62M
 Heap Max Capacity: 976M
 Pre-touch: Disabled
 Parallel Workers: 8
 Concurrent Workers: 2
 Concurrent Refinement Workers: 8
 Periodic GC: Disabled

Heap:
 garbage-first heap   total 63488K, used 5120K [0x00000000c3000000, 0x0000000100000000)
  region size 1024K, 6 young (6144K), 0 survivors (0K)
 Metaspace       used 3531K, committed 3648K, reserved 1114112K
  class space    used 375K, committed 448K, reserved 1048576K

Heap Regions: E=young(eden), S=young(survivor), O=old, HS=humongous(starts), HC=humongous(continues), CS=collection set, F=free, OA=open archive, CA=closed archive, TAMS=top-at-mark-start (previous, next)
|   0|0x00000000c3000000, 0x00000000c3000000, 0x00000000c3100000|  0%| F|  |TAMS 0x00000000c3000000, 0x00000000c3000000| Untracked 
|   1|0x00000000c3100000, 0x00000000c3100000, 0x00000000c3200000|  0%| F|  |TAMS 0x00000000c3100000, 0x00000000c3100000| Untracked 
|   2|0x00000000c3200000, 0x00000000c3200000, 0x00000000c3300000|  0%| F|  |TAMS 0x00000000c3200000, 0x00000000c3200000| Untracked 
|   3|0x00000000c3300000, 0x00000000c3300000, 0x00000000c3400000|  0%| F|  |TAMS 0x00000000c3300000, 0x00000000c3300000| Untracked 
|   4|0x00000000c3400000, 0x00000000c3400000, 0x00000000c3500000|  0%| F|  |TAMS 0x00000000c3400000, 0x00000000c3400000| Untracked 
|   5|0x00000000c3500000, 0x00000000c3500000, 0x00000000c3600000|  0%| F|  |TAMS 0x00000000c3500000, 0x00000000c3500000| Untracked 
|   6|0x00000000c3600000, 0x00000000c3600000, 0x00000000c3700000|  0%| F|  |TAMS 0x00000000c3600000, 0x00000000c3600000| Untracked 
|   7|0x00000000c3700000, 0x00000000c3700000, 0x00000000c3800000|  0%| F|  |TAMS 0x00000000c3700000, 0x00000000c3700000| Untracked 
|   8|0x00000000c3800000, 0x00000000c3800000, 0x00000000c3900000|  0%| F|  |TAMS 0x00000000c3800000, 0x00000000c3800000| Untracked 
|   9|0x00000000c3900000, 0x00000000c3900000, 0x00000000c3a00000|  0%| F|  |TAMS 0x00000000c3900000, 0x00000000c3900000| Untracked 
|  10|0x00000000c3a00000, 0x00000000c3a00000, 0x00000000c3b00000|  0%| F|  |TAMS 0x00000000c3a00000, 0x00000000c3a00000| Untracked 
|  11|0x00000000c3b00000, 0x00000000c3b00000, 0x00000000c3c00000|  0%| F|  |TAMS 0x00000000c3b00000, 0x00000000c3b00000| Untracked 
|  12|0x00000000c3c00000, 0x00000000c3c00000, 0x00000000c3d00000|  0%| F|  |TAMS 0x00000000c3c00000, 0x00000000c3c00000| Untracked 
|  13|0x00000000c3d00000, 0x00000000c3d00000, 0x00000000c3e00000|  0%| F|  |TAMS 0x00000000c3d00000, 0x00000000c3d00000| Untracked 
|  14|0x00000000c3e00000, 0x00000000c3e00000, 0x00000000c3f00000|  0%| F|  |TAMS 0x00000000c3e00000, 0x00000000c3e00000| Untracked 
|  15|0x00000000c3f00000, 0x00000000c3f00000, 0x00000000c4000000|  0%| F|  |TAMS 0x00000000c3f00000, 0x00000000c3f00000| Untracked 
|  16|0x00000000c4000000, 0x00000000c4000000, 0x00000000c4100000|  0%| F|  |TAMS 0x00000000c4000000, 0x00000000c4000000| Untracked 
|  17|0x00000000c4100000, 0x00000000c4100000, 0x00000000c4200000|  0%| F|  |TAMS 0x00000000c4100000, 0x00000000c4100000| Untracked 
|  18|0x00000000c4200000, 0x00000000c4200000, 0x00000000c4300000|  0%| F|  |TAMS 0x00000000c4200000, 0x00000000c4200000| Untracked 
|  19|0x00000000c4300000, 0x00000000c4300000, 0x00000000c4400000|  0%| F|  |TAMS 0x00000000c4300000, 0x00000000c4300000| Untracked 
|  20|0x00000000c4400000, 0x00000000c4400000, 0x00000000c4500000|  0%| F|  |TAMS 0x00000000c4400000, 0x00000000c4400000| Untracked 
|  21|0x00000000c4500000, 0x00000000c4500000, 0x00000000c4600000|  0%| F|  |TAMS 0x00000000c4500000, 0x00000000c4500000| Untracked 
|  22|0x00000000c4600000, 0x00000000c4600000, 0x00000000c4700000|  0%| F|  |TAMS 0x00000000c4600000, 0x00000000c4600000| Untracked 
|  23|0x00000000c4700000, 0x00000000c4700000, 0x00000000c4800000|  0%| F|  |TAMS 0x00000000c4700000, 0x00000000c4700000| Untracked 
|  24|0x00000000c4800000, 0x00000000c4800000, 0x00000000c4900000|  0%| F|  |TAMS 0x00000000c4800000, 0x00000000c4800000| Untracked 
|  25|0x00000000c4900000, 0x00000000c4900000, 0x00000000c4a00000|  0%| F|  |TAMS 0x00000000c4900000, 0x00000000c4900000| Untracked 
|  26|0x00000000c4a00000, 0x00000000c4a00000, 0x00000000c4b00000|  0%| F|  |TAMS 0x00000000c4a00000, 0x00000000c4a00000| Untracked 
|  27|0x00000000c4b00000, 0x00000000c4b00000, 0x00000000c4c00000|  0%| F|  |TAMS 0x00000000c4b00000, 0x00000000c4b00000| Untracked 
|  28|0x00000000c4c00000, 0x00000000c4c00000, 0x00000000c4d00000|  0%| F|  |TAMS 0x00000000c4c00000, 0x00000000c4c00000| Untracked 
|  29|0x00000000c4d00000, 0x00000000c4d00000, 0x00000000c4e00000|  0%| F|  |TAMS 0x00000000c4d00000, 0x00000000c4d00000| Untracked 
|  30|0x00000000c4e00000, 0x00000000c4e00000, 0x00000000c4f00000|  0%| F|  |TAMS 0x00000000c4e00000, 0x00000000c4e00000| Untracked 
|  31|0x00000000c4f00000, 0x00000000c4f00000, 0x00000000c5000000|  0%| F|  |TAMS 0x00000000c4f00000, 0x00000000c4f00000| Untracked 
|  32|0x00000000c5000000, 0x00000000c5000000, 0x00000000c5100000|  0%| F|  |TAMS 0x00000000c5000000, 0x00000000c5000000| Untracked 
|  33|0x00000000c5100000, 0x00000000c5100000, 0x00000000c5200000|  0%| F|  |TAMS 0x00000000c5100000, 0x00000000c5100000| Untracked 
|  34|0x00000000c5200000, 0x00000000c5200000, 0x00000000c5300000|  0%| F|  |TAMS 0x00000000c5200000, 0x00000000c5200000| Untracked 
|  35|0x00000000c5300000, 0x00000000c5300000, 0x00000000c5400000|  0%| F|  |TAMS 0x00000000c5300000, 0x00000000c5300000| Untracked 
|  36|0x00000000c5400000, 0x00000000c5400000, 0x00000000c5500000|  0%| F|  |TAMS 0x00000000c5400000, 0x00000000c5400000| Untracked 
|  37|0x00000000c5500000, 0x00000000c5500000, 0x00000000c5600000|  0%| F|  |TAMS 0x00000000c5500000, 0x00000000c5500000| Untracked 
|  38|0x00000000c5600000, 0x00000000c5600000, 0x00000000c5700000|  0%| F|  |TAMS 0x00000000c5600000, 0x00000000c5600000| Untracked 
|  39|0x00000000c5700000, 0x00000000c5700000, 0x00000000c5800000|  0%| F|  |TAMS 0x00000000c5700000, 0x00000000c5700000| Untracked 
|  40|0x00000000c5800000, 0x00000000c5800000, 0x00000000c5900000|  0%| F|  |TAMS 0x00000000c5800000, 0x00000000c5800000| Untracked 
|  41|0x00000000c5900000, 0x00000000c5900000, 0x00000000c5a00000|  0%| F|  |TAMS 0x00000000c5900000, 0x00000000c5900000| Untracked 
|  42|0x00000000c5a00000, 0x00000000c5a00000, 0x00000000c5b00000|  0%| F|  |TAMS 0x00000000c5a00000, 0x00000000c5a00000| Untracked 
|  43|0x00000000c5b00000, 0x00000000c5b00000, 0x00000000c5c00000|  0%| F|  |TAMS 0x00000000c5b00000, 0x00000000c5b00000| Untracked 
|  44|0x00000000c5c00000, 0x00000000c5c00000, 0x00000000c5d00000|  0%| F|  |TAMS 0x00000000c5c00000, 0x00000000c5c00000| Untracked 
|  45|0x00000000c5d00000, 0x00000000c5d00000, 0x00000000c5e00000|  0%| F|  |TAMS 0x00000000c5d00000, 0x00000000c5d00000| Untracked 
|  46|0x00000000c5e00000, 0x00000000c5e00000, 0x00000000c5f00000|  0%| F|  |TAMS 0x00000000c5e00000, 0x00000000c5e00000| Untracked 
|  47|0x00000000c5f00000, 0x00000000c5f00000, 0x00000000c6000000|  0%| F|  |TAMS 0x00000000c5f00000, 0x00000000c5f00000| Untracked 
|  48|0x00000000c6000000, 0x00000000c6000000, 0x00000000c6100000|  0%| F|  |TAMS 0x00000000c6000000, 0x00000000c6000000| Untracked 
|  49|0x00000000c6100000, 0x00000000c6100000, 0x00000000c6200000|  0%| F|  |TAMS 0x00000000c6100000, 0x00000000c6100000| Untracked 
|  50|0x00000000c6200000, 0x00000000c6200000, 0x00000000c6300000|  0%| F|  |TAMS 0x00000000c6200000, 0x00000000c6200000| Untracked 
|  51|0x00000000c6300000, 0x00000000c6300000, 0x00000000c6400000|  0%| F|  |TAMS 0x00000000c6300000, 0x00000000c6300000| Untracked 
|  52|0x00000000c6400000, 0x00000000c6400000, 0x00000000c6500000|  0%| F|  |TAMS 0x00000000c6400000, 0x00000000c6400000| Untracked 
|  53|0x00000000c6500000, 0x00000000c6500000, 0x00000000c6600000|  0%| F|  |TAMS 0x00000000c6500000, 0x00000000c6500000| Untracked 
|  54|0x00000000c6600000, 0x00000000c6600000, 0x00000000c6700000|  0%| F|  |TAMS 0x00000000c6600000, 0x00000000c6600000| Untracked 
|  55|0x00000000c6700000, 0x00000000c6700000, 0x00000000c6800000|  0%| F|  |TAMS 0x00000000c6700000, 0x00000000c6700000| Untracked 
|  56|0x00000000c6800000, 0x00000000c68765c0, 0x00000000c6900000| 46%| E|  |TAMS 0x00000000c6800000, 0x00000000c6800000| Complete 
|  57|0x00000000c6900000, 0x00000000c6a00000, 0x00000000c6a00000|100%| E|CS|TAMS 0x00000000c6900000, 0x00000000c6900000| Complete 
|  58|0x00000000c6a00000, 0x00000000c6b00000, 0x00000000c6b00000|100%| E|CS|TAMS 0x00000000c6a00000, 0x00000000c6a00000| Complete 
|  59|0x00000000c6b00000, 0x00000000c6c00000, 0x00000000c6c00000|100%| E|CS|TAMS 0x00000000c6b00000, 0x00000000c6b00000| Complete 
|  60|0x00000000c6c00000, 0x00000000c6d00000, 0x00000000c6d00000|100%| E|CS|TAMS 0x00000000c6c00000, 0x00000000c6c00000| Complete 
|  61|0x00000000c6d00000, 0x00000000c6e00000, 0x00000000c6e00000|100%| E|CS|TAMS 0x00000000c6d00000, 0x00000000c6d00000| Complete 

Card table byte_map: [0x00000240f0170000,0x00000240f0360000] _byte_map_base: 0x00000240efb58000

Marking Bits (Prev, Next): (CMBitMap*) 0x00000240d6db9ca0, (CMBitMap*) 0x00000240d6db9ce0
 Prev Bits: [0x00000240f0550000, 0x00000240f1490000)
 Next Bits: [0x00000240f1490000, 0x00000240f23d0000)

Polling page: 0x00000240d6b70000

Metaspace:

Usage:
  Non-class:      3.08 MB used.
      Class:    375.20 KB used.
       Both:      3.45 MB used.

Virtual space:
  Non-class space:       64.00 MB reserved,       3.12 MB (  5%) committed,  1 nodes.
      Class space:        1.00 GB reserved,     448.00 KB ( <1%) committed,  1 nodes.
             Both:        1.06 GB reserved,       3.56 MB ( <1%) committed. 

Chunk freelists:
   Non-Class:  3.88 MB
       Class:  3.57 MB
        Both:  7.45 MB

MaxMetaspaceSize: unlimited
CompressedClassSpaceSize: 1.00 GB
Initial GC threshold: 21.00 MB
Current GC threshold: 21.00 MB
CDS: on
MetaspaceReclaimPolicy: balanced
 - commit_granule_bytes: 65536.
 - commit_granule_words: 8192.
 - virtual_space_node_default_size: 8388608.
 - enlarge_chunks_in_place: 1.
 - new_chunks_are_fully_committed: 0.
 - uncommit_free_chunks: 1.
 - use_allocation_guard: 0.


Internal statistics:

num_allocs_failed_limit: 0.
num_arena_births: 108.
num_arena_deaths: 0.
num_vsnodes_births: 2.
num_vsnodes_deaths: 0.
num_space_committed: 57.
num_space_uncommitted: 0.
num_chunks_returned_to_freelist: 0.
num_chunks_taken_from_freelist: 112.
num_chunk_merges: 0.
num_chunk_splits: 80.
num_chunks_enlarged: 52.
num_inconsistent_stats: 0.

CodeHeap 'non-profiled nmethods': size=120000Kb used=154Kb max_used=154Kb free=119846Kb
 bounds [0x00000240e7ff0000, 0x00000240e8260000, 0x00000240ef520000]
CodeHeap 'profiled nmethods': size=120000Kb used=670Kb max_used=670Kb free=119330Kb
 bounds [0x00000240e0520000, 0x00000240e0790000, 0x00000240e7a50000]
CodeHeap 'non-nmethods': size=5760Kb used=1284Kb max_used=1298Kb free=4475Kb
 bounds [0x00000240e7a50000, 0x00000240e7cc0000, 0x00000240e7ff0000]
 total_blobs=985 nmethods=497 adapters=399
 compilation: enabled
              stopped_count=0, restarted_count=0
 full_count=0

Compilation events (20 events):
Event: 0.215 Thread 0x00000240f4d98540  489       3       jdk.internal.org.objectweb.asm.MethodWriter::visitCode (1 bytes)
Event: 0.215 Thread 0x00000240f4d98540 nmethod 489 0x00000240e05c3590 code [0x00000240e05c3720, 0x00000240e05c3838]
Event: 0.215 Thread 0x00000240f4d98540  488       1       java.lang.invoke.MethodHandleNatives::isPullModeBSM (2 bytes)
Event: 0.215 Thread 0x00000240f4d98540 nmethod 488 0x00000240e8015810 code [0x00000240e80159a0, 0x00000240e8015a58]
Event: 0.215 Thread 0x00000240f4d98540  490       3       jdk.internal.org.objectweb.asm.ClassReader::<init> (371 bytes)
Event: 0.215 Thread 0x00000240f4d94b40  491       4       java.util.concurrent.ConcurrentHashMap::tabAt (22 bytes)
Event: 0.216 Thread 0x00000240f4d94b40 nmethod 491 0x00000240e8015f10 code [0x00000240e8016080, 0x00000240e80160d8]
Event: 0.216 Thread 0x00000240f4d94b40  495       4       java.lang.invoke.MemberName::getReferenceKind (12 bytes)
Event: 0.216 Thread 0x00000240f4d98540 nmethod 490 0x00000240e05c3910 code [0x00000240e05c3c00, 0x00000240e05c4f28]
Event: 0.216 Thread 0x00000240f4d98540  493       3       jdk.internal.org.objectweb.asm.ClassReader::readUtf (161 bytes)
Event: 0.216 Thread 0x00000240f4d94b40 nmethod 495 0x00000240e8016210 code [0x00000240e8016380, 0x00000240e80163f8]
Event: 0.216 Thread 0x00000240f4d98540 nmethod 493 0x00000240e05c5490 code [0x00000240e05c5660, 0x00000240e05c5ac8]
Event: 0.216 Thread 0x00000240f4d98540  497       3       jdk.internal.org.objectweb.asm.MethodWriter::visitLabel (330 bytes)
Event: 0.217 Thread 0x00000240f4d98540 nmethod 497 0x00000240e05c5d90 code [0x00000240e05c6020, 0x00000240e05c6d88]
Event: 0.217 Thread 0x00000240f4d98540  494       3       java.lang.invoke.MemberName::changeReferenceKind (60 bytes)
Event: 0.217 Thread 0x00000240f4d98540 nmethod 494 0x00000240e05c7010 code [0x00000240e05c71a0, 0x00000240e05c72d8]
Event: 0.217 Thread 0x00000240f4d98540  496       3       java.lang.invoke.DirectMethodHandle$Constructor::<init> (44 bytes)
Event: 0.217 Thread 0x00000240f4d98540 nmethod 496 0x00000240e05c7390 code [0x00000240e05c7540, 0x00000240e05c7768]
Event: 0.217 Thread 0x00000240f4d98540  498       1       java.lang.invoke.DirectMethodHandle::isCrackable (5 bytes)
Event: 0.217 Thread 0x00000240f4d98540 nmethod 498 0x00000240e8016510 code [0x00000240e80166a0, 0x00000240e8016778]

GC Heap History (0 events):
No events

Dll operation events (7 events):
Event: 0.005 Loaded shared library C:\Program Files\Java\jdk-19\bin\java.dll
Event: 0.012 Loaded shared library C:\Program Files\Java\jdk-19\bin\jsvml.dll
Event: 0.064 Loaded shared library C:\Program Files\Java\jdk-19\bin\net.dll
Event: 0.066 Loaded shared library C:\Program Files\Java\jdk-19\bin\nio.dll
Event: 0.084 Loaded shared library C:\Program Files\Java\jdk-19\bin\zip.dll
Event: 0.097 Loaded shared library C:\Program Files\Java\jdk-19\bin\jimage.dll
Event: 0.111 Loaded shared library C:\Program Files\Java\jdk-19\bin\awt.dll

Deoptimization events (4 events):
Event: 0.182 Thread 0x00000240d6d78c80 Uncommon trap: trap_request=0xffffff45 fr.pc=0x00000240e7fff440 relative=0x0000000000000a20
Event: 0.182 Thread 0x00000240d6d78c80 Uncommon trap: reason=unstable_if action=reinterpret pc=0x00000240e7fff440 method=java.util.HashMap.putVal(ILjava/lang/Object;Ljava/lang/Object;ZZ)Ljava/lang/Object; @ 236 c2
Event: 0.182 Thread 0x00000240d6d78c80 DEOPT PACKING pc=0x00000240e7fff440 sp=0x000000945cffdf00
Event: 0.182 Thread 0x00000240d6d78c80 DEOPT UNPACKING pc=0x00000240e7aba5a3 sp=0x000000945cffdeb8 mode 2

Classes loaded (20 events):
Event: 0.192 Loading class javax/swing/plaf/BorderUIResource$EmptyBorderUIResource
Event: 0.192 Loading class javax/swing/border/EmptyBorder
Event: 0.192 Loading class javax/swing/border/AbstractBorder
Event: 0.192 Loading class javax/swing/border/Border
Event: 0.192 Loading class javax/swing/border/Border done
Event: 0.192 Loading class javax/swing/border/AbstractBorder done
Event: 0.192 Loading class javax/swing/border/EmptyBorder done
Event: 0.192 Loading class javax/swing/plaf/BorderUIResource$EmptyBorderUIResource done
Event: 0.196 Loading class javax/swing/plaf/basic/BasicLookAndFeel$2
Event: 0.196 Loading class javax/swing/plaf/basic/BasicLookAndFeel$2 done
Event: 0.198 Loading class javax/swing/plaf/DimensionUIResource
Event: 0.198 Loading class javax/swing/plaf/DimensionUIResource done
Event: 0.201 Loading class javax/swing/UIDefaults$LazyInputMap
Event: 0.201 Loading class javax/swing/UIDefaults$LazyInputMap done
Event: 0.207 Loading class javax/swing/plaf/metal/MetalLookAndFeel$FontActiveValue
Event: 0.207 Loading class javax/swing/plaf/metal/MetalLookAndFeel$FontActiveValue done
Event: 0.217 Loading class java/awt/GraphicsEnvironment$LocalGE
Event: 0.217 Loading class java/awt/GraphicsEnvironment$LocalGE done
Event: 0.217 Loading class sun/awt/Win32GraphicsEnvironment
Event: 0.217 Loading class sun/java2d/SunGraphicsEnvironment

Classes unloaded (0 events):
No events

Classes redefined (0 events):
No events

Internal exceptions (11 events):
Event: 0.067 Thread 0x00000240d6d78c80 Exception <a 'sun/nio/fs/WindowsException'{0x00000000c6c44fb0}> (0x00000000c6c44fb0) 
thrown [s\open\src\hotspot\share\prims\jni.cpp, line 517]
Event: 0.067 Thread 0x00000240d6d78c80 Exception <a 'sun/nio/fs/WindowsException'{0x00000000c6c454e0}> (0x00000000c6c454e0) 
thrown [s\open\src\hotspot\share\prims\jni.cpp, line 517]
Event: 0.068 Thread 0x00000240d6d78c80 Exception <a 'sun/nio/fs/WindowsException'{0x00000000c6c47780}> (0x00000000c6c47780) 
thrown [s\open\src\hotspot\share\prims\jni.cpp, line 517]
Event: 0.069 Thread 0x00000240d6d78c80 Exception <a 'sun/nio/fs/WindowsException'{0x00000000c6c48230}> (0x00000000c6c48230) 
thrown [s\open\src\hotspot\share\prims\jni.cpp, line 517]
Event: 0.103 Thread 0x00000240d6d78c80 Exception <a 'java/lang/ClassNotFoundException'{0x00000000c6b79628}: sun/awt/resources/spi/awtProvider> (0x00000000c6b79628) 
thrown [s\open\src\hotspot\share\classfile\systemDictionary.cpp, line 255]
Event: 0.122 Thread 0x00000240d6d78c80 Exception <a 'java/io/FileNotFoundException'{0x00000000c6bd0ad8}> (0x00000000c6bd0ad8) 
thrown [s\open\src\hotspot\share\prims\jni.cpp, line 517]
Event: 0.128 Thread 0x00000240d6d78c80 Exception <a 'java/io/FileNotFoundException'{0x00000000c6bfd248}> (0x00000000c6bfd248) 
thrown [s\open\src\hotspot\share\prims\jni.cpp, line 517]
Event: 0.162 Thread 0x00000240d6d78c80 Exception <a 'java/lang/NoSuchMethodError'{0x00000000c6a53d30}: 'java.lang.Object java.lang.invoke.DirectMethodHandle$Holder.invokeStaticInit(java.lang.Object)'> (0x00000000c6a53d30) 
thrown [s\open\src\hotspot\share\interpreter\linkResolver.cpp, line 774]
Event: 0.185 Thread 0x00000240d6d78c80 Exception <a 'java/lang/NoSuchMethodError'{0x00000000c6909a00}: 'void java.lang.invoke.DirectMethodHandle$Holder.invokeSpecial(java.lang.Object, java.lang.Object, java.lang.Object)'> (0x00000000c6909a00) 
thrown [s\open\src\hotspot\share\interpreter\linkResolver.cpp, line 774]
Event: 0.192 Thread 0x00000240d6d78c80 Exception <a 'java/lang/NoSuchMethodError'{0x00000000c69342c8}: 'java.lang.Object java.lang.invoke.DirectMethodHandle$Holder.newInvokeSpecial(java.lang.Object, java.lang.Object, java.lang.Object, java.lang.Object, java.lang.Object)'> (0x00000000c69342c8) 
thrown [s\open\src\hotspot\share\interpreter\linkResolver.cpp, line 774]
Event: 0.198 Thread 0x00000240d6d78c80 Exception <a 'java/lang/NoSuchMethodError'{0x00000000c69659b0}: 'java.lang.Object java.lang.invoke.DirectMethodHandle$Holder.invokeStatic(java.lang.Object, int, java.lang.Object)'> (0x00000000c69659b0) 
thrown [s\open\src\hotspot\share\interpreter\linkResolver.cpp, line 774]

VM Operations (2 events):
Event: 0.069 Executing VM operation: HandshakeAllThreads
Event: 0.069 Executing VM operation: HandshakeAllThreads done

Events (15 events):
Event: 0.012 Thread 0x00000240d6d78c80 Thread added: 0x00000240d6d78c80
Event: 0.022 Thread 0x00000240f4d87c10 Thread added: 0x00000240f4d87c10
Event: 0.022 Thread 0x00000240f4d8abc0 Thread added: 0x00000240f4d8abc0
Event: 0.022 Thread 0x00000240f4d8fae0 Thread added: 0x00000240f4d8fae0
Event: 0.022 Thread 0x00000240f4d91250 Thread added: 0x00000240f4d91250
Event: 0.022 Thread 0x00000240f4d92690 Thread added: 0x00000240f4d92690
Event: 0.022 Thread 0x00000240f4d930b0 Thread added: 0x00000240f4d930b0
Event: 0.022 Thread 0x00000240f4d94b40 Thread added: 0x00000240f4d94b40
Event: 0.023 Thread 0x00000240f4d98540 Thread added: 0x00000240f4d98540
Event: 0.023 Thread 0x00000240f4d98fa0 Thread added: 0x00000240f4d98fa0
Event: 0.040 Thread 0x00000240d6e3c830 Thread added: 0x00000240d6e3c830
Event: 0.080 Thread 0x00000240f9130490 Thread added: 0x00000240f9130490
Event: 0.163 Thread 0x00000240f9296f10 Thread added: 0x00000240f9296f10
Event: 0.164 Thread 0x00000240f9297c60 Thread added: 0x00000240f9297c60
Event: 0.166 Thread 0x00000240f92981a0 Thread added: 0x00000240f92981a0


Dynamic libraries:
0x00007ff7222d0000 - 0x00007ff7222e0000 	C:\Program Files\Java\jdk-19\bin\java.exe
0x00007ffa08cf0000 - 0x00007ffa08ee8000 	C:\Windows\SYSTEM32\ntdll.dll
0x00007ffa085c0000 - 0x00007ffa0867f000 	C:\Windows\System32\KERNEL32.DLL
0x00007ffa06640000 - 0x00007ffa06912000 	C:\Windows\System32\KERNELBASE.dll
0x00007ffa06540000 - 0x00007ffa06640000 	C:\Windows\System32\ucrtbase.dll
0x00007ff9ea850000 - 0x00007ff9ea86b000 	C:\Program Files\Java\jdk-19\bin\VCRUNTIME140.dll
0x00007ff9dc6c0000 - 0x00007ff9dc6d8000 	C:\Program Files\Java\jdk-19\bin\jli.dll
0x00007ffa08910000 - 0x00007ffa089be000 	C:\Windows\System32\ADVAPI32.dll
0x00007ffa08520000 - 0x00007ffa085be000 	C:\Windows\System32\msvcrt.dll
0x00007ffa089c0000 - 0x00007ffa08a5c000 	C:\Windows\System32\sechost.dll
0x00007ffa08340000 - 0x00007ffa08465000 	C:\Windows\System32\RPCRT4.dll
0x00007ffa08b00000 - 0x00007ffa08ca1000 	C:\Windows\System32\USER32.dll
0x00007ff9f4e90000 - 0x00007ff9f512a000 	C:\Windows\WinSxS\amd64_microsoft.windows.common-controls_6595b64144ccf1df_6.0.19041.1110_none_60b5254171f9507e\COMCTL32.dll
0x00007ffa069b0000 - 0x00007ffa069d2000 	C:\Windows\System32\win32u.dll
0x00007ffa07ec0000 - 0x00007ffa07eeb000 	C:\Windows\System32\GDI32.dll
0x00007ffa06a30000 - 0x00007ffa06b3f000 	C:\Windows\System32\gdi32full.dll
0x00007ffa06b40000 - 0x00007ffa06bdd000 	C:\Windows\System32\msvcp_win.dll
0x00007ffa009f0000 - 0x00007ffa009fa000 	C:\Windows\SYSTEM32\VERSION.dll
0x00007ffa08470000 - 0x00007ffa084a2000 	C:\Windows\System32\IMM32.DLL
0x00007ff9f60c0000 - 0x00007ff9f60cc000 	C:\Program Files\Java\jdk-19\bin\vcruntime140_1.dll
0x00007ff9d8100000 - 0x00007ff9d818e000 	C:\Program Files\Java\jdk-19\bin\msvcp140.dll
0x00007ff9aa180000 - 0x00007ff9aae40000 	C:\Program Files\Java\jdk-19\bin\server\jvm.dll
0x00007ff9ef4c0000 - 0x00007ff9ef4e7000 	C:\Windows\SYSTEM32\WINMM.dll
0x00007ff9fd230000 - 0x00007ff9fd239000 	C:\Windows\SYSTEM32\WSOCK32.dll
0x00007ffa084b0000 - 0x00007ffa0851b000 	C:\Windows\System32\WS2_32.dll
0x00007ffa04c40000 - 0x00007ffa04c52000 	C:\Windows\SYSTEM32\kernel.appcore.dll
0x00007ff9f3e40000 - 0x00007ff9f3e4a000 	C:\Program Files\Java\jdk-19\bin\jimage.dll
0x00007ffa04150000 - 0x00007ffa04334000 	C:\Windows\SYSTEM32\DBGHELP.DLL
0x00007ff9feb40000 - 0x00007ff9feb75000 	C:\Windows\SYSTEM32\dbgcore.DLL
0x00007ffa06920000 - 0x00007ffa069a2000 	C:\Windows\System32\bcryptPrimitives.dll
0x00007ff9dbc00000 - 0x00007ff9dbc26000 	C:\Program Files\Java\jdk-19\bin\java.dll
0x00007ff9cf940000 - 0x00007ff9cfa17000 	C:\Program Files\Java\jdk-19\bin\jsvml.dll
0x00007ffa071f0000 - 0x00007ffa07934000 	C:\Windows\System32\SHELL32.dll
0x00007ffa04340000 - 0x00007ffa04ad2000 	C:\Windows\SYSTEM32\windows.storage.dll
0x00007ffa06e80000 - 0x00007ffa071d5000 	C:\Windows\System32\combase.dll
0x00007ffa05e40000 - 0x00007ffa05e70000 	C:\Windows\SYSTEM32\Wldp.dll
0x00007ffa08290000 - 0x00007ffa0833d000 	C:\Windows\System32\SHCORE.dll
0x00007ffa088b0000 - 0x00007ffa08905000 	C:\Windows\System32\shlwapi.dll
0x00007ffa06320000 - 0x00007ffa0633f000 	C:\Windows\SYSTEM32\profapi.dll
0x00007ff9e2280000 - 0x00007ff9e2293000 	C:\Program Files\Java\jdk-19\bin\net.dll
0x00007ff9febb0000 - 0x00007ff9fecbc000 	C:\Windows\SYSTEM32\WINHTTP.dll
0x00007ffa05ba0000 - 0x00007ffa05c0a000 	C:\Windows\system32\mswsock.dll
0x00007ff9db6c0000 - 0x00007ff9db6d6000 	C:\Program Files\Java\jdk-19\bin\nio.dll
0x00007ff9d8350000 - 0x00007ff9d8368000 	C:\Program Files\Java\jdk-19\bin\zip.dll
0x00007ff9bf470000 - 0x00007ff9bf601000 	C:\Program Files\Java\jdk-19\bin\awt.dll
0x00007ffa07ef0000 - 0x00007ffa07fbd000 	C:\Windows\System32\OLEAUT32.dll
0x00007ffa037f0000 - 0x00007ffa03881000 	C:\Windows\SYSTEM32\apphelp.dll
0x00007ffa039c0000 - 0x00007ffa03a5e000 	C:\Windows\system32\uxtheme.dll
0x00007ffa08170000 - 0x00007ffa08285000 	C:\Windows\System32\MSCTF.dll
0x00007ffa08690000 - 0x00007ffa087ba000 	C:\Windows\System32\ole32.dll

dbghelp: loaded successfully - version: 4.0.5 - missing functions: none
symbol engine: initialized successfully - sym options: 0x614 - pdb path: .;C:\Program Files\Java\jdk-19\bin;C:\Windows\SYSTEM32;C:\Windows\WinSxS\amd64_microsoft.windows.common-controls_6595b64144ccf1df_6.0.19041.1110_none_60b5254171f9507e;C:\Program Files\Java\jdk-19\bin\server

VM Arguments:
jvm_args: -Dfile.encoding=UTF-8 --module-path=C:\Users\ASUS\Documents\NetBeansProjects\JavaProject\build\classes 
java_command: home.Registration_form
java_class_path (initial): F:\Program Files\NetBeans-15\netbeans\java\modules\ext\AbsoluteLayout.jar;C:\Users\ASUS\Documents\NetBeansProjects\JavaProject\build\classes
Launcher Type: SUN_STANDARD

[Global flags]
     intx CICompilerCount                          = 4                                         {product} {ergonomic}
     uint ConcGCThreads                            = 2                                         {product} {ergonomic}
     uint G1ConcRefinementThreads                  = 8                                         {product} {ergonomic}
   size_t G1HeapRegionSize                         = 1048576                                   {product} {ergonomic}
    uintx GCDrainStackTargetSize                   = 64                                        {product} {ergonomic}
   size_t InitialHeapSize                          = 65011712                                  {product} {ergonomic}
   size_t MarkStackSize                            = 4194304                                   {product} {ergonomic}
   size_t MaxHeapSize                              = 1023410176                                {product} {ergonomic}
   size_t MaxNewSize                               = 613416960                                 {product} {ergonomic}
   size_t MinHeapDeltaBytes                        = 1048576                                   {product} {ergonomic}
   size_t MinHeapSize                              = 8388608                                   {product} {ergonomic}
    uintx NonNMethodCodeHeapSize                   = 5839372                                {pd product} {ergonomic}
    uintx NonProfiledCodeHeapSize                  = 122909434                              {pd product} {ergonomic}
    uintx ProfiledCodeHeapSize                     = 122909434                              {pd product} {ergonomic}
    uintx ReservedCodeCacheSize                    = 251658240                              {pd product} {ergonomic}
     bool SegmentedCodeCache                       = true                                      {product} {ergonomic}
   size_t SoftMaxHeapSize                          = 1023410176                             {manageable} {ergonomic}
     bool UseCompressedClassPointers               = true                           {product lp64_product} {ergonomic}
     bool UseCompressedOops                        = true                           {product lp64_product} {ergonomic}
     bool UseG1GC                                  = true                                      {product} {ergonomic}
     bool UseLargePagesIndividualAllocation        = false                                  {pd product} {ergonomic}

Logging:
Log output configuration:
 #0: stdout all=warning uptime,level,tags foldmultilines=false
 #1: stderr all=off uptime,level,tags foldmultilines=false

Environment Variables:
PATH=C:\Program Files\Common Files\Oracle\Java\javapath;C:\Windows\system32;C:\Windows;C:\Windows\System32\Wbem;C:\Windows\System32\WindowsPowerShell\v1.0\;C:\Windows\System32\OpenSSH\;C:\Program Files (x86)\NVIDIA Corporation\PhysX\Common;C:\LLVM\bin;C:\MinGW\bin;C:\Users\ASUS\AppData\Local\Microsoft\WindowsApps;;D:\Microsoft VS Code\bin
USERNAME=ASUS
OS=Windows_NT
PROCESSOR_IDENTIFIER=Intel64 Family 6 Model 126 Stepping 5, GenuineIntel
TMP=C:\Users\ASUS\AppData\Local\Temp
TEMP=C:\Users\ASUS\AppData\Local\Temp



---------------  S Y S T E M  ---------------

OS:
 Windows 10 , 64 bit Build 19041 (10.0.19041.2364)
OS uptime: 2 days 0:28 hours
Hyper-V role detected

CPU: total 8 (initial active 8) (4 cores per cpu, 2 threads per core) family 6 model 126 stepping 5 microcode 0xa0, cx8, cmov, fxsr, ht, mmx, 3dnowpref, sse, sse2, sse3, ssse3, sse4.1, sse4.2, popcnt, lzcnt, tsc, tscinvbit, avx, avx2, aes, erms, clmul, bmi1, bmi2, adx, avx512f, avx512dq, avx512cd, avx512bw, avx512vl, sha, fma, vzeroupper, avx512_vpopcntdq, avx512_vpclmulqdq, avx512_vaes, avx512_vnni, clflush, clflushopt, avx512_vbmi2, avx512_vbmi, hv, rdtscp, rdpid, fsrm, gfni, avx512_bitalg

Memory: 4k page, system-wide physical 3901M (364M free)
TotalPageFile size 5949M (AvailPageFile size 3M)
current process WorkingSet (physical memory assigned to process): 44M, peak: 44M
current process commit charge ("private bytes"): 147M, peak: 147M

vm_info: Java HotSpot(TM) 64-Bit Server VM (19.0.1+10-21) for windows-amd64 JRE (19.0.1+10-21), built on 2022-09-14T12:45:06Z by "mach5one" with MS VC++ 17.1 (VS2022)

END.
